{"/Users/andeladeveloper/Desktop/PostIt/server/tests/model-test.js":{"path":"/Users/andeladeveloper/Desktop/PostIt/server/tests/model-test.js","statementMap":{"0":{"start":{"line":3,"column":12},"end":{"line":3,"column":27}},"1":{"start":{"line":5,"column":13},"end":{"line":5,"column":42}},"2":{"start":{"line":7,"column":12},"end":{"line":7,"column":39}},"3":{"start":{"line":9,"column":13},"end":{"line":9,"column":42}},"4":{"start":{"line":11,"column":13},"end":{"line":11,"column":41}},"5":{"start":{"line":13,"column":14},"end":{"line":13,"column":44}},"6":{"start":{"line":15,"column":39},"end":{"line":15,"column":93}},"7":{"start":{"line":17,"column":13},"end":{"line":17,"column":36}},"8":{"start":{"line":19,"column":0},"end":{"line":77,"column":3}},"9":{"start":{"line":20,"column":2},"end":{"line":63,"column":5}},"10":{"start":{"line":21,"column":4},"end":{"line":45,"column":7}},"11":{"start":{"line":22,"column":6},"end":{"line":29,"column":9}},"12":{"start":{"line":23,"column":8},"end":{"line":28,"column":11}},"13":{"start":{"line":24,"column":10},"end":{"line":24,"column":36}},"14":{"start":{"line":25,"column":10},"end":{"line":25,"column":36}},"15":{"start":{"line":26,"column":10},"end":{"line":26,"column":47}},"16":{"start":{"line":27,"column":10},"end":{"line":27,"column":17}},"17":{"start":{"line":30,"column":6},"end":{"line":34,"column":9}},"18":{"start":{"line":31,"column":8},"end":{"line":33,"column":11}},"19":{"start":{"line":32,"column":10},"end":{"line":32,"column":36}},"20":{"start":{"line":35,"column":6},"end":{"line":39,"column":9}},"21":{"start":{"line":36,"column":8},"end":{"line":38,"column":11}},"22":{"start":{"line":37,"column":10},"end":{"line":37,"column":36}},"23":{"start":{"line":40,"column":6},"end":{"line":44,"column":9}},"24":{"start":{"line":41,"column":8},"end":{"line":43,"column":11}},"25":{"start":{"line":42,"column":10},"end":{"line":42,"column":36}},"26":{"start":{"line":47,"column":4},"end":{"line":62,"column":7}},"27":{"start":{"line":48,"column":6},"end":{"line":54,"column":9}},"28":{"start":{"line":49,"column":8},"end":{"line":53,"column":11}},"29":{"start":{"line":50,"column":10},"end":{"line":50,"column":36}},"30":{"start":{"line":51,"column":10},"end":{"line":51,"column":50}},"31":{"start":{"line":52,"column":10},"end":{"line":52,"column":17}},"32":{"start":{"line":55,"column":6},"end":{"line":61,"column":9}},"33":{"start":{"line":56,"column":8},"end":{"line":60,"column":11}},"34":{"start":{"line":57,"column":10},"end":{"line":57,"column":36}},"35":{"start":{"line":58,"column":10},"end":{"line":58,"column":36}},"36":{"start":{"line":59,"column":10},"end":{"line":59,"column":17}},"37":{"start":{"line":65,"column":2},"end":{"line":76,"column":5}},"38":{"start":{"line":66,"column":4},"end":{"line":75,"column":7}},"39":{"start":{"line":67,"column":6},"end":{"line":74,"column":9}},"40":{"start":{"line":68,"column":8},"end":{"line":73,"column":11}},"41":{"start":{"line":69,"column":10},"end":{"line":69,"column":37}},"42":{"start":{"line":70,"column":10},"end":{"line":70,"column":52}},"43":{"start":{"line":71,"column":10},"end":{"line":71,"column":57}},"44":{"start":{"line":72,"column":10},"end":{"line":72,"column":17}}},"fnMap":{"0":{"name":"_interopRequireDefault","decl":{"start":{"line":15,"column":9},"end":{"line":15,"column":31}},"loc":{"start":{"line":15,"column":37},"end":{"line":15,"column":95}},"line":15},"1":{"name":"(anonymous_1)","decl":{"start":{"line":19,"column":24},"end":{"line":19,"column":25}},"loc":{"start":{"line":19,"column":36},"end":{"line":77,"column":1}},"line":19},"2":{"name":"(anonymous_2)","decl":{"start":{"line":20,"column":26},"end":{"line":20,"column":27}},"loc":{"start":{"line":20,"column":38},"end":{"line":63,"column":3}},"line":20},"3":{"name":"(anonymous_3)","decl":{"start":{"line":21,"column":32},"end":{"line":21,"column":33}},"loc":{"start":{"line":21,"column":44},"end":{"line":45,"column":5}},"line":21},"4":{"name":"(anonymous_4)","decl":{"start":{"line":22,"column":53},"end":{"line":22,"column":54}},"loc":{"start":{"line":22,"column":69},"end":{"line":29,"column":7}},"line":22},"5":{"name":"(anonymous_5)","decl":{"start":{"line":23,"column":85},"end":{"line":23,"column":86}},"loc":{"start":{"line":23,"column":101},"end":{"line":28,"column":9}},"line":23},"6":{"name":"(anonymous_6)","decl":{"start":{"line":30,"column":75},"end":{"line":30,"column":76}},"loc":{"start":{"line":30,"column":87},"end":{"line":34,"column":7}},"line":30},"7":{"name":"(anonymous_7)","decl":{"start":{"line":31,"column":86},"end":{"line":31,"column":87}},"loc":{"start":{"line":31,"column":101},"end":{"line":33,"column":9}},"line":31},"8":{"name":"(anonymous_8)","decl":{"start":{"line":35,"column":78},"end":{"line":35,"column":79}},"loc":{"start":{"line":35,"column":90},"end":{"line":39,"column":7}},"line":35},"9":{"name":"(anonymous_9)","decl":{"start":{"line":36,"column":99},"end":{"line":36,"column":100}},"loc":{"start":{"line":36,"column":114},"end":{"line":38,"column":9}},"line":36},"10":{"name":"(anonymous_10)","decl":{"start":{"line":40,"column":78},"end":{"line":40,"column":79}},"loc":{"start":{"line":40,"column":90},"end":{"line":44,"column":7}},"line":40},"11":{"name":"(anonymous_11)","decl":{"start":{"line":41,"column":98},"end":{"line":41,"column":99}},"loc":{"start":{"line":41,"column":113},"end":{"line":43,"column":9}},"line":41},"12":{"name":"(anonymous_12)","decl":{"start":{"line":47,"column":31},"end":{"line":47,"column":32}},"loc":{"start":{"line":47,"column":43},"end":{"line":62,"column":5}},"line":47},"13":{"name":"(anonymous_13)","decl":{"start":{"line":48,"column":52},"end":{"line":48,"column":53}},"loc":{"start":{"line":48,"column":68},"end":{"line":54,"column":7}},"line":48},"14":{"name":"(anonymous_14)","decl":{"start":{"line":49,"column":43},"end":{"line":49,"column":44}},"loc":{"start":{"line":49,"column":59},"end":{"line":53,"column":9}},"line":49},"15":{"name":"(anonymous_15)","decl":{"start":{"line":55,"column":70},"end":{"line":55,"column":71}},"loc":{"start":{"line":55,"column":86},"end":{"line":61,"column":7}},"line":55},"16":{"name":"(anonymous_16)","decl":{"start":{"line":56,"column":43},"end":{"line":56,"column":44}},"loc":{"start":{"line":56,"column":59},"end":{"line":60,"column":9}},"line":56},"17":{"name":"(anonymous_17)","decl":{"start":{"line":65,"column":27},"end":{"line":65,"column":28}},"loc":{"start":{"line":65,"column":39},"end":{"line":76,"column":3}},"line":65},"18":{"name":"(anonymous_18)","decl":{"start":{"line":66,"column":33},"end":{"line":66,"column":34}},"loc":{"start":{"line":66,"column":45},"end":{"line":75,"column":5}},"line":66},"19":{"name":"(anonymous_19)","decl":{"start":{"line":67,"column":61},"end":{"line":67,"column":62}},"loc":{"start":{"line":67,"column":77},"end":{"line":74,"column":7}},"line":67},"20":{"name":"(anonymous_20)","decl":{"start":{"line":68,"column":77},"end":{"line":68,"column":78}},"loc":{"start":{"line":68,"column":94},"end":{"line":73,"column":9}},"line":68}},"branchMap":{"0":{"loc":{"start":{"line":15,"column":46},"end":{"line":15,"column":92}},"type":"cond-expr","locations":[{"start":{"line":15,"column":70},"end":{"line":15,"column":73}},{"start":{"line":15,"column":76},"end":{"line":15,"column":92}}],"line":15},"1":{"loc":{"start":{"line":15,"column":46},"end":{"line":15,"column":67}},"type":"binary-expr","locations":[{"start":{"line":15,"column":46},"end":{"line":15,"column":49}},{"start":{"line":15,"column":53},"end":{"line":15,"column":67}}],"line":15}},"s":{"0":1,"1":1,"2":1,"3":1,"4":1,"5":1,"6":3,"7":1,"8":1,"9":1,"10":1,"11":1,"12":1,"13":1,"14":1,"15":1,"16":1,"17":1,"18":1,"19":1,"20":1,"21":1,"22":1,"23":1,"24":1,"25":1,"26":1,"27":1,"28":1,"29":1,"30":1,"31":1,"32":1,"33":1,"34":1,"35":1,"36":1,"37":1,"38":1,"39":1,"40":1,"41":1,"42":1,"43":1,"44":1},"f":{"0":3,"1":1,"2":1,"3":1,"4":1,"5":1,"6":1,"7":1,"8":1,"9":1,"10":1,"11":1,"12":1,"13":1,"14":1,"15":1,"16":1,"17":1,"18":1,"19":1,"20":1},"b":{"0":[2,1],"1":[3,3]},"_coverageSchema":"332fd63041d2c1bcb487cc26dd0d5f7d97098a6c","hash":"ded41e4503fcdedcddb82880d9a88b6cc38084fd","contentHash":"2fbfa59b35649890854232573b33a7e7_11.1.0"},"/Users/andeladeveloper/Desktop/PostIt/server/services/user.js":{"path":"/Users/andeladeveloper/Desktop/PostIt/server/services/user.js","statementMap":{"0":{"start":{"line":3,"column":0},"end":{"line":5,"column":3}},"1":{"start":{"line":7,"column":19},"end":{"line":7,"column":563}},"2":{"start":{"line":7,"column":76},"end":{"line":7,"column":347}},"3":{"start":{"line":7,"column":134},"end":{"line":7,"column":142}},"4":{"start":{"line":7,"column":144},"end":{"line":7,"column":199}},"5":{"start":{"line":7,"column":200},"end":{"line":7,"column":231}},"6":{"start":{"line":7,"column":232},"end":{"line":7,"column":286}},"7":{"start":{"line":7,"column":259},"end":{"line":7,"column":286}},"8":{"start":{"line":7,"column":287},"end":{"line":7,"column":345}},"9":{"start":{"line":7,"column":350},"end":{"line":7,"column":559}},"10":{"start":{"line":7,"column":407},"end":{"line":7,"column":475}},"11":{"start":{"line":7,"column":423},"end":{"line":7,"column":475}},"12":{"start":{"line":7,"column":476},"end":{"line":7,"column":536}},"13":{"start":{"line":7,"column":493},"end":{"line":7,"column":536}},"14":{"start":{"line":7,"column":537},"end":{"line":7,"column":556}},"15":{"start":{"line":9,"column":17},"end":{"line":9,"column":37}},"16":{"start":{"line":11,"column":18},"end":{"line":11,"column":52}},"17":{"start":{"line":13,"column":14},"end":{"line":13,"column":34}},"18":{"start":{"line":15,"column":15},"end":{"line":15,"column":46}},"19":{"start":{"line":17,"column":39},"end":{"line":17,"column":93}},"20":{"start":{"line":19,"column":50},"end":{"line":19,"column":151}},"21":{"start":{"line":19,"column":92},"end":{"line":19,"column":149}},"22":{"start":{"line":21,"column":22},"end":{"line":21,"column":57}},"23":{"start":{"line":22,"column":11},"end":{"line":22,"column":32}},"24":{"start":{"line":28,"column":16},"end":{"line":161,"column":3}},"25":{"start":{"line":30,"column":4},"end":{"line":30,"column":37}},"26":{"start":{"line":33,"column":2},"end":{"line":158,"column":6}},"27":{"start":{"line":45,"column":6},"end":{"line":66,"column":9}},"28":{"start":{"line":55,"column":8},"end":{"line":55,"column":19}},"29":{"start":{"line":57,"column":8},"end":{"line":65,"column":9}},"30":{"start":{"line":58,"column":10},"end":{"line":62,"column":11}},"31":{"start":{"line":59,"column":12},"end":{"line":59,"column":59}},"32":{"start":{"line":61,"column":12},"end":{"line":61,"column":40}},"33":{"start":{"line":64,"column":10},"end":{"line":64,"column":29}},"34":{"start":{"line":79,"column":6},"end":{"line":83,"column":9}},"35":{"start":{"line":80,"column":8},"end":{"line":80,"column":19}},"36":{"start":{"line":82,"column":8},"end":{"line":82,"column":27}},"37":{"start":{"line":96,"column":6},"end":{"line":98,"column":9}},"38":{"start":{"line":97,"column":8},"end":{"line":97,"column":20}},"39":{"start":{"line":111,"column":6},"end":{"line":121,"column":9}},"40":{"start":{"line":118,"column":8},"end":{"line":118,"column":19}},"41":{"start":{"line":120,"column":8},"end":{"line":120,"column":27}},"42":{"start":{"line":134,"column":16},"end":{"line":134,"column":18}},"43":{"start":{"line":135,"column":6},"end":{"line":137,"column":9}},"44":{"start":{"line":136,"column":8},"end":{"line":136,"column":30}},"45":{"start":{"line":138,"column":6},"end":{"line":144,"column":9}},"46":{"start":{"line":141,"column":8},"end":{"line":141,"column":19}},"47":{"start":{"line":143,"column":8},"end":{"line":143,"column":27}},"48":{"start":{"line":156,"column":6},"end":{"line":156,"column":54}},"49":{"start":{"line":160,"column":2},"end":{"line":160,"column":19}},"50":{"start":{"line":163,"column":0},"end":{"line":163,"column":28}}},"fnMap":{"0":{"name":"(anonymous_0)","decl":{"start":{"line":7,"column":19},"end":{"line":7,"column":20}},"loc":{"start":{"line":7,"column":31},"end":{"line":7,"column":561}},"line":7},"1":{"name":"defineProperties","decl":{"start":{"line":7,"column":42},"end":{"line":7,"column":58}},"loc":{"start":{"line":7,"column":74},"end":{"line":7,"column":349}},"line":7},"2":{"name":"(anonymous_2)","decl":{"start":{"line":7,"column":357},"end":{"line":7,"column":358}},"loc":{"start":{"line":7,"column":405},"end":{"line":7,"column":558}},"line":7},"3":{"name":"_interopRequireDefault","decl":{"start":{"line":17,"column":9},"end":{"line":17,"column":31}},"loc":{"start":{"line":17,"column":37},"end":{"line":17,"column":95}},"line":17},"4":{"name":"_classCallCheck","decl":{"start":{"line":19,"column":9},"end":{"line":19,"column":24}},"loc":{"start":{"line":19,"column":48},"end":{"line":19,"column":153}},"line":19},"5":{"name":"(anonymous_5)","decl":{"start":{"line":28,"column":16},"end":{"line":28,"column":17}},"loc":{"start":{"line":28,"column":28},"end":{"line":161,"column":1}},"line":28},"6":{"name":"UserClass","decl":{"start":{"line":29,"column":11},"end":{"line":29,"column":20}},"loc":{"start":{"line":29,"column":23},"end":{"line":31,"column":3}},"line":29},"7":{"name":"saveUser","decl":{"start":{"line":44,"column":20},"end":{"line":44,"column":28}},"loc":{"start":{"line":44,"column":75},"end":{"line":67,"column":5}},"line":44},"8":{"name":"(anonymous_8)","decl":{"start":{"line":54,"column":14},"end":{"line":54,"column":15}},"loc":{"start":{"line":54,"column":30},"end":{"line":56,"column":7}},"line":54},"9":{"name":"(anonymous_9)","decl":{"start":{"line":56,"column":15},"end":{"line":56,"column":16}},"loc":{"start":{"line":56,"column":30},"end":{"line":66,"column":7}},"line":56},"10":{"name":"getUser","decl":{"start":{"line":78,"column":20},"end":{"line":78,"column":27}},"loc":{"start":{"line":78,"column":44},"end":{"line":84,"column":5}},"line":78},"11":{"name":"(anonymous_11)","decl":{"start":{"line":79,"column":59},"end":{"line":79,"column":60}},"loc":{"start":{"line":79,"column":75},"end":{"line":81,"column":7}},"line":79},"12":{"name":"(anonymous_12)","decl":{"start":{"line":81,"column":15},"end":{"line":81,"column":16}},"loc":{"start":{"line":81,"column":30},"end":{"line":83,"column":7}},"line":81},"13":{"name":"getUserById","decl":{"start":{"line":95,"column":20},"end":{"line":95,"column":31}},"loc":{"start":{"line":95,"column":46},"end":{"line":99,"column":5}},"line":95},"14":{"name":"(anonymous_14)","decl":{"start":{"line":96,"column":51},"end":{"line":96,"column":52}},"loc":{"start":{"line":96,"column":68},"end":{"line":98,"column":7}},"line":96},"15":{"name":"getAllUsers","decl":{"start":{"line":110,"column":20},"end":{"line":110,"column":31}},"loc":{"start":{"line":110,"column":49},"end":{"line":122,"column":5}},"line":110},"16":{"name":"(anonymous_16)","decl":{"start":{"line":117,"column":14},"end":{"line":117,"column":15}},"loc":{"start":{"line":117,"column":30},"end":{"line":119,"column":7}},"line":117},"17":{"name":"(anonymous_17)","decl":{"start":{"line":119,"column":15},"end":{"line":119,"column":16}},"loc":{"start":{"line":119,"column":30},"end":{"line":121,"column":7}},"line":119},"18":{"name":"getGroupUsers","decl":{"start":{"line":133,"column":20},"end":{"line":133,"column":33}},"loc":{"start":{"line":133,"column":49},"end":{"line":145,"column":5}},"line":133},"19":{"name":"(anonymous_19)","decl":{"start":{"line":135,"column":22},"end":{"line":135,"column":23}},"loc":{"start":{"line":135,"column":38},"end":{"line":137,"column":7}},"line":135},"20":{"name":"(anonymous_20)","decl":{"start":{"line":140,"column":14},"end":{"line":140,"column":15}},"loc":{"start":{"line":140,"column":30},"end":{"line":142,"column":7}},"line":140},"21":{"name":"(anonymous_21)","decl":{"start":{"line":142,"column":15},"end":{"line":142,"column":16}},"loc":{"start":{"line":142,"column":30},"end":{"line":144,"column":7}},"line":142},"22":{"name":"deleteUser","decl":{"start":{"line":155,"column":20},"end":{"line":155,"column":30}},"loc":{"start":{"line":155,"column":41},"end":{"line":157,"column":5}},"line":155}},"branchMap":{"0":{"loc":{"start":{"line":7,"column":168},"end":{"line":7,"column":198}},"type":"binary-expr","locations":[{"start":{"line":7,"column":168},"end":{"line":7,"column":189}},{"start":{"line":7,"column":193},"end":{"line":7,"column":198}}],"line":7},"1":{"loc":{"start":{"line":7,"column":232},"end":{"line":7,"column":286}},"type":"if","locations":[{"start":{"line":7,"column":232},"end":{"line":7,"column":286}},{"start":{"line":7,"column":232},"end":{"line":7,"column":286}}],"line":7},"2":{"loc":{"start":{"line":7,"column":407},"end":{"line":7,"column":475}},"type":"if","locations":[{"start":{"line":7,"column":407},"end":{"line":7,"column":475}},{"start":{"line":7,"column":407},"end":{"line":7,"column":475}}],"line":7},"3":{"loc":{"start":{"line":7,"column":476},"end":{"line":7,"column":536}},"type":"if","locations":[{"start":{"line":7,"column":476},"end":{"line":7,"column":536}},{"start":{"line":7,"column":476},"end":{"line":7,"column":536}}],"line":7},"4":{"loc":{"start":{"line":17,"column":46},"end":{"line":17,"column":92}},"type":"cond-expr","locations":[{"start":{"line":17,"column":70},"end":{"line":17,"column":73}},{"start":{"line":17,"column":76},"end":{"line":17,"column":92}}],"line":17},"5":{"loc":{"start":{"line":17,"column":46},"end":{"line":17,"column":67}},"type":"binary-expr","locations":[{"start":{"line":17,"column":46},"end":{"line":17,"column":49}},{"start":{"line":17,"column":53},"end":{"line":17,"column":67}}],"line":17},"6":{"loc":{"start":{"line":19,"column":50},"end":{"line":19,"column":151}},"type":"if","locations":[{"start":{"line":19,"column":50},"end":{"line":19,"column":151}},{"start":{"line":19,"column":50},"end":{"line":19,"column":151}}],"line":19},"7":{"loc":{"start":{"line":57,"column":8},"end":{"line":65,"column":9}},"type":"if","locations":[{"start":{"line":57,"column":8},"end":{"line":65,"column":9}},{"start":{"line":57,"column":8},"end":{"line":65,"column":9}}],"line":57},"8":{"loc":{"start":{"line":58,"column":10},"end":{"line":62,"column":11}},"type":"if","locations":[{"start":{"line":58,"column":10},"end":{"line":62,"column":11}},{"start":{"line":58,"column":10},"end":{"line":62,"column":11}}],"line":58}},"s":{"0":1,"1":1,"2":1,"3":6,"4":6,"5":6,"6":6,"7":6,"8":6,"9":1,"10":1,"11":0,"12":1,"13":1,"14":1,"15":1,"16":1,"17":1,"18":1,"19":2,"20":0,"21":0,"22":1,"23":1,"24":1,"25":0,"26":1,"27":11,"28":2,"29":9,"30":9,"31":2,"32":7,"33":0,"34":4,"35":4,"36":0,"37":0,"38":0,"39":0,"40":0,"41":0,"42":0,"43":0,"44":0,"45":0,"46":0,"47":0,"48":0,"49":1,"50":1},"f":{"0":1,"1":1,"2":1,"3":2,"4":0,"5":1,"6":0,"7":11,"8":2,"9":9,"10":4,"11":4,"12":0,"13":0,"14":0,"15":0,"16":0,"17":0,"18":0,"19":0,"20":0,"21":0,"22":0},"b":{"0":[6,6],"1":[6,0],"2":[0,1],"3":[1,0],"4":[0,2],"5":[2,2],"6":[0,0],"7":[9,0],"8":[2,7]},"_coverageSchema":"332fd63041d2c1bcb487cc26dd0d5f7d97098a6c","hash":"e5eec3080d49a53014be4967d757d552b49ba49e","contentHash":"35eedd0f13399302318a756e37ad08db_11.1.0"},"/Users/andeladeveloper/Desktop/PostIt/server/models/index.js":{"path":"/Users/andeladeveloper/Desktop/PostIt/server/models/index.js","statementMap":{"0":{"start":{"line":3,"column":9},"end":{"line":3,"column":22}},"1":{"start":{"line":4,"column":11},"end":{"line":4,"column":26}},"2":{"start":{"line":5,"column":16},"end":{"line":5,"column":36}},"3":{"start":{"line":6,"column":15},"end":{"line":6,"column":45}},"4":{"start":{"line":7,"column":10},"end":{"line":7,"column":47}},"5":{"start":{"line":8,"column":13},"end":{"line":8,"column":61}},"6":{"start":{"line":9,"column":9},"end":{"line":9,"column":11}},"7":{"start":{"line":11,"column":16},"end":{"line":11,"column":22}},"8":{"start":{"line":12,"column":0},"end":{"line":16,"column":1}},"9":{"start":{"line":13,"column":2},"end":{"line":13,"column":66}},"10":{"start":{"line":15,"column":2},"end":{"line":15,"column":87}},"11":{"start":{"line":18,"column":0},"end":{"line":23,"column":3}},"12":{"start":{"line":19,"column":2},"end":{"line":19,"column":82}},"13":{"start":{"line":21,"column":14},"end":{"line":21,"column":58}},"14":{"start":{"line":22,"column":2},"end":{"line":22,"column":25}},"15":{"start":{"line":25,"column":0},"end":{"line":29,"column":3}},"16":{"start":{"line":26,"column":2},"end":{"line":28,"column":3}},"17":{"start":{"line":27,"column":4},"end":{"line":27,"column":32}},"18":{"start":{"line":31,"column":0},"end":{"line":31,"column":25}},"19":{"start":{"line":32,"column":0},"end":{"line":32,"column":25}},"20":{"start":{"line":34,"column":0},"end":{"line":34,"column":20}}},"fnMap":{"0":{"name":"(anonymous_0)","decl":{"start":{"line":18,"column":33},"end":{"line":18,"column":34}},"loc":{"start":{"line":18,"column":49},"end":{"line":20,"column":1}},"line":18},"1":{"name":"(anonymous_1)","decl":{"start":{"line":20,"column":11},"end":{"line":20,"column":12}},"loc":{"start":{"line":20,"column":27},"end":{"line":23,"column":1}},"line":20},"2":{"name":"(anonymous_2)","decl":{"start":{"line":25,"column":24},"end":{"line":25,"column":25}},"loc":{"start":{"line":25,"column":45},"end":{"line":29,"column":1}},"line":25}},"branchMap":{"0":{"loc":{"start":{"line":7,"column":10},"end":{"line":7,"column":47}},"type":"binary-expr","locations":[{"start":{"line":7,"column":10},"end":{"line":7,"column":30}},{"start":{"line":7,"column":34},"end":{"line":7,"column":47}}],"line":7},"1":{"loc":{"start":{"line":12,"column":0},"end":{"line":16,"column":1}},"type":"if","locations":[{"start":{"line":12,"column":0},"end":{"line":16,"column":1}},{"start":{"line":12,"column":0},"end":{"line":16,"column":1}}],"line":12},"2":{"loc":{"start":{"line":19,"column":9},"end":{"line":19,"column":81}},"type":"binary-expr","locations":[{"start":{"line":19,"column":9},"end":{"line":19,"column":32}},{"start":{"line":19,"column":36},"end":{"line":19,"column":53}},{"start":{"line":19,"column":57},"end":{"line":19,"column":81}}],"line":19},"3":{"loc":{"start":{"line":26,"column":2},"end":{"line":28,"column":3}},"type":"if","locations":[{"start":{"line":26,"column":2},"end":{"line":28,"column":3}},{"start":{"line":26,"column":2},"end":{"line":28,"column":3}}],"line":26}},"s":{"0":1,"1":1,"2":1,"3":1,"4":1,"5":1,"6":1,"7":1,"8":1,"9":0,"10":1,"11":1,"12":5,"13":4,"14":4,"15":1,"16":4,"17":2,"18":1,"19":1,"20":1},"f":{"0":5,"1":4,"2":4},"b":{"0":[1,1],"1":[0,1],"2":[5,5,4],"3":[2,2]},"_coverageSchema":"332fd63041d2c1bcb487cc26dd0d5f7d97098a6c","hash":"5db7802e5b36ae7c75dd3c522e2d97f66b6d9f00","contentHash":"9542ef2f92d205f21a930118da11b9e6_11.1.0"},"/Users/andeladeveloper/Desktop/PostIt/server/config/config.js":{"path":"/Users/andeladeveloper/Desktop/PostIt/server/config/config.js","statementMap":{"0":{"start":{"line":3,"column":13},"end":{"line":3,"column":30}},"1":{"start":{"line":5,"column":0},"end":{"line":5,"column":16}},"2":{"start":{"line":7,"column":0},"end":{"line":24,"column":2}}},"fnMap":{},"branchMap":{},"s":{"0":1,"1":1,"2":1},"f":{},"b":{},"_coverageSchema":"332fd63041d2c1bcb487cc26dd0d5f7d97098a6c","hash":"db2958364b4be7df5fad5273a3a2e400fca32233","contentHash":"7361284e1aed55b0527499f2653a5220_11.1.0"},"/Users/andeladeveloper/Desktop/PostIt/server/models/group.js":{"path":"/Users/andeladeveloper/Desktop/PostIt/server/models/group.js","statementMap":{"0":{"start":{"line":3,"column":0},"end":{"line":24,"column":2}},"1":{"start":{"line":4,"column":14},"end":{"line":16,"column":4}},"2":{"start":{"line":17,"column":2},"end":{"line":22,"column":4}},"3":{"start":{"line":18,"column":4},"end":{"line":21,"column":7}},"4":{"start":{"line":23,"column":2},"end":{"line":23,"column":15}}},"fnMap":{"0":{"name":"(anonymous_0)","decl":{"start":{"line":3,"column":17},"end":{"line":3,"column":18}},"loc":{"start":{"line":3,"column":49},"end":{"line":24,"column":1}},"line":3},"1":{"name":"(anonymous_1)","decl":{"start":{"line":17,"column":20},"end":{"line":17,"column":21}},"loc":{"start":{"line":17,"column":38},"end":{"line":22,"column":3}},"line":17}},"branchMap":{},"s":{"0":1,"1":1,"2":1,"3":1,"4":1},"f":{"0":1,"1":1},"b":{},"_coverageSchema":"332fd63041d2c1bcb487cc26dd0d5f7d97098a6c","hash":"606b4ce462206c7dc0ff2a0a7637c2819c5bb094","contentHash":"f110ce41eb11c46ad2f9e5f9b973ecb7_11.1.0"},"/Users/andeladeveloper/Desktop/PostIt/server/models/groupuser.js":{"path":"/Users/andeladeveloper/Desktop/PostIt/server/models/groupuser.js","statementMap":{"0":{"start":{"line":3,"column":0},"end":{"line":9,"column":2}},"1":{"start":{"line":4,"column":18},"end":{"line":7,"column":4}},"2":{"start":{"line":8,"column":2},"end":{"line":8,"column":19}}},"fnMap":{"0":{"name":"(anonymous_0)","decl":{"start":{"line":3,"column":17},"end":{"line":3,"column":18}},"loc":{"start":{"line":3,"column":49},"end":{"line":9,"column":1}},"line":3}},"branchMap":{},"s":{"0":1,"1":1,"2":1},"f":{"0":1},"b":{},"_coverageSchema":"332fd63041d2c1bcb487cc26dd0d5f7d97098a6c","hash":"a024a8026e23e77423b41ec623f14c190b7ebd3e","contentHash":"755da20a68d8ce8b8564352895b76e1b_11.1.0"},"/Users/andeladeveloper/Desktop/PostIt/server/models/message.js":{"path":"/Users/andeladeveloper/Desktop/PostIt/server/models/message.js","statementMap":{"0":{"start":{"line":3,"column":0},"end":{"line":31,"column":2}},"1":{"start":{"line":4,"column":16},"end":{"line":20,"column":4}},"2":{"start":{"line":21,"column":2},"end":{"line":29,"column":4}},"3":{"start":{"line":22,"column":4},"end":{"line":25,"column":7}},"4":{"start":{"line":26,"column":4},"end":{"line":28,"column":7}},"5":{"start":{"line":30,"column":2},"end":{"line":30,"column":17}}},"fnMap":{"0":{"name":"(anonymous_0)","decl":{"start":{"line":3,"column":17},"end":{"line":3,"column":18}},"loc":{"start":{"line":3,"column":49},"end":{"line":31,"column":1}},"line":3},"1":{"name":"(anonymous_1)","decl":{"start":{"line":21,"column":22},"end":{"line":21,"column":23}},"loc":{"start":{"line":21,"column":40},"end":{"line":29,"column":3}},"line":21}},"branchMap":{},"s":{"0":1,"1":1,"2":1,"3":1,"4":1,"5":1},"f":{"0":1,"1":1},"b":{},"_coverageSchema":"332fd63041d2c1bcb487cc26dd0d5f7d97098a6c","hash":"c39bf3ad2cdfc4bea477e582b13d5be618759290","contentHash":"133baea12bbc933fb9fca1685cb235c1_11.1.0"},"/Users/andeladeveloper/Desktop/PostIt/server/models/user.js":{"path":"/Users/andeladeveloper/Desktop/PostIt/server/models/user.js","statementMap":{"0":{"start":{"line":3,"column":0},"end":{"line":53,"column":2}},"1":{"start":{"line":4,"column":13},"end":{"line":51,"column":4}},"2":{"start":{"line":45,"column":8},"end":{"line":48,"column":11}},"3":{"start":{"line":52,"column":2},"end":{"line":52,"column":14}}},"fnMap":{"0":{"name":"(anonymous_0)","decl":{"start":{"line":3,"column":17},"end":{"line":3,"column":18}},"loc":{"start":{"line":3,"column":49},"end":{"line":53,"column":1}},"line":3},"1":{"name":"associate","decl":{"start":{"line":44,"column":26},"end":{"line":44,"column":35}},"loc":{"start":{"line":44,"column":44},"end":{"line":49,"column":7}},"line":44}},"branchMap":{},"s":{"0":1,"1":1,"2":0,"3":1},"f":{"0":1,"1":0},"b":{},"_coverageSchema":"332fd63041d2c1bcb487cc26dd0d5f7d97098a6c","hash":"5aebf56b79edf51dd1005c5784cbea385a803b82","contentHash":"5a57edbec37eddee3b7533c9870e9496_11.1.0"},"/Users/andeladeveloper/Desktop/PostIt/server/services/group.js":{"path":"/Users/andeladeveloper/Desktop/PostIt/server/services/group.js","statementMap":{"0":{"start":{"line":3,"column":0},"end":{"line":5,"column":3}},"1":{"start":{"line":7,"column":19},"end":{"line":7,"column":563}},"2":{"start":{"line":7,"column":76},"end":{"line":7,"column":347}},"3":{"start":{"line":7,"column":134},"end":{"line":7,"column":142}},"4":{"start":{"line":7,"column":144},"end":{"line":7,"column":199}},"5":{"start":{"line":7,"column":200},"end":{"line":7,"column":231}},"6":{"start":{"line":7,"column":232},"end":{"line":7,"column":286}},"7":{"start":{"line":7,"column":259},"end":{"line":7,"column":286}},"8":{"start":{"line":7,"column":287},"end":{"line":7,"column":345}},"9":{"start":{"line":7,"column":350},"end":{"line":7,"column":559}},"10":{"start":{"line":7,"column":407},"end":{"line":7,"column":475}},"11":{"start":{"line":7,"column":423},"end":{"line":7,"column":475}},"12":{"start":{"line":7,"column":476},"end":{"line":7,"column":536}},"13":{"start":{"line":7,"column":493},"end":{"line":7,"column":536}},"14":{"start":{"line":7,"column":537},"end":{"line":7,"column":556}},"15":{"start":{"line":9,"column":14},"end":{"line":9,"column":34}},"16":{"start":{"line":11,"column":15},"end":{"line":11,"column":46}},"17":{"start":{"line":13,"column":39},"end":{"line":13,"column":93}},"18":{"start":{"line":15,"column":50},"end":{"line":15,"column":151}},"19":{"start":{"line":15,"column":92},"end":{"line":15,"column":149}},"20":{"start":{"line":17,"column":12},"end":{"line":17,"column":34}},"21":{"start":{"line":18,"column":14},"end":{"line":18,"column":38}},"22":{"start":{"line":25,"column":17},"end":{"line":149,"column":3}},"23":{"start":{"line":27,"column":4},"end":{"line":27,"column":38}},"24":{"start":{"line":30,"column":2},"end":{"line":146,"column":6}},"25":{"start":{"line":42,"column":6},"end":{"line":54,"column":9}},"26":{"start":{"line":51,"column":8},"end":{"line":51,"column":20}},"27":{"start":{"line":53,"column":8},"end":{"line":53,"column":27}},"28":{"start":{"line":67,"column":6},"end":{"line":69,"column":9}},"29":{"start":{"line":68,"column":8},"end":{"line":68,"column":20}},"30":{"start":{"line":82,"column":6},"end":{"line":92,"column":9}},"31":{"start":{"line":89,"column":8},"end":{"line":89,"column":19}},"32":{"start":{"line":91,"column":8},"end":{"line":91,"column":27}},"33":{"start":{"line":107,"column":18},"end":{"line":107,"column":92}},"34":{"start":{"line":108,"column":19},"end":{"line":108,"column":88}},"35":{"start":{"line":109,"column":17},"end":{"line":109,"column":29}},"36":{"start":{"line":111,"column":16},"end":{"line":111,"column":18}},"37":{"start":{"line":112,"column":6},"end":{"line":114,"column":9}},"38":{"start":{"line":113,"column":8},"end":{"line":113,"column":32}},"39":{"start":{"line":115,"column":6},"end":{"line":124,"column":9}},"40":{"start":{"line":121,"column":8},"end":{"line":121,"column":19}},"41":{"start":{"line":123,"column":8},"end":{"line":123,"column":27}},"42":{"start":{"line":136,"column":6},"end":{"line":144,"column":9}},"43":{"start":{"line":141,"column":8},"end":{"line":141,"column":20}},"44":{"start":{"line":143,"column":8},"end":{"line":143,"column":27}},"45":{"start":{"line":148,"column":2},"end":{"line":148,"column":20}},"46":{"start":{"line":151,"column":0},"end":{"line":151,"column":29}}},"fnMap":{"0":{"name":"(anonymous_0)","decl":{"start":{"line":7,"column":19},"end":{"line":7,"column":20}},"loc":{"start":{"line":7,"column":31},"end":{"line":7,"column":561}},"line":7},"1":{"name":"defineProperties","decl":{"start":{"line":7,"column":42},"end":{"line":7,"column":58}},"loc":{"start":{"line":7,"column":74},"end":{"line":7,"column":349}},"line":7},"2":{"name":"(anonymous_2)","decl":{"start":{"line":7,"column":357},"end":{"line":7,"column":358}},"loc":{"start":{"line":7,"column":405},"end":{"line":7,"column":558}},"line":7},"3":{"name":"_interopRequireDefault","decl":{"start":{"line":13,"column":9},"end":{"line":13,"column":31}},"loc":{"start":{"line":13,"column":37},"end":{"line":13,"column":95}},"line":13},"4":{"name":"_classCallCheck","decl":{"start":{"line":15,"column":9},"end":{"line":15,"column":24}},"loc":{"start":{"line":15,"column":48},"end":{"line":15,"column":153}},"line":15},"5":{"name":"(anonymous_5)","decl":{"start":{"line":25,"column":17},"end":{"line":25,"column":18}},"loc":{"start":{"line":25,"column":29},"end":{"line":149,"column":1}},"line":25},"6":{"name":"GroupClass","decl":{"start":{"line":26,"column":11},"end":{"line":26,"column":21}},"loc":{"start":{"line":26,"column":24},"end":{"line":28,"column":3}},"line":26},"7":{"name":"saveGroup","decl":{"start":{"line":41,"column":20},"end":{"line":41,"column":29}},"loc":{"start":{"line":41,"column":71},"end":{"line":55,"column":5}},"line":41},"8":{"name":"(anonymous_8)","decl":{"start":{"line":50,"column":14},"end":{"line":50,"column":15}},"loc":{"start":{"line":50,"column":31},"end":{"line":52,"column":7}},"line":50},"9":{"name":"(anonymous_9)","decl":{"start":{"line":52,"column":15},"end":{"line":52,"column":16}},"loc":{"start":{"line":52,"column":30},"end":{"line":54,"column":7}},"line":52},"10":{"name":"getGroupById","decl":{"start":{"line":66,"column":20},"end":{"line":66,"column":32}},"loc":{"start":{"line":66,"column":48},"end":{"line":70,"column":5}},"line":66},"11":{"name":"(anonymous_11)","decl":{"start":{"line":67,"column":53},"end":{"line":67,"column":54}},"loc":{"start":{"line":67,"column":70},"end":{"line":69,"column":7}},"line":67},"12":{"name":"getGroupMessages","decl":{"start":{"line":81,"column":20},"end":{"line":81,"column":36}},"loc":{"start":{"line":81,"column":52},"end":{"line":93,"column":5}},"line":81},"13":{"name":"(anonymous_13)","decl":{"start":{"line":88,"column":14},"end":{"line":88,"column":15}},"loc":{"start":{"line":88,"column":30},"end":{"line":90,"column":7}},"line":88},"14":{"name":"(anonymous_14)","decl":{"start":{"line":90,"column":15},"end":{"line":90,"column":16}},"loc":{"start":{"line":90,"column":30},"end":{"line":92,"column":7}},"line":90},"15":{"name":"getUserGroups","decl":{"start":{"line":106,"column":20},"end":{"line":106,"column":33}},"loc":{"start":{"line":106,"column":44},"end":{"line":125,"column":5}},"line":106},"16":{"name":"(anonymous_16)","decl":{"start":{"line":112,"column":23},"end":{"line":112,"column":24}},"loc":{"start":{"line":112,"column":40},"end":{"line":114,"column":7}},"line":112},"17":{"name":"(anonymous_17)","decl":{"start":{"line":120,"column":14},"end":{"line":120,"column":15}},"loc":{"start":{"line":120,"column":30},"end":{"line":122,"column":7}},"line":120},"18":{"name":"(anonymous_18)","decl":{"start":{"line":122,"column":15},"end":{"line":122,"column":16}},"loc":{"start":{"line":122,"column":30},"end":{"line":124,"column":7}},"line":122},"19":{"name":"deleteGroup","decl":{"start":{"line":135,"column":20},"end":{"line":135,"column":31}},"loc":{"start":{"line":135,"column":47},"end":{"line":145,"column":5}},"line":135},"20":{"name":"(anonymous_20)","decl":{"start":{"line":140,"column":14},"end":{"line":140,"column":15}},"loc":{"start":{"line":140,"column":31},"end":{"line":142,"column":7}},"line":140},"21":{"name":"(anonymous_21)","decl":{"start":{"line":142,"column":15},"end":{"line":142,"column":16}},"loc":{"start":{"line":142,"column":30},"end":{"line":144,"column":7}},"line":142}},"branchMap":{"0":{"loc":{"start":{"line":7,"column":168},"end":{"line":7,"column":198}},"type":"binary-expr","locations":[{"start":{"line":7,"column":168},"end":{"line":7,"column":189}},{"start":{"line":7,"column":193},"end":{"line":7,"column":198}}],"line":7},"1":{"loc":{"start":{"line":7,"column":232},"end":{"line":7,"column":286}},"type":"if","locations":[{"start":{"line":7,"column":232},"end":{"line":7,"column":286}},{"start":{"line":7,"column":232},"end":{"line":7,"column":286}}],"line":7},"2":{"loc":{"start":{"line":7,"column":407},"end":{"line":7,"column":475}},"type":"if","locations":[{"start":{"line":7,"column":407},"end":{"line":7,"column":475}},{"start":{"line":7,"column":407},"end":{"line":7,"column":475}}],"line":7},"3":{"loc":{"start":{"line":7,"column":476},"end":{"line":7,"column":536}},"type":"if","locations":[{"start":{"line":7,"column":476},"end":{"line":7,"column":536}},{"start":{"line":7,"column":476},"end":{"line":7,"column":536}}],"line":7},"4":{"loc":{"start":{"line":13,"column":46},"end":{"line":13,"column":92}},"type":"cond-expr","locations":[{"start":{"line":13,"column":70},"end":{"line":13,"column":73}},{"start":{"line":13,"column":76},"end":{"line":13,"column":92}}],"line":13},"5":{"loc":{"start":{"line":13,"column":46},"end":{"line":13,"column":67}},"type":"binary-expr","locations":[{"start":{"line":13,"column":46},"end":{"line":13,"column":49}},{"start":{"line":13,"column":53},"end":{"line":13,"column":67}}],"line":13},"6":{"loc":{"start":{"line":15,"column":50},"end":{"line":15,"column":151}},"type":"if","locations":[{"start":{"line":15,"column":50},"end":{"line":15,"column":151}},{"start":{"line":15,"column":50},"end":{"line":15,"column":151}}],"line":15},"7":{"loc":{"start":{"line":107,"column":18},"end":{"line":107,"column":92}},"type":"cond-expr","locations":[{"start":{"line":107,"column":71},"end":{"line":107,"column":83}},{"start":{"line":107,"column":86},"end":{"line":107,"column":92}}],"line":107},"8":{"loc":{"start":{"line":107,"column":18},"end":{"line":107,"column":68}},"type":"binary-expr","locations":[{"start":{"line":107,"column":18},"end":{"line":107,"column":38}},{"start":{"line":107,"column":42},"end":{"line":107,"column":68}}],"line":107},"9":{"loc":{"start":{"line":108,"column":19},"end":{"line":108,"column":88}},"type":"cond-expr","locations":[{"start":{"line":108,"column":72},"end":{"line":108,"column":84}},{"start":{"line":108,"column":87},"end":{"line":108,"column":88}}],"line":108},"10":{"loc":{"start":{"line":108,"column":19},"end":{"line":108,"column":69}},"type":"binary-expr","locations":[{"start":{"line":108,"column":19},"end":{"line":108,"column":39}},{"start":{"line":108,"column":43},"end":{"line":108,"column":69}}],"line":108}},"s":{"0":1,"1":1,"2":1,"3":5,"4":5,"5":5,"6":5,"7":5,"8":5,"9":1,"10":1,"11":0,"12":1,"13":1,"14":1,"15":1,"16":1,"17":1,"18":0,"19":0,"20":1,"21":1,"22":1,"23":0,"24":1,"25":2,"26":2,"27":0,"28":5,"29":5,"30":1,"31":1,"32":0,"33":0,"34":0,"35":0,"36":0,"37":0,"38":0,"39":0,"40":0,"41":0,"42":0,"43":0,"44":0,"45":1,"46":1},"f":{"0":1,"1":1,"2":1,"3":1,"4":0,"5":1,"6":0,"7":2,"8":2,"9":0,"10":5,"11":5,"12":1,"13":1,"14":0,"15":0,"16":0,"17":0,"18":0,"19":0,"20":0,"21":0},"b":{"0":[5,5],"1":[5,0],"2":[0,1],"3":[1,0],"4":[0,1],"5":[1,1],"6":[0,0],"7":[0,0],"8":[0,0],"9":[0,0],"10":[0,0]},"_coverageSchema":"332fd63041d2c1bcb487cc26dd0d5f7d97098a6c","hash":"e99e84c49e33cf437a0d1276a9a2e572c446732a","contentHash":"b67a768f4004dbf5be354bb78a388463_11.1.0"},"/Users/andeladeveloper/Desktop/PostIt/server/tests/route-test.js":{"path":"/Users/andeladeveloper/Desktop/PostIt/server/tests/route-test.js","statementMap":{"0":{"start":{"line":3,"column":16},"end":{"line":3,"column":36}},"1":{"start":{"line":5,"column":17},"end":{"line":5,"column":50}},"2":{"start":{"line":7,"column":12},"end":{"line":7,"column":27}},"3":{"start":{"line":9,"column":13},"end":{"line":9,"column":42}},"4":{"start":{"line":11,"column":14},"end":{"line":11,"column":34}},"5":{"start":{"line":13,"column":15},"end":{"line":13,"column":46}},"6":{"start":{"line":15,"column":39},"end":{"line":15,"column":93}},"7":{"start":{"line":17,"column":0},"end":{"line":17,"column":39}},"8":{"start":{"line":18,"column":13},"end":{"line":18,"column":36}},"9":{"start":{"line":19,"column":16},"end":{"line":19,"column":18}},"10":{"start":{"line":20,"column":0},"end":{"line":419,"column":3}},"11":{"start":{"line":21,"column":2},"end":{"line":149,"column":5}},"12":{"start":{"line":22,"column":4},"end":{"line":34,"column":7}},"13":{"start":{"line":23,"column":6},"end":{"line":33,"column":9}},"14":{"start":{"line":29,"column":8},"end":{"line":29,"column":39}},"15":{"start":{"line":30,"column":8},"end":{"line":30,"column":49}},"16":{"start":{"line":31,"column":8},"end":{"line":31,"column":94}},"17":{"start":{"line":32,"column":8},"end":{"line":32,"column":15}},"18":{"start":{"line":35,"column":4},"end":{"line":47,"column":7}},"19":{"start":{"line":36,"column":6},"end":{"line":46,"column":9}},"20":{"start":{"line":42,"column":8},"end":{"line":42,"column":39}},"21":{"start":{"line":43,"column":8},"end":{"line":43,"column":49}},"22":{"start":{"line":44,"column":8},"end":{"line":44,"column":107}},"23":{"start":{"line":45,"column":8},"end":{"line":45,"column":15}},"24":{"start":{"line":48,"column":4},"end":{"line":60,"column":7}},"25":{"start":{"line":49,"column":6},"end":{"line":59,"column":9}},"26":{"start":{"line":55,"column":8},"end":{"line":55,"column":39}},"27":{"start":{"line":56,"column":8},"end":{"line":56,"column":49}},"28":{"start":{"line":57,"column":8},"end":{"line":57,"column":117}},"29":{"start":{"line":58,"column":8},"end":{"line":58,"column":15}},"30":{"start":{"line":61,"column":4},"end":{"line":73,"column":7}},"31":{"start":{"line":62,"column":6},"end":{"line":72,"column":9}},"32":{"start":{"line":68,"column":8},"end":{"line":68,"column":39}},"33":{"start":{"line":69,"column":8},"end":{"line":69,"column":49}},"34":{"start":{"line":70,"column":8},"end":{"line":70,"column":107}},"35":{"start":{"line":71,"column":8},"end":{"line":71,"column":15}},"36":{"start":{"line":74,"column":4},"end":{"line":86,"column":7}},"37":{"start":{"line":75,"column":6},"end":{"line":85,"column":9}},"38":{"start":{"line":81,"column":8},"end":{"line":81,"column":39}},"39":{"start":{"line":82,"column":8},"end":{"line":82,"column":49}},"40":{"start":{"line":83,"column":8},"end":{"line":83,"column":117}},"41":{"start":{"line":84,"column":8},"end":{"line":84,"column":15}},"42":{"start":{"line":87,"column":4},"end":{"line":98,"column":7}},"43":{"start":{"line":88,"column":6},"end":{"line":97,"column":9}},"44":{"start":{"line":93,"column":8},"end":{"line":93,"column":39}},"45":{"start":{"line":94,"column":8},"end":{"line":94,"column":49}},"46":{"start":{"line":95,"column":8},"end":{"line":95,"column":68}},"47":{"start":{"line":96,"column":8},"end":{"line":96,"column":15}},"48":{"start":{"line":99,"column":4},"end":{"line":110,"column":7}},"49":{"start":{"line":100,"column":6},"end":{"line":109,"column":9}},"50":{"start":{"line":105,"column":8},"end":{"line":105,"column":39}},"51":{"start":{"line":106,"column":8},"end":{"line":106,"column":49}},"52":{"start":{"line":107,"column":8},"end":{"line":107,"column":68}},"53":{"start":{"line":108,"column":8},"end":{"line":108,"column":15}},"54":{"start":{"line":111,"column":4},"end":{"line":122,"column":7}},"55":{"start":{"line":112,"column":6},"end":{"line":121,"column":9}},"56":{"start":{"line":117,"column":8},"end":{"line":117,"column":39}},"57":{"start":{"line":118,"column":8},"end":{"line":118,"column":49}},"58":{"start":{"line":119,"column":8},"end":{"line":119,"column":65}},"59":{"start":{"line":120,"column":8},"end":{"line":120,"column":15}},"60":{"start":{"line":123,"column":4},"end":{"line":135,"column":7}},"61":{"start":{"line":124,"column":6},"end":{"line":134,"column":9}},"62":{"start":{"line":130,"column":8},"end":{"line":130,"column":39}},"63":{"start":{"line":131,"column":8},"end":{"line":131,"column":49}},"64":{"start":{"line":132,"column":8},"end":{"line":132,"column":100}},"65":{"start":{"line":133,"column":8},"end":{"line":133,"column":15}},"66":{"start":{"line":136,"column":4},"end":{"line":148,"column":7}},"67":{"start":{"line":137,"column":6},"end":{"line":147,"column":9}},"68":{"start":{"line":143,"column":8},"end":{"line":143,"column":39}},"69":{"start":{"line":144,"column":8},"end":{"line":144,"column":49}},"70":{"start":{"line":145,"column":8},"end":{"line":145,"column":102}},"71":{"start":{"line":146,"column":8},"end":{"line":146,"column":15}},"72":{"start":{"line":151,"column":2},"end":{"line":195,"column":5}},"73":{"start":{"line":152,"column":4},"end":{"line":161,"column":7}},"74":{"start":{"line":153,"column":6},"end":{"line":160,"column":9}},"75":{"start":{"line":156,"column":8},"end":{"line":156,"column":39}},"76":{"start":{"line":157,"column":8},"end":{"line":157,"column":49}},"77":{"start":{"line":158,"column":8},"end":{"line":158,"column":84}},"78":{"start":{"line":159,"column":8},"end":{"line":159,"column":15}},"79":{"start":{"line":162,"column":4},"end":{"line":171,"column":7}},"80":{"start":{"line":163,"column":6},"end":{"line":170,"column":9}},"81":{"start":{"line":166,"column":8},"end":{"line":166,"column":39}},"82":{"start":{"line":167,"column":8},"end":{"line":167,"column":49}},"83":{"start":{"line":168,"column":8},"end":{"line":168,"column":84}},"84":{"start":{"line":169,"column":8},"end":{"line":169,"column":15}},"85":{"start":{"line":172,"column":4},"end":{"line":182,"column":7}},"86":{"start":{"line":173,"column":6},"end":{"line":181,"column":9}},"87":{"start":{"line":177,"column":8},"end":{"line":177,"column":39}},"88":{"start":{"line":178,"column":8},"end":{"line":178,"column":49}},"89":{"start":{"line":179,"column":8},"end":{"line":179,"column":56}},"90":{"start":{"line":180,"column":8},"end":{"line":180,"column":15}},"91":{"start":{"line":183,"column":4},"end":{"line":194,"column":7}},"92":{"start":{"line":184,"column":6},"end":{"line":193,"column":9}},"93":{"start":{"line":188,"column":8},"end":{"line":188,"column":35}},"94":{"start":{"line":189,"column":8},"end":{"line":189,"column":39}},"95":{"start":{"line":190,"column":8},"end":{"line":190,"column":49}},"96":{"start":{"line":191,"column":8},"end":{"line":191,"column":64}},"97":{"start":{"line":192,"column":8},"end":{"line":192,"column":15}},"98":{"start":{"line":196,"column":2},"end":{"line":259,"column":5}},"99":{"start":{"line":197,"column":4},"end":{"line":209,"column":7}},"100":{"start":{"line":198,"column":6},"end":{"line":208,"column":9}},"101":{"start":{"line":204,"column":8},"end":{"line":204,"column":39}},"102":{"start":{"line":205,"column":8},"end":{"line":205,"column":49}},"103":{"start":{"line":206,"column":8},"end":{"line":206,"column":73}},"104":{"start":{"line":207,"column":8},"end":{"line":207,"column":15}},"105":{"start":{"line":210,"column":4},"end":{"line":221,"column":7}},"106":{"start":{"line":211,"column":6},"end":{"line":220,"column":9}},"107":{"start":{"line":216,"column":8},"end":{"line":216,"column":39}},"108":{"start":{"line":217,"column":8},"end":{"line":217,"column":49}},"109":{"start":{"line":218,"column":8},"end":{"line":218,"column":114}},"110":{"start":{"line":219,"column":8},"end":{"line":219,"column":15}},"111":{"start":{"line":222,"column":4},"end":{"line":232,"column":7}},"112":{"start":{"line":223,"column":6},"end":{"line":231,"column":9}},"113":{"start":{"line":227,"column":8},"end":{"line":227,"column":39}},"114":{"start":{"line":228,"column":8},"end":{"line":228,"column":49}},"115":{"start":{"line":229,"column":8},"end":{"line":229,"column":114}},"116":{"start":{"line":230,"column":8},"end":{"line":230,"column":15}},"117":{"start":{"line":233,"column":4},"end":{"line":245,"column":7}},"118":{"start":{"line":234,"column":6},"end":{"line":244,"column":9}},"119":{"start":{"line":240,"column":8},"end":{"line":240,"column":39}},"120":{"start":{"line":241,"column":8},"end":{"line":241,"column":49}},"121":{"start":{"line":242,"column":8},"end":{"line":242,"column":93}},"122":{"start":{"line":243,"column":8},"end":{"line":243,"column":15}},"123":{"start":{"line":246,"column":4},"end":{"line":258,"column":7}},"124":{"start":{"line":247,"column":6},"end":{"line":257,"column":9}},"125":{"start":{"line":253,"column":8},"end":{"line":253,"column":39}},"126":{"start":{"line":254,"column":8},"end":{"line":254,"column":49}},"127":{"start":{"line":255,"column":8},"end":{"line":255,"column":92}},"128":{"start":{"line":256,"column":8},"end":{"line":256,"column":15}},"129":{"start":{"line":261,"column":2},"end":{"line":304,"column":5}},"130":{"start":{"line":262,"column":4},"end":{"line":272,"column":7}},"131":{"start":{"line":263,"column":6},"end":{"line":271,"column":9}},"132":{"start":{"line":267,"column":8},"end":{"line":267,"column":39}},"133":{"start":{"line":268,"column":8},"end":{"line":268,"column":49}},"134":{"start":{"line":269,"column":8},"end":{"line":269,"column":68}},"135":{"start":{"line":270,"column":8},"end":{"line":270,"column":15}},"136":{"start":{"line":273,"column":4},"end":{"line":283,"column":7}},"137":{"start":{"line":274,"column":6},"end":{"line":282,"column":9}},"138":{"start":{"line":278,"column":8},"end":{"line":278,"column":39}},"139":{"start":{"line":279,"column":8},"end":{"line":279,"column":49}},"140":{"start":{"line":280,"column":8},"end":{"line":280,"column":78}},"141":{"start":{"line":281,"column":8},"end":{"line":281,"column":15}},"142":{"start":{"line":284,"column":4},"end":{"line":293,"column":7}},"143":{"start":{"line":285,"column":6},"end":{"line":292,"column":9}},"144":{"start":{"line":288,"column":8},"end":{"line":288,"column":39}},"145":{"start":{"line":289,"column":8},"end":{"line":289,"column":49}},"146":{"start":{"line":290,"column":8},"end":{"line":290,"column":112}},"147":{"start":{"line":291,"column":8},"end":{"line":291,"column":15}},"148":{"start":{"line":294,"column":4},"end":{"line":303,"column":7}},"149":{"start":{"line":295,"column":6},"end":{"line":302,"column":9}},"150":{"start":{"line":298,"column":8},"end":{"line":298,"column":39}},"151":{"start":{"line":299,"column":8},"end":{"line":299,"column":49}},"152":{"start":{"line":300,"column":8},"end":{"line":300,"column":112}},"153":{"start":{"line":301,"column":8},"end":{"line":301,"column":15}},"154":{"start":{"line":306,"column":2},"end":{"line":389,"column":5}},"155":{"start":{"line":307,"column":4},"end":{"line":317,"column":7}},"156":{"start":{"line":308,"column":6},"end":{"line":316,"column":9}},"157":{"start":{"line":312,"column":8},"end":{"line":312,"column":39}},"158":{"start":{"line":313,"column":8},"end":{"line":313,"column":49}},"159":{"start":{"line":314,"column":8},"end":{"line":314,"column":123}},"160":{"start":{"line":315,"column":8},"end":{"line":315,"column":15}},"161":{"start":{"line":318,"column":4},"end":{"line":328,"column":7}},"162":{"start":{"line":319,"column":6},"end":{"line":327,"column":9}},"163":{"start":{"line":323,"column":8},"end":{"line":323,"column":39}},"164":{"start":{"line":324,"column":8},"end":{"line":324,"column":49}},"165":{"start":{"line":325,"column":8},"end":{"line":325,"column":123}},"166":{"start":{"line":326,"column":8},"end":{"line":326,"column":15}},"167":{"start":{"line":329,"column":4},"end":{"line":340,"column":7}},"168":{"start":{"line":330,"column":6},"end":{"line":339,"column":9}},"169":{"start":{"line":335,"column":8},"end":{"line":335,"column":39}},"170":{"start":{"line":336,"column":8},"end":{"line":336,"column":49}},"171":{"start":{"line":337,"column":8},"end":{"line":337,"column":78}},"172":{"start":{"line":338,"column":8},"end":{"line":338,"column":15}},"173":{"start":{"line":341,"column":4},"end":{"line":352,"column":7}},"174":{"start":{"line":342,"column":6},"end":{"line":351,"column":9}},"175":{"start":{"line":347,"column":8},"end":{"line":347,"column":39}},"176":{"start":{"line":348,"column":8},"end":{"line":348,"column":49}},"177":{"start":{"line":349,"column":8},"end":{"line":349,"column":94}},"178":{"start":{"line":350,"column":8},"end":{"line":350,"column":15}},"179":{"start":{"line":353,"column":4},"end":{"line":364,"column":7}},"180":{"start":{"line":354,"column":6},"end":{"line":363,"column":9}},"181":{"start":{"line":359,"column":8},"end":{"line":359,"column":39}},"182":{"start":{"line":360,"column":8},"end":{"line":360,"column":49}},"183":{"start":{"line":361,"column":8},"end":{"line":361,"column":59}},"184":{"start":{"line":362,"column":8},"end":{"line":362,"column":15}},"185":{"start":{"line":365,"column":4},"end":{"line":376,"column":7}},"186":{"start":{"line":366,"column":6},"end":{"line":375,"column":9}},"187":{"start":{"line":371,"column":8},"end":{"line":371,"column":39}},"188":{"start":{"line":372,"column":8},"end":{"line":372,"column":49}},"189":{"start":{"line":373,"column":8},"end":{"line":373,"column":123}},"190":{"start":{"line":374,"column":8},"end":{"line":374,"column":15}},"191":{"start":{"line":377,"column":4},"end":{"line":388,"column":7}},"192":{"start":{"line":378,"column":6},"end":{"line":387,"column":9}},"193":{"start":{"line":383,"column":8},"end":{"line":383,"column":39}},"194":{"start":{"line":384,"column":8},"end":{"line":384,"column":49}},"195":{"start":{"line":385,"column":8},"end":{"line":385,"column":92}},"196":{"start":{"line":386,"column":8},"end":{"line":386,"column":15}},"197":{"start":{"line":391,"column":2},"end":{"line":418,"column":5}},"198":{"start":{"line":392,"column":4},"end":{"line":401,"column":7}},"199":{"start":{"line":393,"column":6},"end":{"line":400,"column":9}},"200":{"start":{"line":394,"column":8},"end":{"line":394,"column":39}},"201":{"start":{"line":395,"column":8},"end":{"line":395,"column":50}},"202":{"start":{"line":396,"column":8},"end":{"line":396,"column":64}},"203":{"start":{"line":397,"column":8},"end":{"line":397,"column":65}},"204":{"start":{"line":398,"column":8},"end":{"line":398,"column":64}},"205":{"start":{"line":399,"column":8},"end":{"line":399,"column":15}},"206":{"start":{"line":402,"column":4},"end":{"line":409,"column":7}},"207":{"start":{"line":403,"column":6},"end":{"line":408,"column":9}},"208":{"start":{"line":404,"column":8},"end":{"line":404,"column":39}},"209":{"start":{"line":405,"column":8},"end":{"line":405,"column":49}},"210":{"start":{"line":406,"column":8},"end":{"line":406,"column":74}},"211":{"start":{"line":407,"column":8},"end":{"line":407,"column":15}},"212":{"start":{"line":410,"column":4},"end":{"line":417,"column":7}},"213":{"start":{"line":411,"column":6},"end":{"line":416,"column":9}},"214":{"start":{"line":412,"column":8},"end":{"line":412,"column":39}},"215":{"start":{"line":413,"column":8},"end":{"line":413,"column":49}},"216":{"start":{"line":414,"column":8},"end":{"line":414,"column":59}},"217":{"start":{"line":415,"column":8},"end":{"line":415,"column":15}}},"fnMap":{"0":{"name":"_interopRequireDefault","decl":{"start":{"line":15,"column":9},"end":{"line":15,"column":31}},"loc":{"start":{"line":15,"column":37},"end":{"line":15,"column":95}},"line":15},"1":{"name":"(anonymous_1)","decl":{"start":{"line":20,"column":29},"end":{"line":20,"column":30}},"loc":{"start":{"line":20,"column":41},"end":{"line":419,"column":1}},"line":20},"2":{"name":"(anonymous_2)","decl":{"start":{"line":21,"column":35},"end":{"line":21,"column":36}},"loc":{"start":{"line":21,"column":47},"end":{"line":149,"column":3}},"line":21},"3":{"name":"(anonymous_3)","decl":{"start":{"line":22,"column":73},"end":{"line":22,"column":74}},"loc":{"start":{"line":22,"column":89},"end":{"line":34,"column":5}},"line":22},"4":{"name":"(anonymous_4)","decl":{"start":{"line":28,"column":13},"end":{"line":28,"column":14}},"loc":{"start":{"line":28,"column":33},"end":{"line":33,"column":7}},"line":28},"5":{"name":"(anonymous_5)","decl":{"start":{"line":35,"column":90},"end":{"line":35,"column":91}},"loc":{"start":{"line":35,"column":106},"end":{"line":47,"column":5}},"line":35},"6":{"name":"(anonymous_6)","decl":{"start":{"line":41,"column":13},"end":{"line":41,"column":14}},"loc":{"start":{"line":41,"column":33},"end":{"line":46,"column":7}},"line":41},"7":{"name":"(anonymous_7)","decl":{"start":{"line":48,"column":90},"end":{"line":48,"column":91}},"loc":{"start":{"line":48,"column":106},"end":{"line":60,"column":5}},"line":48},"8":{"name":"(anonymous_8)","decl":{"start":{"line":54,"column":13},"end":{"line":54,"column":14}},"loc":{"start":{"line":54,"column":33},"end":{"line":59,"column":7}},"line":54},"9":{"name":"(anonymous_9)","decl":{"start":{"line":61,"column":82},"end":{"line":61,"column":83}},"loc":{"start":{"line":61,"column":98},"end":{"line":73,"column":5}},"line":61},"10":{"name":"(anonymous_10)","decl":{"start":{"line":67,"column":13},"end":{"line":67,"column":14}},"loc":{"start":{"line":67,"column":33},"end":{"line":72,"column":7}},"line":67},"11":{"name":"(anonymous_11)","decl":{"start":{"line":74,"column":82},"end":{"line":74,"column":83}},"loc":{"start":{"line":74,"column":98},"end":{"line":86,"column":5}},"line":74},"12":{"name":"(anonymous_12)","decl":{"start":{"line":80,"column":13},"end":{"line":80,"column":14}},"loc":{"start":{"line":80,"column":33},"end":{"line":85,"column":7}},"line":80},"13":{"name":"(anonymous_13)","decl":{"start":{"line":87,"column":69},"end":{"line":87,"column":70}},"loc":{"start":{"line":87,"column":85},"end":{"line":98,"column":5}},"line":87},"14":{"name":"(anonymous_14)","decl":{"start":{"line":92,"column":13},"end":{"line":92,"column":14}},"loc":{"start":{"line":92,"column":33},"end":{"line":97,"column":7}},"line":92},"15":{"name":"(anonymous_15)","decl":{"start":{"line":99,"column":69},"end":{"line":99,"column":70}},"loc":{"start":{"line":99,"column":85},"end":{"line":110,"column":5}},"line":99},"16":{"name":"(anonymous_16)","decl":{"start":{"line":104,"column":13},"end":{"line":104,"column":14}},"loc":{"start":{"line":104,"column":33},"end":{"line":109,"column":7}},"line":104},"17":{"name":"(anonymous_17)","decl":{"start":{"line":111,"column":66},"end":{"line":111,"column":67}},"loc":{"start":{"line":111,"column":82},"end":{"line":122,"column":5}},"line":111},"18":{"name":"(anonymous_18)","decl":{"start":{"line":116,"column":13},"end":{"line":116,"column":14}},"loc":{"start":{"line":116,"column":33},"end":{"line":121,"column":7}},"line":116},"19":{"name":"(anonymous_19)","decl":{"start":{"line":123,"column":74},"end":{"line":123,"column":75}},"loc":{"start":{"line":123,"column":90},"end":{"line":135,"column":5}},"line":123},"20":{"name":"(anonymous_20)","decl":{"start":{"line":129,"column":13},"end":{"line":129,"column":14}},"loc":{"start":{"line":129,"column":33},"end":{"line":134,"column":7}},"line":129},"21":{"name":"(anonymous_21)","decl":{"start":{"line":136,"column":70},"end":{"line":136,"column":71}},"loc":{"start":{"line":136,"column":86},"end":{"line":148,"column":5}},"line":136},"22":{"name":"(anonymous_22)","decl":{"start":{"line":142,"column":13},"end":{"line":142,"column":14}},"loc":{"start":{"line":142,"column":33},"end":{"line":147,"column":7}},"line":142},"23":{"name":"(anonymous_23)","decl":{"start":{"line":151,"column":35},"end":{"line":151,"column":36}},"loc":{"start":{"line":151,"column":47},"end":{"line":195,"column":3}},"line":151},"24":{"name":"(anonymous_24)","decl":{"start":{"line":152,"column":69},"end":{"line":152,"column":70}},"loc":{"start":{"line":152,"column":85},"end":{"line":161,"column":5}},"line":152},"25":{"name":"(anonymous_25)","decl":{"start":{"line":155,"column":13},"end":{"line":155,"column":14}},"loc":{"start":{"line":155,"column":33},"end":{"line":160,"column":7}},"line":155},"26":{"name":"(anonymous_26)","decl":{"start":{"line":162,"column":69},"end":{"line":162,"column":70}},"loc":{"start":{"line":162,"column":85},"end":{"line":171,"column":5}},"line":162},"27":{"name":"(anonymous_27)","decl":{"start":{"line":165,"column":13},"end":{"line":165,"column":14}},"loc":{"start":{"line":165,"column":33},"end":{"line":170,"column":7}},"line":165},"28":{"name":"(anonymous_28)","decl":{"start":{"line":172,"column":76},"end":{"line":172,"column":77}},"loc":{"start":{"line":172,"column":92},"end":{"line":182,"column":5}},"line":172},"29":{"name":"(anonymous_29)","decl":{"start":{"line":176,"column":13},"end":{"line":176,"column":14}},"loc":{"start":{"line":176,"column":33},"end":{"line":181,"column":7}},"line":176},"30":{"name":"(anonymous_30)","decl":{"start":{"line":183,"column":92},"end":{"line":183,"column":93}},"loc":{"start":{"line":183,"column":108},"end":{"line":194,"column":5}},"line":183},"31":{"name":"(anonymous_31)","decl":{"start":{"line":187,"column":13},"end":{"line":187,"column":14}},"loc":{"start":{"line":187,"column":33},"end":{"line":193,"column":7}},"line":187},"32":{"name":"(anonymous_32)","decl":{"start":{"line":196,"column":29},"end":{"line":196,"column":30}},"loc":{"start":{"line":196,"column":41},"end":{"line":259,"column":3}},"line":196},"33":{"name":"(anonymous_33)","decl":{"start":{"line":197,"column":75},"end":{"line":197,"column":76}},"loc":{"start":{"line":197,"column":91},"end":{"line":209,"column":5}},"line":197},"34":{"name":"(anonymous_34)","decl":{"start":{"line":203,"column":13},"end":{"line":203,"column":14}},"loc":{"start":{"line":203,"column":33},"end":{"line":208,"column":7}},"line":203},"35":{"name":"(anonymous_35)","decl":{"start":{"line":210,"column":73},"end":{"line":210,"column":74}},"loc":{"start":{"line":210,"column":89},"end":{"line":221,"column":5}},"line":210},"36":{"name":"(anonymous_36)","decl":{"start":{"line":215,"column":13},"end":{"line":215,"column":14}},"loc":{"start":{"line":215,"column":33},"end":{"line":220,"column":7}},"line":215},"37":{"name":"(anonymous_37)","decl":{"start":{"line":222,"column":69},"end":{"line":222,"column":70}},"loc":{"start":{"line":222,"column":85},"end":{"line":232,"column":5}},"line":222},"38":{"name":"(anonymous_38)","decl":{"start":{"line":226,"column":13},"end":{"line":226,"column":14}},"loc":{"start":{"line":226,"column":33},"end":{"line":231,"column":7}},"line":226},"39":{"name":"(anonymous_39)","decl":{"start":{"line":233,"column":69},"end":{"line":233,"column":70}},"loc":{"start":{"line":233,"column":85},"end":{"line":245,"column":5}},"line":233},"40":{"name":"(anonymous_40)","decl":{"start":{"line":239,"column":13},"end":{"line":239,"column":14}},"loc":{"start":{"line":239,"column":33},"end":{"line":244,"column":7}},"line":239},"41":{"name":"(anonymous_41)","decl":{"start":{"line":246,"column":81},"end":{"line":246,"column":82}},"loc":{"start":{"line":246,"column":97},"end":{"line":258,"column":5}},"line":246},"42":{"name":"(anonymous_42)","decl":{"start":{"line":252,"column":13},"end":{"line":252,"column":14}},"loc":{"start":{"line":252,"column":33},"end":{"line":257,"column":7}},"line":252},"43":{"name":"(anonymous_43)","decl":{"start":{"line":261,"column":43},"end":{"line":261,"column":44}},"loc":{"start":{"line":261,"column":55},"end":{"line":304,"column":3}},"line":261},"44":{"name":"(anonymous_44)","decl":{"start":{"line":262,"column":74},"end":{"line":262,"column":75}},"loc":{"start":{"line":262,"column":90},"end":{"line":272,"column":5}},"line":262},"45":{"name":"(anonymous_45)","decl":{"start":{"line":266,"column":13},"end":{"line":266,"column":14}},"loc":{"start":{"line":266,"column":33},"end":{"line":271,"column":7}},"line":266},"46":{"name":"(anonymous_46)","decl":{"start":{"line":273,"column":72},"end":{"line":273,"column":73}},"loc":{"start":{"line":273,"column":88},"end":{"line":283,"column":5}},"line":273},"47":{"name":"(anonymous_47)","decl":{"start":{"line":277,"column":13},"end":{"line":277,"column":14}},"loc":{"start":{"line":277,"column":33},"end":{"line":282,"column":7}},"line":277},"48":{"name":"(anonymous_48)","decl":{"start":{"line":284,"column":69},"end":{"line":284,"column":70}},"loc":{"start":{"line":284,"column":85},"end":{"line":293,"column":5}},"line":284},"49":{"name":"(anonymous_49)","decl":{"start":{"line":287,"column":13},"end":{"line":287,"column":14}},"loc":{"start":{"line":287,"column":33},"end":{"line":292,"column":7}},"line":287},"50":{"name":"(anonymous_50)","decl":{"start":{"line":294,"column":68},"end":{"line":294,"column":69}},"loc":{"start":{"line":294,"column":84},"end":{"line":303,"column":5}},"line":294},"51":{"name":"(anonymous_51)","decl":{"start":{"line":297,"column":13},"end":{"line":297,"column":14}},"loc":{"start":{"line":297,"column":33},"end":{"line":302,"column":7}},"line":297},"52":{"name":"(anonymous_52)","decl":{"start":{"line":306,"column":46},"end":{"line":306,"column":47}},"loc":{"start":{"line":306,"column":58},"end":{"line":389,"column":3}},"line":306},"53":{"name":"(anonymous_53)","decl":{"start":{"line":307,"column":68},"end":{"line":307,"column":69}},"loc":{"start":{"line":307,"column":84},"end":{"line":317,"column":5}},"line":307},"54":{"name":"(anonymous_54)","decl":{"start":{"line":311,"column":13},"end":{"line":311,"column":14}},"loc":{"start":{"line":311,"column":33},"end":{"line":316,"column":7}},"line":311},"55":{"name":"(anonymous_55)","decl":{"start":{"line":318,"column":70},"end":{"line":318,"column":71}},"loc":{"start":{"line":318,"column":86},"end":{"line":328,"column":5}},"line":318},"56":{"name":"(anonymous_56)","decl":{"start":{"line":322,"column":13},"end":{"line":322,"column":14}},"loc":{"start":{"line":322,"column":33},"end":{"line":327,"column":7}},"line":322},"57":{"name":"(anonymous_57)","decl":{"start":{"line":329,"column":64},"end":{"line":329,"column":65}},"loc":{"start":{"line":329,"column":80},"end":{"line":340,"column":5}},"line":329},"58":{"name":"(anonymous_58)","decl":{"start":{"line":334,"column":13},"end":{"line":334,"column":14}},"loc":{"start":{"line":334,"column":33},"end":{"line":339,"column":7}},"line":334},"59":{"name":"(anonymous_59)","decl":{"start":{"line":341,"column":66},"end":{"line":341,"column":67}},"loc":{"start":{"line":341,"column":82},"end":{"line":352,"column":5}},"line":341},"60":{"name":"(anonymous_60)","decl":{"start":{"line":346,"column":13},"end":{"line":346,"column":14}},"loc":{"start":{"line":346,"column":33},"end":{"line":351,"column":7}},"line":346},"61":{"name":"(anonymous_61)","decl":{"start":{"line":353,"column":61},"end":{"line":353,"column":62}},"loc":{"start":{"line":353,"column":77},"end":{"line":364,"column":5}},"line":353},"62":{"name":"(anonymous_62)","decl":{"start":{"line":358,"column":13},"end":{"line":358,"column":14}},"loc":{"start":{"line":358,"column":33},"end":{"line":363,"column":7}},"line":358},"63":{"name":"(anonymous_63)","decl":{"start":{"line":365,"column":64},"end":{"line":365,"column":65}},"loc":{"start":{"line":365,"column":80},"end":{"line":376,"column":5}},"line":365},"64":{"name":"(anonymous_64)","decl":{"start":{"line":370,"column":13},"end":{"line":370,"column":14}},"loc":{"start":{"line":370,"column":33},"end":{"line":375,"column":7}},"line":370},"65":{"name":"(anonymous_65)","decl":{"start":{"line":377,"column":75},"end":{"line":377,"column":76}},"loc":{"start":{"line":377,"column":91},"end":{"line":388,"column":5}},"line":377},"66":{"name":"(anonymous_66)","decl":{"start":{"line":382,"column":13},"end":{"line":382,"column":14}},"loc":{"start":{"line":382,"column":33},"end":{"line":387,"column":7}},"line":382},"67":{"name":"(anonymous_67)","decl":{"start":{"line":391,"column":46},"end":{"line":391,"column":47}},"loc":{"start":{"line":391,"column":58},"end":{"line":418,"column":3}},"line":391},"68":{"name":"(anonymous_68)","decl":{"start":{"line":392,"column":55},"end":{"line":392,"column":56}},"loc":{"start":{"line":392,"column":71},"end":{"line":401,"column":5}},"line":392},"69":{"name":"(anonymous_69)","decl":{"start":{"line":393,"column":104},"end":{"line":393,"column":105}},"loc":{"start":{"line":393,"column":124},"end":{"line":400,"column":7}},"line":393},"70":{"name":"(anonymous_70)","decl":{"start":{"line":402,"column":80},"end":{"line":402,"column":81}},"loc":{"start":{"line":402,"column":96},"end":{"line":409,"column":5}},"line":402},"71":{"name":"(anonymous_71)","decl":{"start":{"line":403,"column":116},"end":{"line":403,"column":117}},"loc":{"start":{"line":403,"column":136},"end":{"line":408,"column":7}},"line":403},"72":{"name":"(anonymous_72)","decl":{"start":{"line":410,"column":78},"end":{"line":410,"column":79}},"loc":{"start":{"line":410,"column":94},"end":{"line":417,"column":5}},"line":410},"73":{"name":"(anonymous_73)","decl":{"start":{"line":411,"column":105},"end":{"line":411,"column":106}},"loc":{"start":{"line":411,"column":125},"end":{"line":416,"column":7}},"line":411}},"branchMap":{"0":{"loc":{"start":{"line":15,"column":46},"end":{"line":15,"column":92}},"type":"cond-expr","locations":[{"start":{"line":15,"column":70},"end":{"line":15,"column":73}},{"start":{"line":15,"column":76},"end":{"line":15,"column":92}}],"line":15},"1":{"loc":{"start":{"line":15,"column":46},"end":{"line":15,"column":67}},"type":"binary-expr","locations":[{"start":{"line":15,"column":46},"end":{"line":15,"column":49}},{"start":{"line":15,"column":53},"end":{"line":15,"column":67}}],"line":15}},"s":{"0":1,"1":1,"2":1,"3":1,"4":1,"5":1,"6":3,"7":1,"8":1,"9":1,"10":1,"11":1,"12":1,"13":1,"14":1,"15":1,"16":1,"17":1,"18":1,"19":1,"20":1,"21":1,"22":1,"23":1,"24":1,"25":1,"26":1,"27":1,"28":1,"29":1,"30":1,"31":1,"32":1,"33":1,"34":1,"35":1,"36":1,"37":1,"38":1,"39":1,"40":1,"41":1,"42":1,"43":1,"44":1,"45":1,"46":1,"47":1,"48":1,"49":1,"50":1,"51":1,"52":1,"53":1,"54":1,"55":1,"56":1,"57":1,"58":1,"59":1,"60":1,"61":1,"62":1,"63":1,"64":1,"65":1,"66":1,"67":1,"68":1,"69":1,"70":1,"71":1,"72":1,"73":1,"74":1,"75":1,"76":1,"77":1,"78":1,"79":1,"80":1,"81":1,"82":1,"83":1,"84":1,"85":1,"86":1,"87":1,"88":1,"89":1,"90":1,"91":1,"92":1,"93":1,"94":1,"95":1,"96":1,"97":1,"98":1,"99":1,"100":1,"101":1,"102":1,"103":1,"104":1,"105":1,"106":1,"107":1,"108":1,"109":1,"110":1,"111":1,"112":1,"113":1,"114":1,"115":1,"116":1,"117":1,"118":1,"119":1,"120":1,"121":1,"122":1,"123":1,"124":1,"125":1,"126":1,"127":1,"128":1,"129":1,"130":1,"131":1,"132":1,"133":1,"134":1,"135":1,"136":1,"137":1,"138":1,"139":1,"140":1,"141":1,"142":1,"143":1,"144":1,"145":1,"146":1,"147":1,"148":1,"149":1,"150":1,"151":1,"152":1,"153":1,"154":1,"155":1,"156":1,"157":1,"158":1,"159":1,"160":1,"161":1,"162":1,"163":1,"164":1,"165":1,"166":1,"167":1,"168":1,"169":1,"170":1,"171":1,"172":1,"173":1,"174":1,"175":1,"176":1,"177":1,"178":1,"179":1,"180":1,"181":1,"182":1,"183":1,"184":1,"185":1,"186":1,"187":1,"188":1,"189":1,"190":1,"191":1,"192":1,"193":1,"194":1,"195":1,"196":1,"197":1,"198":1,"199":1,"200":1,"201":1,"202":1,"203":1,"204":1,"205":1,"206":1,"207":1,"208":1,"209":1,"210":1,"211":1,"212":1,"213":1,"214":1,"215":1,"216":1,"217":1},"f":{"0":3,"1":1,"2":1,"3":1,"4":1,"5":1,"6":1,"7":1,"8":1,"9":1,"10":1,"11":1,"12":1,"13":1,"14":1,"15":1,"16":1,"17":1,"18":1,"19":1,"20":1,"21":1,"22":1,"23":1,"24":1,"25":1,"26":1,"27":1,"28":1,"29":1,"30":1,"31":1,"32":1,"33":1,"34":1,"35":1,"36":1,"37":1,"38":1,"39":1,"40":1,"41":1,"42":1,"43":1,"44":1,"45":1,"46":1,"47":1,"48":1,"49":1,"50":1,"51":1,"52":1,"53":1,"54":1,"55":1,"56":1,"57":1,"58":1,"59":1,"60":1,"61":1,"62":1,"63":1,"64":1,"65":1,"66":1,"67":1,"68":1,"69":1,"70":1,"71":1,"72":1,"73":1},"b":{"0":[1,2],"1":[3,3]},"_coverageSchema":"332fd63041d2c1bcb487cc26dd0d5f7d97098a6c","hash":"5f74f9252ed2b516ccbb05686cd21c6f54dfd451","contentHash":"da1d5a8593f05f53bd3fb4199805d2c6_11.1.0"},"/Users/andeladeveloper/Desktop/PostIt/server/server.js":{"path":"/Users/andeladeveloper/Desktop/PostIt/server/server.js","statementMap":{"0":{"start":{"line":3,"column":0},"end":{"line":5,"column":3}},"1":{"start":{"line":7,"column":15},"end":{"line":7,"column":33}},"2":{"start":{"line":9,"column":16},"end":{"line":9,"column":48}},"3":{"start":{"line":11,"column":18},"end":{"line":11,"column":40}},"4":{"start":{"line":13,"column":19},"end":{"line":13,"column":54}},"5":{"start":{"line":15,"column":13},"end":{"line":15,"column":38}},"6":{"start":{"line":17,"column":14},"end":{"line":17,"column":44}},"7":{"start":{"line":19,"column":39},"end":{"line":19,"column":93}},"8":{"start":{"line":21,"column":10},"end":{"line":21,"column":34}},"9":{"start":{"line":22,"column":0},"end":{"line":22,"column":61}},"10":{"start":{"line":23,"column":0},"end":{"line":23,"column":37}},"11":{"start":{"line":25,"column":0},"end":{"line":27,"column":3}},"12":{"start":{"line":26,"column":2},"end":{"line":26,"column":32}},"13":{"start":{"line":29,"column":0},"end":{"line":34,"column":3}},"14":{"start":{"line":30,"column":2},"end":{"line":30,"column":49}},"15":{"start":{"line":31,"column":2},"end":{"line":31,"column":74}},"16":{"start":{"line":32,"column":2},"end":{"line":32,"column":139}},"17":{"start":{"line":33,"column":2},"end":{"line":33,"column":9}},"18":{"start":{"line":36,"column":0},"end":{"line":36,"column":30}},"19":{"start":{"line":38,"column":0},"end":{"line":38,"column":22}}},"fnMap":{"0":{"name":"_interopRequireDefault","decl":{"start":{"line":19,"column":9},"end":{"line":19,"column":31}},"loc":{"start":{"line":19,"column":37},"end":{"line":19,"column":95}},"line":19},"1":{"name":"(anonymous_1)","decl":{"start":{"line":25,"column":37},"end":{"line":25,"column":38}},"loc":{"start":{"line":25,"column":49},"end":{"line":27,"column":1}},"line":25},"2":{"name":"(anonymous_2)","decl":{"start":{"line":29,"column":8},"end":{"line":29,"column":9}},"loc":{"start":{"line":29,"column":34},"end":{"line":34,"column":1}},"line":29}},"branchMap":{"0":{"loc":{"start":{"line":19,"column":46},"end":{"line":19,"column":92}},"type":"cond-expr","locations":[{"start":{"line":19,"column":70},"end":{"line":19,"column":73}},{"start":{"line":19,"column":76},"end":{"line":19,"column":92}}],"line":19},"1":{"loc":{"start":{"line":19,"column":46},"end":{"line":19,"column":67}},"type":"binary-expr","locations":[{"start":{"line":19,"column":46},"end":{"line":19,"column":49}},{"start":{"line":19,"column":53},"end":{"line":19,"column":67}}],"line":19},"2":{"loc":{"start":{"line":25,"column":11},"end":{"line":25,"column":35}},"type":"binary-expr","locations":[{"start":{"line":25,"column":11},"end":{"line":25,"column":27}},{"start":{"line":25,"column":31},"end":{"line":25,"column":35}}],"line":25}},"s":{"0":1,"1":1,"2":1,"3":1,"4":1,"5":1,"6":1,"7":3,"8":1,"9":1,"10":1,"11":1,"12":1,"13":1,"14":33,"15":33,"16":33,"17":33,"18":1,"19":1},"f":{"0":3,"1":1,"2":33},"b":{"0":[1,2],"1":[3,3],"2":[1,1]},"_coverageSchema":"332fd63041d2c1bcb487cc26dd0d5f7d97098a6c","hash":"45975e12098a3cb15d4284f57e4be976c7414156","contentHash":"c2155cddb69924ea3d60325dfff0bd64_11.1.0"},"/Users/andeladeveloper/Desktop/PostIt/server/routes/route.js":{"path":"/Users/andeladeveloper/Desktop/PostIt/server/routes/route.js","statementMap":{"0":{"start":{"line":3,"column":0},"end":{"line":5,"column":3}},"1":{"start":{"line":7,"column":15},"end":{"line":7,"column":33}},"2":{"start":{"line":9,"column":16},"end":{"line":9,"column":48}},"3":{"start":{"line":11,"column":12},"end":{"line":11,"column":42}},"4":{"start":{"line":13,"column":13},"end":{"line":13,"column":42}},"5":{"start":{"line":15,"column":13},"end":{"line":15,"column":44}},"6":{"start":{"line":17,"column":14},"end":{"line":17,"column":44}},"7":{"start":{"line":19,"column":15},"end":{"line":19,"column":48}},"8":{"start":{"line":21,"column":16},"end":{"line":21,"column":48}},"9":{"start":{"line":23,"column":39},"end":{"line":23,"column":93}},"10":{"start":{"line":25,"column":13},"end":{"line":25,"column":39}},"11":{"start":{"line":27,"column":0},"end":{"line":27,"column":55}},"12":{"start":{"line":28,"column":0},"end":{"line":28,"column":55}},"13":{"start":{"line":29,"column":0},"end":{"line":29,"column":55}},"14":{"start":{"line":30,"column":0},"end":{"line":30,"column":72}},"15":{"start":{"line":31,"column":0},"end":{"line":31,"column":81}},"16":{"start":{"line":32,"column":0},"end":{"line":32,"column":77}},"17":{"start":{"line":33,"column":0},"end":{"line":33,"column":53}},"18":{"start":{"line":34,"column":0},"end":{"line":34,"column":69}},"19":{"start":{"line":35,"column":0},"end":{"line":35,"column":85}},"20":{"start":{"line":36,"column":0},"end":{"line":36,"column":66}},"21":{"start":{"line":37,"column":0},"end":{"line":37,"column":74}},"22":{"start":{"line":39,"column":0},"end":{"line":41,"column":3}},"23":{"start":{"line":40,"column":2},"end":{"line":40,"column":36}},"24":{"start":{"line":43,"column":0},"end":{"line":45,"column":3}},"25":{"start":{"line":44,"column":2},"end":{"line":44,"column":29}},"26":{"start":{"line":47,"column":0},"end":{"line":47,"column":25}}},"fnMap":{"0":{"name":"_interopRequireDefault","decl":{"start":{"line":23,"column":9},"end":{"line":23,"column":31}},"loc":{"start":{"line":23,"column":37},"end":{"line":23,"column":95}},"line":23},"1":{"name":"(anonymous_1)","decl":{"start":{"line":39,"column":16},"end":{"line":39,"column":17}},"loc":{"start":{"line":39,"column":36},"end":{"line":41,"column":1}},"line":39},"2":{"name":"(anonymous_2)","decl":{"start":{"line":43,"column":16},"end":{"line":43,"column":17}},"loc":{"start":{"line":43,"column":36},"end":{"line":45,"column":1}},"line":43}},"branchMap":{"0":{"loc":{"start":{"line":23,"column":46},"end":{"line":23,"column":92}},"type":"cond-expr","locations":[{"start":{"line":23,"column":70},"end":{"line":23,"column":73}},{"start":{"line":23,"column":76},"end":{"line":23,"column":92}}],"line":23},"1":{"loc":{"start":{"line":23,"column":46},"end":{"line":23,"column":67}},"type":"binary-expr","locations":[{"start":{"line":23,"column":46},"end":{"line":23,"column":49}},{"start":{"line":23,"column":53},"end":{"line":23,"column":67}}],"line":23}},"s":{"0":1,"1":1,"2":1,"3":1,"4":1,"5":1,"6":1,"7":1,"8":1,"9":4,"10":1,"11":1,"12":1,"13":1,"14":1,"15":1,"16":1,"17":1,"18":1,"19":1,"20":1,"21":1,"22":1,"23":0,"24":1,"25":0,"26":1},"f":{"0":4,"1":0,"2":0},"b":{"0":[3,1],"1":[4,4]},"_coverageSchema":"332fd63041d2c1bcb487cc26dd0d5f7d97098a6c","hash":"a26fa720eb8e13eb066daee8115cb0e57174d197","contentHash":"5b20e508f0d7331ebd5d4abf08e30255_11.1.0"},"/Users/andeladeveloper/Desktop/PostIt/server/controllers/user.js":{"path":"/Users/andeladeveloper/Desktop/PostIt/server/controllers/user.js","statementMap":{"0":{"start":{"line":3,"column":0},"end":{"line":5,"column":3}},"1":{"start":{"line":7,"column":19},"end":{"line":7,"column":563}},"2":{"start":{"line":7,"column":76},"end":{"line":7,"column":347}},"3":{"start":{"line":7,"column":134},"end":{"line":7,"column":142}},"4":{"start":{"line":7,"column":144},"end":{"line":7,"column":199}},"5":{"start":{"line":7,"column":200},"end":{"line":7,"column":231}},"6":{"start":{"line":7,"column":232},"end":{"line":7,"column":286}},"7":{"start":{"line":7,"column":259},"end":{"line":7,"column":286}},"8":{"start":{"line":7,"column":287},"end":{"line":7,"column":345}},"9":{"start":{"line":7,"column":350},"end":{"line":7,"column":559}},"10":{"start":{"line":7,"column":407},"end":{"line":7,"column":475}},"11":{"start":{"line":7,"column":423},"end":{"line":7,"column":475}},"12":{"start":{"line":7,"column":476},"end":{"line":7,"column":536}},"13":{"start":{"line":7,"column":493},"end":{"line":7,"column":536}},"14":{"start":{"line":7,"column":537},"end":{"line":7,"column":556}},"15":{"start":{"line":9,"column":14},"end":{"line":9,"column":31}},"16":{"start":{"line":11,"column":15},"end":{"line":11,"column":46}},"17":{"start":{"line":13,"column":20},"end":{"line":13,"column":43}},"18":{"start":{"line":15,"column":21},"end":{"line":15,"column":58}},"19":{"start":{"line":17,"column":16},"end":{"line":17,"column":35}},"20":{"start":{"line":19,"column":17},"end":{"line":19,"column":50}},"21":{"start":{"line":21,"column":12},"end":{"line":21,"column":39}},"22":{"start":{"line":23,"column":13},"end":{"line":23,"column":42}},"23":{"start":{"line":25,"column":13},"end":{"line":25,"column":41}},"24":{"start":{"line":27,"column":14},"end":{"line":27,"column":44}},"25":{"start":{"line":29,"column":17},"end":{"line":29,"column":49}},"26":{"start":{"line":31,"column":18},"end":{"line":31,"column":52}},"27":{"start":{"line":33,"column":39},"end":{"line":33,"column":93}},"28":{"start":{"line":35,"column":50},"end":{"line":35,"column":151}},"29":{"start":{"line":35,"column":92},"end":{"line":35,"column":149}},"30":{"start":{"line":37,"column":0},"end":{"line":37,"column":26}},"31":{"start":{"line":38,"column":11},"end":{"line":38,"column":45}},"32":{"start":{"line":39,"column":17},"end":{"line":39,"column":39}},"33":{"start":{"line":45,"column":21},"end":{"line":193,"column":3}},"34":{"start":{"line":47,"column":4},"end":{"line":47,"column":42}},"35":{"start":{"line":50,"column":2},"end":{"line":190,"column":6}},"36":{"start":{"line":60,"column":21},"end":{"line":60,"column":38}},"37":{"start":{"line":61,"column":21},"end":{"line":61,"column":38}},"38":{"start":{"line":62,"column":18},"end":{"line":62,"column":32}},"39":{"start":{"line":63,"column":24},"end":{"line":63,"column":44}},"40":{"start":{"line":64,"column":6},"end":{"line":85,"column":7}},"41":{"start":{"line":65,"column":8},"end":{"line":65,"column":71}},"42":{"start":{"line":66,"column":13},"end":{"line":85,"column":7}},"43":{"start":{"line":67,"column":8},"end":{"line":67,"column":98}},"44":{"start":{"line":69,"column":29},"end":{"line":69,"column":72}},"45":{"start":{"line":70,"column":8},"end":{"line":84,"column":11}},"46":{"start":{"line":71,"column":10},"end":{"line":83,"column":11}},"47":{"start":{"line":72,"column":12},"end":{"line":80,"column":13}},"48":{"start":
[...]
nd":{"line":13,"column":43}},"18":{"start":{"line":15,"column":21},"end":{"line":15,"column":58}},"19":{"start":{"line":17,"column":13},"end":{"line":17,"column":41}},"20":{"start":{"line":19,"column":14},"end":{"line":19,"column":44}},"21":{"start":{"line":21,"column":15},"end":{"line":21,"column":45}},"22":{"start":{"line":23,"column":16},"end":{"line":23,"column":48}},"23":{"start":{"line":25,"column":39},"end":{"line":25,"column":93}},"24":{"start":{"line":27,"column":50},"end":{"line":27,"column":151}},"25":{"start":{"line":27,"column":92},"end":{"line":27,"column":149}},"26":{"start":{"line":29,"column":0},"end":{"line":29,"column":26}},"27":{"start":{"line":30,"column":17},"end":{"line":30,"column":39}},"28":{"start":{"line":37,"column":24},"end":{"line":121,"column":3}},"29":{"start":{"line":39,"column":4},"end":{"line":39,"column":45}},"30":{"start":{"line":42,"column":2},"end":{"line":118,"column":6}},"31":{"start":{"line":52,"column":20},"end":{"line":52,"column":38}},"32":{"start":{"line":53,"column":20},"end":{"line":53,"column":36}},"33":{"start":{"line":54,"column":21},"end":{"line":54,"column":38}},"34":{"start":{"line":55,"column":18},"end":{"line":55,"column":32}},"35":{"start":{"line":56,"column":29},"end":{"line":56,"column":61}},"36":{"start":{"line":57,"column":6},"end":{"line":81,"column":7}},"37":{"start":{"line":58,"column":8},"end":{"line":58,"column":126}},"38":{"start":{"line":59,"column":13},"end":{"line":81,"column":7}},"39":{"start":{"line":60,"column":8},"end":{"line":60,"column":81}},"40":{"start":{"line":61,"column":13},"end":{"line":81,"column":7}},"41":{"start":{"line":62,"column":8},"end":{"line":62,"column":80}},"42":{"start":{"line":63,"column":13},"end":{"line":81,"column":7}},"43":{"start":{"line":64,"column":8},"end":{"line":64,"column":95}},"44":{"start":{"line":66,"column":8},"end":{"line":80,"column":11}},"45":{"start":{"line":67,"column":10},"end":{"line":79,"column":11}},"46":{"start":{"line":68,"column":12},"end":{"line":68,"column":66}},"47":{"start":{"line":70,"column":12},"end":{"line":78,"column":15}},"48":{"start":{"line":71,"column":14},"end":{"line":77,"column":15}},"49":{"start":{"line":72,"column":16},"end":{"line":74,"column":19}},"50":{"start":{"line":73,"column":18},"end":{"line":73,"column":151}},"51":{"start":{"line":76,"column":16},"end":{"line":76,"column":105}},"52":{"start":{"line":94,"column":22},"end":{"line":94,"column":42}},"53":{"start":{"line":95,"column":18},"end":{"line":95,"column":32}},"54":{"start":{"line":96,"column":6},"end":{"line":116,"column":7}},"55":{"start":{"line":97,"column":8},"end":{"line":97,"column":86}},"56":{"start":{"line":98,"column":13},"end":{"line":116,"column":7}},"57":{"start":{"line":99,"column":8},"end":{"line":99,"column":65}},"58":{"start":{"line":101,"column":8},"end":{"line":115,"column":11}},"59":{"start":{"line":102,"column":10},"end":{"line":114,"column":11}},"60":{"start":{"line":103,"column":12},"end":{"line":103,"column":56}},"61":{"start":{"line":105,"column":12},"end":{"line":113,"column":15}},"62":{"start":{"line":106,"column":14},"end":{"line":112,"column":15}},"63":{"start":{"line":107,"column":16},"end":{"line":109,"column":19}},"64":{"start":{"line":108,"column":18},"end":{"line":108,"column":71}},"65":{"start":{"line":111,"column":16},"end":{"line":111,"column":94}},"66":{"start":{"line":120,"column":2},"end":{"line":120,"column":27}},"67":{"start":{"line":123,"column":0},"end":{"line":123,"column":36}}},"fnMap":{"0":{"name":"(anonymous_0)","decl":{"start":{"line":7,"column":19},"end":{"line":7,"column":20}},"loc":{"start":{"line":7,"column":31},"end":{"line":7,"column":561}},"line":7},"1":{"name":"defineProperties","decl":{"start":{"line":7,"column":42},"end":{"line":7,"column":58}},"loc":{"start":{"line":7,"column":74},"end":{"line":7,"column":349}},"line":7},"2":{"name":"(anonymous_2)","decl":{"start":{"line":7,"column":357},"end":{"line":7,"column":358}},"loc":{"start":{"line":7,"column":405},"end":{"line":7,"column":558}},"line":7},"3":{"name":"_interopRequireDefault","decl":{"start":{"line":25,"column":9},"end":{"line":25,"column":31}},"loc":{"start":{"line":25,"column":37},"end":{"line":25,"column":95}},"line":25},"4":{"name":"_classCallCheck","decl":{"start":{"line":27,"column":9},"end":{"line":27,"column":24}},"loc":{"start":{"line":27,"column":48},"end":{"line":27,"column":153}},"line":27},"5":{"name":"(anonymous_5)","decl":{"start":{"line":37,"column":24},"end":{"line":37,"column":25}},"loc":{"start":{"line":37,"column":36},"end":{"line":121,"column":1}},"line":37},"6":{"name":"MessageController","decl":{"start":{"line":38,"column":11},"end":{"line":38,"column":28}},"loc":{"start":{"line":38,"column":31},"end":{"line":40,"column":3}},"line":38},"7":{"name":"postMessageToGroup","decl":{"start":{"line":51,"column":20},"end":{"line":51,"column":38}},"loc":{"start":{"line":51,"column":49},"end":{"line":82,"column":5}},"line":51},"8":{"name":"(anonymous_8)","decl":{"start":{"line":66,"column":46},"end":{"line":66,"column":47}},"loc":{"start":{"line":66,"column":63},"end":{"line":80,"column":9}},"line":66},"9":{"name":"(anonymous_9)","decl":{"start":{"line":70,"column":61},"end":{"line":70,"column":62}},"loc":{"start":{"line":70,"column":84},"end":{"line":78,"column":13}},"line":70},"10":{"name":"(anonymous_10)","decl":{"start":{"line":72,"column":91},"end":{"line":72,"column":92}},"loc":{"start":{"line":72,"column":106},"end":{"line":74,"column":17}},"line":72},"11":{"name":"deleteMessage","decl":{"start":{"line":93,"column":20},"end":{"line":93,"column":33}},"loc":{"start":{"line":93,"column":44},"end":{"line":117,"column":5}},"line":93},"12":{"name":"(anonymous_12)","decl":{"start":{"line":101,"column":52},"end":{"line":101,"column":53}},"loc":{"start":{"line":101,"column":67},"end":{"line":115,"column":9}},"line":101},"13":{"name":"(anonymous_13)","decl":{"start":{"line":105,"column":61},"end":{"line":105,"column":62}},"loc":{"start":{"line":105,"column":84},"end":{"line":113,"column":13}},"line":105},"14":{"name":"(anonymous_14)","decl":{"start":{"line":107,"column":59},"end":{"line":107,"column":60}},"loc":{"start":{"line":107,"column":71},"end":{"line":109,"column":17}},"line":107}},"branchMap":{"0":{"loc":{"start":{"line":7,"column":168},"end":{"line":7,"column":198}},"type":"binary-expr","locations":[{"start":{"line":7,"column":168},"end":{"line":7,"column":189}},{"start":{"line":7,"column":193},"end":{"line":7,"column":198}}],"line":7},"1":{"loc":{"start":{"line":7,"column":232},"end":{"line":7,"column":286}},"type":"if","locations":[{"start":{"line":7,"column":232},"end":{"line":7,"column":286}},{"start":{"line":7,"column":232},"end":{"line":7,"column":286}}],"line":7},"2":{"loc":{"start":{"line":7,"column":407},"end":{"line":7,"column":475}},"type":"if","locations":[{"start":{"line":7,"column":407},"end":{"line":7,"column":475}},{"start":{"line":7,"column":407},"end":{"line":7,"column":475}}],"line":7},"3":{"loc":{"start":{"line":7,"column":476},"end":{"line":7,"column":536}},"type":"if","locations":[{"start":{"line":7,"column":476},"end":{"line":7,"column":536}},{"start":{"line":7,"column":476},"end":{"line":7,"column":536}}],"line":7},"4":{"loc":{"start":{"line":25,"column":46},"end":{"line":25,"column":92}},"type":"cond-expr","locations":[{"start":{"line":25,"column":70},"end":{"line":25,"column":73}},{"start":{"line":25,"column":76},"end":{"line":25,"column":92}}],"line":25},"5":{"loc":{"start":{"line":25,"column":46},"end":{"line":25,"column":67}},"type":"binary-expr","locations":[{"start":{"line":25,"column":46},"end":{"line":25,"column":49}},{"start":{"line":25,"column":53},"end":{"line":25,"column":67}}],"line":25},"6":{"loc":{"start":{"line":27,"column":50},"end":{"line":27,"column":151}},"type":"if","locations":[{"start":{"line":27,"column":50},"end":{"line":27,"column":151}},{"start":{"line":27,"column":50},"end":{"line":27,"column":151}}],"line":27},"7":{"loc":{"start":{"line":57,"column":6},"end":{"line":81,"column":7}},"type":"if","locations":[{"start":{"line":57,"column":6},"end":{"line":81,"column":7}},{"start":{"line":57,"column":6},"end":{"line":81,"column":7}}],"line":57},"8":{"loc":{"start":{"line":57,"column":10},"end":{"line":57,"column":105}},"type":"binary-expr","locations":[{"start":{"line":57,"column":10},"end":{"line":57,"column":31}},{"start":{"line":57,"column":35},"end":{"line":57,"column":56}},{"start":{"line":57,"column":60},"end":{"line":57,"column":79}},{"start":{"line":57,"column":83},"end":{"line":57,"column":105}}],"line":57},"9":{"loc":{"start":{"line":59,"column":13},"end":{"line":81,"column":7}},"type":"if","locations":[{"start":{"line":59,"column":13},"end":{"line":81,"column":7}},{"start":{"line":59,"column":13},"end":{"line":81,"column":7}}],"line":59},"10":{"loc":{"start":{"line":59,"column":17},"end":{"line":59,"column":75}},"type":"binary-expr","locations":[{"start":{"line":59,"column":17},"end":{"line":59,"column":44}},{"start":{"line":59,"column":48},"end":{"line":59,"column":75}}],"line":59},"11":{"loc":{"start":{"line":61,"column":13},"end":{"line":81,"column":7}},"type":"if","locations":[{"start":{"line":61,"column":13},"end":{"line":81,"column":7}},{"start":{"line":61,"column":13},"end":{"line":81,"column":7}}],"line":61},"12":{"loc":{"start":{"line":63,"column":13},"end":{"line":81,"column":7}},"type":"if","locations":[{"start":{"line":63,"column":13},"end":{"line":81,"column":7}},{"start":{"line":63,"column":13},"end":{"line":81,"column":7}}],"line":63},"13":{"loc":{"start":{"line":67,"column":10},"end":{"line":79,"column":11}},"type":"if","locations":[{"start":{"line":67,"column":10},"end":{"line":79,"column":11}},{"start":{"line":67,"column":10},"end":{"line":79,"column":11}}],"line":67},"14":{"loc":{"start":{"line":71,"column":14},"end":{"line":77,"column":15}},"type":"if","locations":[{"start":{"line":71,"column":14},"end":{"line":77,"column":15}},{"start":{"line":71,"column":14},"end":{"line":77,"column":15}}],"line":71},"15":{"loc":{"start":{"line":96,"column":6},"end":{"line":116,"column":7}},"type":"if","locations":[{"start":{"line":96,"column":6},"end":{"line":116,"column":7}},{"start":{"line":96,"column":6},"end":{"line":116,"column":7}}],"line":96},"16":{"loc":{"start":{"line":96,"column":10},"end":{"line":96,"column":89}},"type":"binary-expr","locations":[{"start":{"line":96,"column":10},"end":{"line":96,"column":33}},{"start":{"line":96,"column":37},"end":{"line":96,"column":66}},{"start":{"line":96,"column":70},"end":{"line":96,"column":89}}],"line":96},"17":{"loc":{"start":{"line":98,"column":13},"end":{"line":116,"column":7}},"type":"if","locations":[{"start":{"line":98,"column":13},"end":{"line":116,"column":7}},{"start":{"line":98,"column":13},"end":{"line":116,"column":7}}],"line":98},"18":{"loc":{"start":{"line":102,"column":10},"end":{"line":114,"column":11}},"type":"if","locations":[{"start":{"line":102,"column":10},"end":{"line":114,"column":11}},{"start":{"line":102,"column":10},"end":{"line":114,"column":11}}],"line":102},"19":{"loc":{"start":{"line":106,"column":14},"end":{"line":112,"column":15}},"type":"if","locations":[{"start":{"line":106,"column":14},"end":{"line":112,"column":15}},{"start":{"line":106,"column":14},"end":{"line":112,"column":15}}],"line":106}},"s":{"0":1,"1":1,"2":1,"3":2,"4":2,"5":2,"6":2,"7":2,"8":2,"9":1,"10":1,"11":0,"12":1,"13":1,"14":1,"15":1,"16":1,"17":1,"18":1,"19":1,"20":1,"21":1,"22":1,"23":4,"24":0,"25":0,"26":1,"27":1,"28":1,"29":0,"30":1,"31":7,"32":7,"33":7,"34":7,"35":7,"36":7,"37":3,"38":4,"39":1,"40":3,"41":0,"42":3,"43":1,"44":2,"45":2,"46":1,"47":1,"48":1,"49":0,"50":0,"51":1,"52":0,"53":0,"54":0,"55":0,"56":0,"57":0,"58":0,"59":0,"60":0,"61":0,"62":0,"63":0,"64":0,"65":0,"66":1,"67":1},"f":{"0":1,"1":1,"2":1,"3":4,"4":0,"5":1,"6":0,"7":7,"8":2,"9":1,"10":0,"11":0,"12":0,"13":0,"14":0},"b":{"0":[2,2],"1":[2,0],"2":[0,1],"3":[1,0],"4":[2,2],"5":[4,4],"6":[0,0],"7":[3,4],"8":[7,7,6,5],"9":[1,3],"10":[4,3],"11":[0,3],"12":[1,2],"13":[1,1],"14":[0,1],"15":[0,0],"16":[0,0,0],"17":[0,0],"18":[0,0],"19":[0,0]},"_coverageSchema":"332fd63041d2c1bcb487cc26dd0d5f7d97098a6c","hash":"572f2f24fbebc17f54f7f5b723f7233cf41fe26c","contentHash":"fbf9c2959133d016a784df0b3141bcfd_11.1.0"},"/Users/andeladeveloper/Desktop/PostIt/server/services/message.js":{"path":"/Users/andeladeveloper/Desktop/PostIt/server/services/message.js","statementMap":{"0":{"start":{"line":3,"column":0},"end":{"line":5,"column":3}},"1":{"start":{"line":7,"column":19},"end":{"line":7,"column":563}},"2":{"start":{"line":7,"column":76},"end":{"line":7,"column":347}},"3":{"start":{"line":7,"column":134},"end":{"line":7,"column":142}},"4":{"start":{"line":7,"column":144},"end":{"line":7,"column":199}},"5":{"start":{"line":7,"column":200},"end":{"line":7,"column":231}},"6":{"start":{"line":7,"column":232},"end":{"line":7,"column":286}},"7":{"start":{"line":7,"column":259},"end":{"line":7,"column":286}},"8":{"start":{"line":7,"column":287},"end":{"line":7,"column":345}},"9":{"start":{"line":7,"column":350},"end":{"line":7,"column":559}},"10":{"start":{"line":7,"column":407},"end":{"line":7,"column":475}},"11":{"start":{"line":7,"column":423},"end":{"line":7,"column":475}},"12":{"start":{"line":7,"column":476},"end":{"line":7,"column":536}},"13":{"start":{"line":7,"column":493},"end":{"line":7,"column":536}},"14":{"start":{"line":7,"column":537},"end":{"line":7,"column":556}},"15":{"start":{"line":9,"column":14},"end":{"line":9,"column":34}},"16":{"start":{"line":11,"column":15},"end":{"line":11,"column":46}},"17":{"start":{"line":13,"column":39},"end":{"line":13,"column":93}},"18":{"start":{"line":15,"column":50},"end":{"line":15,"column":151}},"19":{"start":{"line":15,"column":92},"end":{"line":15,"column":149}},"20":{"start":{"line":17,"column":14},"end":{"line":17,"column":38}},"21":{"start":{"line":24,"column":19},"end":{"line":97,"column":3}},"22":{"start":{"line":26,"column":4},"end":{"line":26,"column":40}},"23":{"start":{"line":29,"column":2},"end":{"line":94,"column":6}},"24":{"start":{"line":42,"column":6},"end":{"line":51,"column":9}},"25":{"start":{"line":48,"column":8},"end":{"line":48,"column":20}},"26":{"start":{"line":50,"column":8},"end":{"line":50,"column":27}},"27":{"start":{"line":64,"column":6},"end":{"line":72,"column":9}},"28":{"start":{"line":69,"column":8},"end":{"line":69,"column":20}},"29":{"start":{"line":71,"column":8},"end":{"line":71,"column":27}},"30":{"start":{"line":84,"column":6},"end":{"line":92,"column":9}},"31":{"start":{"line":89,"column":8},"end":{"line":89,"column":18}},"32":{"start":{"line":91,"column":8},"end":{"line":91,"column":27}},"33":{"start":{"line":96,"column":2},"end":{"line":96,"column":22}},"34":{"start":{"line":99,"column":0},"end":{"line":99,"column":31}}},"fnMap":{"0":{"name":"(anonymous_0)","decl":{"start":{"line":7,"column":19},"end":{"line":7,"column":20}},"loc":{"start":{"line":7,"column":31},"end":{"line":7,"column":561}},"line":7},"1":{"name":"defineProperties","decl":{"start":{"line":7,"column":42},"end":{"line":7,"column":58}},"loc":{"start":{"line":7,"column":74},"end":{"line":7,"column":349}},"line":7},"2":{"name":"(anonymous_2)","decl":{"start":{"line":7,"column":357},"end":{"line":7,"column":358}},"loc":{"start":{"line":7,"column":405},"end":{"line":7,"column":558}},"line":7},"3":{"name":"_interopRequireDefault","decl":{"start":{"line":13,"column":9},"end":{"line":13,"column":31}},"loc":{"start":{"line":13,"column":37},"end":{"line":13,"column":95}},"line":13},"4":{"name":"_classCallCheck","decl":{"start":{"line":15,"column":9},"end":{"line":15,"column":24}},"loc":{"start":{"line":15,"column":48},"end":{"line":15,"column":153}},"line":15},"5":{"name":"(anonymous_5)","decl":{"start":{"line":24,"column":19},"end":{"line":24,"column":20}},"loc":{"start":{"line":24,"column":31},"end":{"line":97,"column":1}},"line":24},"6":{"name":"MessageClass","decl":{"start":{"line":25,"column":11},"end":{"line":25,"column":23}},"loc":{"start":{"line":25,"column":26},"end":{"line":27,"column":3}},"line":25},"7":{"name":"postMessage","decl":{"start":{"line":41,"column":20},"end":{"line":41,"column":31}},"loc":{"start":{"line":41,"column":76},"end":{"line":52,"column":5}},"line":41},"8":{"name":"(anonymous_8)","decl":{"start":{"line":47,"column":14},"end":{"line":47,"column":15}},"loc":{"start":{"line":47,"column":31},"end":{"line":49,"column":7}},"line":47},"9":{"name":"(anonymous_9)","decl":{"start":{"line":49,"column":15},"end":{"line":49,"column":16}},"loc":{"start":{"line":49,"column":30},"end":{"line":51,"column":7}},"line":49},"10":{"name":"getMessageById","decl":{"start":{"line":63,"column":20},"end":{"line":63,"column":34}},"loc":{"start":{"line":63,"column":52},"end":{"line":73,"column":5}},"line":63},"11":{"name":"(anonymous_11)","decl":{"start":{"line":68,"column":14},"end":{"line":68,"column":15}},"loc":{"start":{"line":68,"column":31},"end":{"line":70,"column":7}},"line":68},"12":{"name":"(anonymous_12)","decl":{"start":{"line":70,"column":15},"end":{"line":70,"column":16}},"loc":{"start":{"line":70,"column":30},"end":{"line":72,"column":7}},"line":70},"13":{"name":"deleteMessage","decl":{"start":{"line":83,"column":20},"end":{"line":83,"column":33}},"loc":{"start":{"line":83,"column":51},"end":{"line":93,"column":5}},"line":83},"14":{"name":"(anonymous_14)","decl":{"start":{"line":88,"column":14},"end":{"line":88,"column":15}},"loc":{"start":{"line":88,"column":29},"end":{"line":90,"column":7}},"line":88},"15":{"name":"(anonymous_15)","decl":{"start":{"line":90,"column":15},"end":{"line":90,"column":16}},"loc":{"start":{"line":90,"column":30},"end":{"line":92,"column":7}},"line":90}},"branchMap":{"0":{"loc":{"start":{"line":7,"column":168},"end":{"line":7,"column":198}},"type":"binary-expr","locations":[{"start":{"line":7,"column":168},"end":{"line":7,"column":189}},{"start":{"line":7,"column":193},"end":{"line":7,"column":198}}],"line":7},"1":{"loc":{"start":{"line":7,"column":232},"end":{"line":7,"column":286}},"type":"if","locations":[{"start":{"line":7,"column":232},"end":{"line":7,"column":286}},{"start":{"line":7,"column":232},"end":{"line":7,"column":286}}],"line":7},"2":{"loc":{"start":{"line":7,"column":407},"end":{"line":7,"column":475}},"type":"if","locations":[{"start":{"line":7,"column":407},"end":{"line":7,"column":475}},{"start":{"line":7,"column":407},"end":{"line":7,"column":475}}],"line":7},"3":{"loc":{"start":{"line":7,"column":476},"end":{"line":7,"column":536}},"type":"if","locations":[{"start":{"line":7,"column":476},"end":{"line":7,"column":536}},{"start":{"line":7,"column":476},"end":{"line":7,"column":536}}],"line":7},"4":{"loc":{"start":{"line":13,"column":46},"end":{"line":13,"column":92}},"type":"cond-expr","locations":[{"start":{"line":13,"column":70},"end":{"line":13,"column":73}},{"start":{"line":13,"column":76},"end":{"line":13,"column":92}}],"line":13},"5":{"loc":{"start":{"line":13,"column":46},"end":{"line":13,"column":67}},"type":"binary-expr","locations":[{"start":{"line":13,"column":46},"end":{"line":13,"column":49}},{"start":{"line":13,"column":53},"end":{"line":13,"column":67}}],"line":13},"6":{"loc":{"start":{"line":15,"column":50},"end":{"line":15,"column":151}},"type":"if","locations":[{"start":{"line":15,"column":50},"end":{"line":15,"column":151}},{"start":{"line":15,"column":50},"end":{"line":15,"column":151}}],"line":15}},"s":{"0":1,"1":1,"2":1,"3":3,"4":3,"5":3,"6":3,"7":3,"8":3,"9":1,"10":1,"11":0,"12":1,"13":1,"14":1,"15":1,"16":1,"17":1,"18":0,"19":0,"20":1,"21":1,"22":0,"23":1,"24":0,"25":0,"26":0,"27":0,"28":0,"29":0,"30":0,"31":0,"32":0,"33":1,"34":1},"f":{"0":1,"1":1,"2":1,"3":1,"4":0,"5":1,"6":0,"7":0,"8":0,"9":0,"10":0,"11":0,"12":0,"13":0,"14":0,"15":0},"b":{"0":[3,3],"1":[3,0],"2":[0,1],"3":[1,0],"4":[0,1],"5":[1,1],"6":[0,0]},"_coverageSchema":"332fd63041d2c1bcb487cc26dd0d5f7d97098a6c","hash":"6033b517def307b214bf30abc5787e777427d95e","contentHash":"c197fcaf7400637e68d027ba9ad6b9f7_11.1.0"}}