{"/Users/andeladeveloper/Desktop/PostIt/server/services/Group.js":{"path":"/Users/andeladeveloper/Desktop/PostIt/server/services/Group.js","statementMap":{"0":{"start":{"line":3,"column":0},"end":{"line":5,"column":3}},"1":{"start":{"line":7,"column":19},"end":{"line":7,"column":563}},"2":{"start":{"line":7,"column":76},"end":{"line":7,"column":347}},"3":{"start":{"line":7,"column":134},"end":{"line":7,"column":142}},"4":{"start":{"line":7,"column":144},"end":{"line":7,"column":199}},"5":{"start":{"line":7,"column":200},"end":{"line":7,"column":231}},"6":{"start":{"line":7,"column":232},"end":{"line":7,"column":286}},"7":{"start":{"line":7,"column":259},"end":{"line":7,"column":286}},"8":{"start":{"line":7,"column":287},"end":{"line":7,"column":345}},"9":{"start":{"line":7,"column":350},"end":{"line":7,"column":559}},"10":{"start":{"line":7,"column":407},"end":{"line":7,"column":475}},"11":{"start":{"line":7,"column":423},"end":{"line":7,"column":475}},"12":{"start":{"line":7,"column":476},"end":{"line":7,"column":536}},"13":{"start":{"line":7,"column":493},"end":{"line":7,"column":536}},"14":{"start":{"line":7,"column":537},"end":{"line":7,"column":556}},"15":{"start":{"line":9,"column":14},"end":{"line":9,"column":34}},"16":{"start":{"line":11,"column":15},"end":{"line":11,"column":46}},"17":{"start":{"line":13,"column":39},"end":{"line":13,"column":93}},"18":{"start":{"line":15,"column":50},"end":{"line":15,"column":151}},"19":{"start":{"line":15,"column":92},"end":{"line":15,"column":149}},"20":{"start":{"line":17,"column":13},"end":{"line":17,"column":35}},"21":{"start":{"line":18,"column":15},"end":{"line":18,"column":39}},"22":{"start":{"line":25,"column":12},"end":{"line":155,"column":3}},"23":{"start":{"line":27,"column":4},"end":{"line":27,"column":33}},"24":{"start":{"line":30,"column":2},"end":{"line":152,"column":6}},"25":{"start":{"line":44,"column":6},"end":{"line":56,"column":9}},"26":{"start":{"line":53,"column":8},"end":{"line":53,"column":20}},"27":{"start":{"line":55,"column":8},"end":{"line":55,"column":27}},"28":{"start":{"line":71,"column":6},"end":{"line":73,"column":9}},"29":{"start":{"line":72,"column":8},"end":{"line":72,"column":20}},"30":{"start":{"line":88,"column":6},"end":{"line":98,"column":9}},"31":{"start":{"line":95,"column":8},"end":{"line":95,"column":19}},"32":{"start":{"line":97,"column":8},"end":{"line":97,"column":27}},"33":{"start":{"line":115,"column":16},"end":{"line":115,"column":18}},"34":{"start":{"line":116,"column":6},"end":{"line":118,"column":9}},"35":{"start":{"line":117,"column":8},"end":{"line":117,"column":32}},"36":{"start":{"line":119,"column":6},"end":{"line":128,"column":9}},"37":{"start":{"line":125,"column":8},"end":{"line":125,"column":19}},"38":{"start":{"line":127,"column":8},"end":{"line":127,"column":27}},"39":{"start":{"line":142,"column":6},"end":{"line":150,"column":9}},"40":{"start":{"line":147,"column":8},"end":{"line":147,"column":20}},"41":{"start":{"line":149,"column":8},"end":{"line":149,"column":27}},"42":{"start":{"line":154,"column":2},"end":{"line":154,"column":15}},"43":{"start":{"line":157,"column":0},"end":{"line":157,"column":24}}},"fnMap":{"0":{"name":"(anonymous_0)","decl":{"start":{"line":7,"column":19},"end":{"line":7,"column":20}},"loc":{"start":{"line":7,"column":31},"end":{"line":7,"column":561}},"line":7},"1":{"name":"defineProperties","decl":{"start":{"line":7,"column":42},"end":{"line":7,"column":58}},"loc":{"start":{"line":7,"column":74},"end":{"line":7,"column":349}},"line":7},"2":{"name":"(anonymous_2)","decl":{"start":{"line":7,"column":357},"end":{"line":7,"column":358}},"loc":{"start":{"line":7,"column":405},"end":{"line":7,"column":558}},"line":7},"3":{"name":"_interopRequireDefault","decl":{"start":{"line":13,"column":9},"end":{"line":13,"column":31}},"loc":{"start":{"line":13,"column":37},"end":{"line":13,"column":95}},"line":13},"4":{"name":"_classCallCheck","decl":{"start":{"line":15,"column":9},"end":{"line":15,"column":24}},"loc":{"start":{"line":15,"column":48},"end":{"line":15,"column":153}},"line":15},"5":{"name":"(anonymous_5)","decl":{"start":{"line":25,"column":12},"end":{"line":25,"column":13}},"loc":{"start":{"line":25,"column":24},"end":{"line":155,"column":1}},"line":25},"6":{"name":"Group","decl":{"start":{"line":26,"column":11},"end":{"line":26,"column":16}},"loc":{"start":{"line":26,"column":19},"end":{"line":28,"column":3}},"line":26},"7":{"name":"saveGroup","decl":{"start":{"line":43,"column":20},"end":{"line":43,"column":29}},"loc":{"start":{"line":43,"column":71},"end":{"line":57,"column":5}},"line":43},"8":{"name":"(anonymous_8)","decl":{"start":{"line":52,"column":14},"end":{"line":52,"column":15}},"loc":{"start":{"line":52,"column":31},"end":{"line":54,"column":7}},"line":52},"9":{"name":"(anonymous_9)","decl":{"start":{"line":54,"column":15},"end":{"line":54,"column":16}},"loc":{"start":{"line":54,"column":30},"end":{"line":56,"column":7}},"line":54},"10":{"name":"getGroupById","decl":{"start":{"line":70,"column":20},"end":{"line":70,"column":32}},"loc":{"start":{"line":70,"column":48},"end":{"line":74,"column":5}},"line":70},"11":{"name":"(anonymous_11)","decl":{"start":{"line":71,"column":54},"end":{"line":71,"column":55}},"loc":{"start":{"line":71,"column":71},"end":{"line":73,"column":7}},"line":71},"12":{"name":"getGroupMessages","decl":{"start":{"line":87,"column":20},"end":{"line":87,"column":36}},"loc":{"start":{"line":87,"column":52},"end":{"line":99,"column":5}},"line":87},"13":{"name":"(anonymous_13)","decl":{"start":{"line":94,"column":14},"end":{"line":94,"column":15}},"loc":{"start":{"line":94,"column":30},"end":{"line":96,"column":7}},"line":94},"14":{"name":"(anonymous_14)","decl":{"start":{"line":96,"column":15},"end":{"line":96,"column":16}},"loc":{"start":{"line":96,"column":30},"end":{"line":98,"column":7}},"line":96},"15":{"name":"getUserGroups","decl":{"start":{"line":114,"column":20},"end":{"line":114,"column":33}},"loc":{"start":{"line":114,"column":65},"end":{"line":129,"column":5}},"line":114},"16":{"name":"(anonymous_16)","decl":{"start":{"line":116,"column":23},"end":{"line":116,"column":24}},"loc":{"start":{"line":116,"column":40},"end":{"line":118,"column":7}},"line":116},"17":{"name":"(anonymous_17)","decl":{"start":{"line":124,"column":14},"end":{"line":124,"column":15}},"loc":{"start":{"line":124,"column":30},"end":{"line":126,"column":7}},"line":124},"18":{"name":"(anonymous_18)","decl":{"start":{"line":126,"column":15},"end":{"line":126,"column":16}},"loc":{"start":{"line":126,"column":30},"end":{"line":128,"column":7}},"line":126},"19":{"name":"deleteGroup","decl":{"start":{"line":141,"column":20},"end":{"line":141,"column":31}},"loc":{"start":{"line":141,"column":47},"end":{"line":151,"column":5}},"line":141},"20":{"name":"(anonymous_20)","decl":{"start":{"line":146,"column":14},"end":{"line":146,"column":15}},"loc":{"start":{"line":146,"column":31},"end":{"line":148,"column":7}},"line":146},"21":{"name":"(anonymous_21)","decl":{"start":{"line":148,"column":15},"end":{"line":148,"column":16}},"loc":{"start":{"line":148,"column":30},"end":{"line":150,"column":7}},"line":148}},"branchMap":{"0":{"loc":{"start":{"line":7,"column":168},"end":{"line":7,"column":198}},"type":"binary-expr","locations":[{"start":{"line":7,"column":168},"end":{"line":7,"column":189}},{"start":{"line":7,"column":193},"end":{"line":7,"column":198}}],"line":7},"1":{"loc":{"start":{"line":7,"column":232},"end":{"line":7,"column":286}},"type":"if","locations":[{"start":{"line":7,"column":232},"end":{"line":7,"column":286}},{"start":{"line":7,"column":232},"end":{"line":7,"column":286}}],"line":7},"2":{"loc":{"start":{"line":7,"column":407},"end":{"line":7,"column":475}},"type":"if","locations":[{"start":{"line":7,"column":407},"end":{"line":7,"column":475}},{"start":{"line":7,"column":407},"end":{"line":7,"column":475}}],"line":7},"3":{"loc":{"start":{"line":7,"column":476},"end":{"line":7,"column":536}},"type":"if","locations":[{"start":{"line":7,"column":476},"end":{"line":7,"column":536}},{"start":{"line":7,"column":476},"end":{"line":7,"column":536}}],"line":7},"4":{"loc":{"start":{"line":13,"column":46},"end":{"line":13,"column":92}},"type":"cond-expr","locations":[{"start":{"line":13,"column":70},"end":{"line":13,"column":73}},{"start":{"line":13,"column":76},"end":{"line":13,"column":92}}],"line":13},"5":{"loc":{"start":{"line":13,"column":46},"end":{"line":13,"column":67}},"type":"binary-expr","locations":[{"start":{"line":13,"column":46},"end":{"line":13,"column":49}},{"start":{"line":13,"column":53},"end":{"line":13,"column":67}}],"line":13},"6":{"loc":{"start":{"line":15,"column":50},"end":{"line":15,"column":151}},"type":"if","locations":[{"start":{"line":15,"column":50},"end":{"line":15,"column":151}},{"start":{"line":15,"column":50},"end":{"line":15,"column":151}}],"line":15}},"s":{"0":1,"1":1,"2":1,"3":5,"4":5,"5":5,"6":5,"7":5,"8":5,"9":1,"10":1,"11":0,"12":1,"13":1,"14":1,"15":1,"16":1,"17":1,"18":0,"19":0,"20":1,"21":1,"22":1,"23":0,"24":1,"25":3,"26":3,"27":0,"28":11,"29":11,"30":0,"31":0,"32":0,"33":1,"34":1,"35":1,"36":1,"37":1,"38":0,"39":2,"40":2,"41":0,"42":1,"43":1},"f":{"0":1,"1":1,"2":1,"3":1,"4":0,"5":1,"6":0,"7":3,"8":3,"9":0,"10":11,"11":11,"12":0,"13":0,"14":0,"15":1,"16":1,"17":1,"18":0,"19":2,"20":2,"21":0},"b":{"0":[5,5],"1":[5,0],"2":[0,1],"3":[1,0],"4":[0,1],"5":[1,1],"6":[0,0]},"_coverageSchema":"332fd63041d2c1bcb487cc26dd0d5f7d97098a6c","hash":"c61ef9d9c009dfe250718acb194daaac10dfb18e","contentHash":"1544afcf85a9d5c879434b33bc4f538b_11.1.0"},"/Users/andeladeveloper/Desktop/PostIt/server/models/index.js":{"path":"/Users/andeladeveloper/Desktop/PostIt/server/models/index.js","statementMap":{"0":{"start":{"line":3,"column":10},"end":{"line":3,"column":23}},"1":{"start":{"line":5,"column":11},"end":{"line":5,"column":38}},"2":{"start":{"line":7,"column":12},"end":{"line":7,"column":27}},"3":{"start":{"line":9,"column":13},"end":{"line":9,"column":42}},"4":{"start":{"line":11,"column":17},"end":{"line":11,"column":37}},"5":{"start":{"line":13,"column":18},"end":{"line":13,"column":52}},"6":{"start":{"line":15,"column":39},"end":{"line":15,"column":93}},"7":{"start":{"line":17,"column":15},"end":{"line":17,"column":55}},"8":{"start":{"line":18,"column":10},"end":{"line":18,"column":47}},"9":{"start":{"line":19,"column":13},"end":{"line":19,"column":61}},"10":{"start":{"line":20,"column":9},"end":{"line":20,"column":11}},"11":{"start":{"line":22,"column":16},"end":{"line":22,"column":22}},"12":{"start":{"line":23,"column":0},"end":{"line":27,"column":1}},"13":{"start":{"line":24,"column":2},"end":{"line":24,"column":76}},"14":{"start":{"line":26,"column":2},"end":{"line":26,"column":97}},"15":{"start":{"line":29,"column":0},"end":{"line":34,"column":3}},"16":{"start":{"line":30,"column":2},"end":{"line":30,"column":82}},"17":{"start":{"line":32,"column":14},"end":{"line":32,"column":68}},"18":{"start":{"line":33,"column":2},"end":{"line":33,"column":25}},"19":{"start":{"line":36,"column":0},"end":{"line":40,"column":3}},"20":{"start":{"line":37,"column":2},"end":{"line":39,"column":3}},"21":{"start":{"line":38,"column":4},"end":{"line":38,"column":32}},"22":{"start":{"line":42,"column":0},"end":{"line":42,"column":25}},"23":{"start":{"line":43,"column":0},"end":{"line":43,"column":35}},"24":{"start":{"line":45,"column":0},"end":{"line":45,"column":20}}},"fnMap":{"0":{"name":"_interopRequireDefault","decl":{"start":{"line":15,"column":9},"end":{"line":15,"column":31}},"loc":{"start":{"line":15,"column":37},"end":{"line":15,"column":95}},"line":15},"1":{"name":"(anonymous_1)","decl":{"start":{"line":29,"column":43},"end":{"line":29,"column":44}},"loc":{"start":{"line":29,"column":59},"end":{"line":31,"column":1}},"line":29},"2":{"name":"(anonymous_2)","decl":{"start":{"line":31,"column":11},"end":{"line":31,"column":12}},"loc":{"start":{"line":31,"column":27},"end":{"line":34,"column":1}},"line":31},"3":{"name":"(anonymous_3)","decl":{"start":{"line":36,"column":24},"end":{"line":36,"column":25}},"loc":{"start":{"line":36,"column":45},"end":{"line":40,"column":1}},"line":36}},"branchMap":{"0":{"loc":{"start":{"line":15,"column":46},"end":{"line":15,"column":92}},"type":"cond-expr","locations":[{"start":{"line":15,"column":70},"end":{"line":15,"column":73}},{"start":{"line":15,"column":76},"end":{"line":15,"column":92}}],"line":15},"1":{"loc":{"start":{"line":15,"column":46},"end":{"line":15,"column":67}},"type":"binary-expr","locations":[{"start":{"line":15,"column":46},"end":{"line":15,"column":49}},{"start":{"line":15,"column":53},"end":{"line":15,"column":67}}],"line":15},"2":{"loc":{"start":{"line":18,"column":10},"end":{"line":18,"column":47}},"type":"binary-expr","locations":[{"start":{"line":18,"column":10},"end":{"line":18,"column":30}},{"start":{"line":18,"column":34},"end":{"line":18,"column":47}}],"line":18},"3":{"loc":{"start":{"line":23,"column":0},"end":{"line":27,"column":1}},"type":"if","locations":[{"start":{"line":23,"column":0},"end":{"line":27,"column":1}},{"start":{"line":23,"column":0},"end":{"line":27,"column":1}}],"line":23},"4":{"loc":{"start":{"line":30,"column":9},"end":{"line":30,"column":81}},"type":"binary-expr","locations":[{"start":{"line":30,"column":9},"end":{"line":30,"column":32}},{"start":{"line":30,"column":36},"end":{"line":30,"column":53}},{"start":{"line":30,"column":57},"end":{"line":30,"column":81}}],"line":30},"5":{"loc":{"start":{"line":37,"column":2},"end":{"line":39,"column":3}},"type":"if","locations":[{"start":{"line":37,"column":2},"end":{"line":39,"column":3}},{"start":{"line":37,"column":2},"end":{"line":39,"column":3}}],"line":37}},"s":{"0":1,"1":1,"2":1,"3":1,"4":1,"5":1,"6":3,"7":1,"8":1,"9":1,"10":1,"11":1,"12":1,"13":0,"14":1,"15":1,"16":7,"17":6,"18":6,"19":1,"20":6,"21":2,"22":1,"23":1,"24":1},"f":{"0":3,"1":7,"2":6,"3":6},"b":{"0":[0,3],"1":[3,3],"2":[1,1],"3":[0,1],"4":[7,7,6],"5":[2,4]},"_coverageSchema":"332fd63041d2c1bcb487cc26dd0d5f7d97098a6c","hash":"7d97aa15f966377d3dce7033978676d18084f6cd","contentHash":"34c8cf879b6db2b7edfd5aa6d87c138b_11.1.0"},"/Users/andeladeveloper/Desktop/PostIt/server/config/config.js":{"path":"/Users/andeladeveloper/Desktop/PostIt/server/config/config.js","statementMap":{"0":{"start":{"line":3,"column":13},"end":{"line":3,"column":30}},"1":{"start":{"line":5,"column":0},"end":{"line":5,"column":16}},"2":{"start":{"line":7,"column":0},"end":{"line":24,"column":2}}},"fnMap":{},"branchMap":{},"s":{"0":1,"1":1,"2":1},"f":{},"b":{},"_coverageSchema":"332fd63041d2c1bcb487cc26dd0d5f7d97098a6c","hash":"db2958364b4be7df5fad5273a3a2e400fca32233","contentHash":"9098e1224e0d72c4f5c4af48e73c65a8_11.1.0"},"/Users/andeladeveloper/Desktop/PostIt/server/models/Group.js":{"path":"/Users/andeladeveloper/Desktop/PostIt/server/models/Group.js","statementMap":{"0":{"start":{"line":3,"column":0},"end":{"line":24,"column":2}},"1":{"start":{"line":4,"column":14},"end":{"line":16,"column":4}},"2":{"start":{"line":17,"column":2},"end":{"line":22,"column":4}},"3":{"start":{"line":18,"column":4},"end":{"line":21,"column":7}},"4":{"start":{"line":23,"column":2},"end":{"line":23,"column":15}}},"fnMap":{"0":{"name":"(anonymous_0)","decl":{"start":{"line":3,"column":17},"end":{"line":3,"column":18}},"loc":{"start":{"line":3,"column":49},"end":{"line":24,"column":1}},"line":3},"1":{"name":"(anonymous_1)","decl":{"start":{"line":17,"column":20},"end":{"line":17,"column":21}},"loc":{"start":{"line":17,"column":38},"end":{"line":22,"column":3}},"line":17}},"branchMap":{},"s":{"0":1,"1":1,"2":1,"3":1,"4":1},"f":{"0":1,"1":1},"b":{},"_coverageSchema":"332fd63041d2c1bcb487cc26dd0d5f7d97098a6c","hash":"efb241210cc0032b67b6125523cc9fdf216cfec8","contentHash":"9d40f41ee611f82d1e12187fd877b6fb_11.1.0"},"/Users/andeladeveloper/Desktop/PostIt/server/models/GroupUser.js":{"path":"/Users/andeladeveloper/Desktop/PostIt/server/models/GroupUser.js","statementMap":{"0":{"start":{"line":3,"column":0},"end":{"line":9,"column":2}},"1":{"start":{"line":4,"column":18},"end":{"line":7,"column":4}},"2":{"start":{"line":8,"column":2},"end":{"line":8,"column":19}}},"fnMap":{"0":{"name":"(anonymous_0)","decl":{"start":{"line":3,"column":17},"end":{"line":3,"column":18}},"loc":{"start":{"line":3,"column":49},"end":{"line":9,"column":1}},"line":3}},"branchMap":{},"s":{"0":1,"1":1,"2":1},"f":{"0":1},"b":{},"_coverageSchema":"332fd63041d2c1bcb487cc26dd0d5f7d97098a6c","hash":"22f6e8087f6fae87c40a2b03df4224e5f86223fa","contentHash":"bf8c1575ea6c4665589612562a39f78b_11.1.0"},"/Users/andeladeveloper/Desktop/PostIt/server/models/Message.js":{"path":"/Users/andeladeveloper/Desktop/PostIt/server/models/Message.js","statementMap":{"0":{"start":{"line":3,"column":0},"end":{"line":31,"column":2}},"1":{"start":{"line":4,"column":16},"end":{"line":20,"column":4}},"2":{"start":{"line":21,"column":2},"end":{"line":29,"column":4}},"3":{"start":{"line":22,"column":4},"end":{"line":25,"column":7}},"4":{"start":{"line":26,"column":4},"end":{"line":28,"column":7}},"5":{"start":{"line":30,"column":2},"end":{"line":30,"column":17}}},"fnMap":{"0":{"name":"(anonymous_0)","decl":{"start":{"line":3,"column":17},"end":{"line":3,"column":18}},"loc":{"start":{"line":3,"column":49},"end":{"line":31,"column":1}},"line":3},"1":{"name":"(anonymous_1)","decl":{"start":{"line":21,"column":22},"end":{"line":21,"column":23}},"loc":{"start":{"line":21,"column":40},"end":{"line":29,"column":3}},"line":21}},"branchMap":{},"s":{"0":1,"1":1,"2":1,"3":1,"4":1,"5":1},"f":{"0":1,"1":1},"b":{},"_coverageSchema":"332fd63041d2c1bcb487cc26dd0d5f7d97098a6c","hash":"7c72d8c196bddfdda65f51601bc9bb19a10d2218","contentHash":"6ebe98eff074ebc6de4467a2706a5233_11.1.0"},"/Users/andeladeveloper/Desktop/PostIt/server/models/Notification.js":{"path":"/Users/andeladeveloper/Desktop/PostIt/server/models/Notification.js","statementMap":{"0":{"start":{"line":3,"column":0},"end":{"line":11,"column":2}},"1":{"start":{"line":4,"column":21},"end":{"line":9,"column":4}},"2":{"start":{"line":10,"column":2},"end":{"line":10,"column":22}}},"fnMap":{"0":{"name":"(anonymous_0)","decl":{"start":{"line":3,"column":17},"end":{"line":3,"column":18}},"loc":{"start":{"line":3,"column":49},"end":{"line":11,"column":1}},"line":3}},"branchMap":{},"s":{"0":1,"1":1,"2":1},"f":{"0":1},"b":{},"_coverageSchema":"332fd63041d2c1bcb487cc26dd0d5f7d97098a6c","hash":"c55cf2748b236fea30f07fa8b0d740f8bf8e9427","contentHash":"0a8494babcd11dedbfeac81e1a889562_11.1.0"},"/Users/andeladeveloper/Desktop/PostIt/server/models/ReadMessage.js":{"path":"/Users/andeladeveloper/Desktop/PostIt/server/models/ReadMessage.js","statementMap":{"0":{"start":{"line":3,"column":0},"end":{"line":10,"column":2}},"1":{"start":{"line":4,"column":20},"end":{"line":8,"column":4}},"2":{"start":{"line":9,"column":2},"end":{"line":9,"column":21}}},"fnMap":{"0":{"name":"(anonymous_0)","decl":{"start":{"line":3,"column":17},"end":{"line":3,"column":18}},"loc":{"start":{"line":3,"column":49},"end":{"line":10,"column":1}},"line":3}},"branchMap":{},"s":{"0":1,"1":1,"2":1},"f":{"0":1},"b":{},"_coverageSchema":"332fd63041d2c1bcb487cc26dd0d5f7d97098a6c","hash":"3d02c6207511d8f6102d00fe218d714f28221ebb","contentHash":"e75c45d2f47749f4e40e902f20b2120a_11.1.0"},"/Users/andeladeveloper/Desktop/PostIt/server/models/User.js":{"path":"/Users/andeladeveloper/Desktop/PostIt/server/models/User.js","statementMap":{"0":{"start":{"line":3,"column":0},"end":{"line":47,"column":2}},"1":{"start":{"line":4,"column":13},"end":{"line":45,"column":4}},"2":{"start":{"line":39,"column":8},"end":{"line":42,"column":11}},"3":{"start":{"line":46,"column":2},"end":{"line":46,"column":14}}},"fnMap":{"0":{"name":"(anonymous_0)","decl":{"start":{"line":3,"column":17},"end":{"line":3,"column":18}},"loc":{"start":{"line":3,"column":49},"end":{"line":47,"column":1}},"line":3},"1":{"name":"associate","decl":{"start":{"line":38,"column":26},"end":{"line":38,"column":35}},"loc":{"start":{"line":38,"column":44},"end":{"line":43,"column":7}},"line":38}},"branchMap":{},"s":{"0":1,"1":1,"2":0,"3":1},"f":{"0":1,"1":0},"b":{},"_coverageSchema":"332fd63041d2c1bcb487cc26dd0d5f7d97098a6c","hash":"d656efc59381cae1535b19f090813d3b56832342","contentHash":"e4e764c065deede6fd99401bb6906b7f_11.1.0"},"/Users/andeladeveloper/Desktop/PostIt/server/services/GroupUser.js":{"path":"/Users/andeladeveloper/Desktop/PostIt/server/services/GroupUser.js","statementMap":{"0":{"start":{"line":3,"column":0},"end":{"line":5,"column":3}},"1":{"start":{"line":7,"column":19},"end":{"line":7,"column":563}},"2":{"start":{"line":7,"column":76},"end":{"line":7,"column":347}},"3":{"start":{"line":7,"column":134},"end":{"line":7,"column":142}},"4":{"start":{"line":7,"column":144},"end":{"line":7,"column":199}},"5":{"start":{"line":7,"column":200},"end":{"line":7,"column":231}},"6":{"start":{"line":7,"column":232},"end":{"line":7,"column":286}},"7":{"start":{"line":7,"column":259},"end":{"line":7,"column":286}},"8":{"start":{"line":7,"column":287},"end":{"line":7,"column":345}},"9":{"start":{"line":7,"column":350},"end":{"line":7,"column":559}},"10":{"start":{"line":7,"column":407},"end":{"line":7,"column":475}},"11":{"start":{"line":7,"column":423},"end":{"line":7,"column":475}},"12":{"start":{"line":7,"column":476},"end":{"line":7,"column":536}},"13":{"start":{"line":7,"column":493},"end":{"line":7,"column":536}},"14":{"start":{"line":7,"column":537},"end":{"line":7,"column":556}},"15":{"start":{"line":9,"column":14},"end":{"line":9,"column":34}},"16":{"start":{"line":11,"column":15},"end":{"line":11,"column":46}},"17":{"start":{"line":13,"column":39},"end":{"line":13,"column":93}},"18":{"start":{"line":15,"column":50},"end":{"line":15,"column":151}},"19":{"start":{"line":15,"column":92},"end":{"line":15,"column":149}},"20":{"start":{"line":17,"column":16},"end":{"line":17,"column":42}},"21":{"start":{"line":23,"column":16},"end":{"line":126,"column":3}},"22":{"start":{"line":25,"column":4},"end":{"line":25,"column":37}},"23":{"start":{"line":28,"column":2},"end":{"line":123,"column":6}},"24":{"start":{"line":41,"column":6},"end":{"line":50,"column":9}},"25":{"start":{"line":47,"column":8},"end":{"line":47,"column":21}},"26":{"start":{"line":49,"column":8},"end":{"line":49,"column":27}},"27":{"start":{"line":65,"column":6},"end":{"line":73,"column":9}},"28":{"start":{"line":70,"column":8},"end":{"line":70,"column":21}},"29":{"start":{"line":72,"column":8},"end":{"line":72,"column":27}},"30":{"start":{"line":88,"column":6},"end":{"line":96,"column":9}},"31":{"start":{"line":93,"column":8},"end":{"line":93,"column":21}},"32":{"start":{"line":95,"column":8},"end":{"line":95,"column":27}},"33":{"start":{"line":112,"column":6},"end":{"line":121,"column":9}},"34":{"start":{"line":118,"column":8},"end":{"line":118,"column":21}},"35":{"start":{"line":120,"column":8},"end":{"line":120,"column":27}},"36":{"start":{"line":125,"column":2},"end":{"line":125,"column":19}},"37":{"start":{"line":128,"column":0},"end":{"line":128,"column":28}}},"fnMap":{"0":{"name":"(anonymous_0)","decl":{"start":{"line":7,"column":19},"end":{"line":7,"column":20}},"loc":{"start":{"line":7,"column":31},"end":{"line":7,"column":561}},"line":7},"1":{"name":"defineProperties","decl":{"start":{"line":7,"column":42},"end":{"line":7,"column":58}},"loc":{"start":{"line":7,"column":74},"end":{"line":7,"column":349}},"line":7},"2":{"name":"(anonymous_2)","decl":{"start":{"line":7,"column":357},"end":{"line":7,"column":358}},"loc":{"start":{"line":7,"column":405},"end":{"line":7,"column":558}},"line":7},"3":{"name":"_interopRequireDefault","decl":{"start":{"line":13,"column":9},"end":{"line":13,"column":31}},"loc":{"start":{"line":13,"column":37},"end":{"line":13,"column":95}},"line":13},"4":{"name":"_classCallCheck","decl":{"start":{"line":15,"column":9},"end":{"line":15,"column":24}},"loc":{"start":{"line":15,"column":48},"end":{"line":15,"column":153}},"line":15},"5":{"name":"(anonymous_5)","decl":{"start":{"line":23,"column":16},"end":{"line":23,"column":17}},"loc":{"start":{"line":23,"column":28},"end":{"line":126,"column":1}},"line":23},"6":{"name":"UserGroup","decl":{"start":{"line":24,"column":11},"end":{"line":24,"column":20}},"loc":{"start":{"line":24,"column":23},"end":{"line":26,"column":3}},"line":24},"7":{"name":"addUser","decl":{"start":{"line":40,"column":20},"end":{"line":40,"column":27}},"loc":{"start":{"line":40,"column":51},"end":{"line":51,"column":5}},"line":40},"8":{"name":"(anonymous_8)","decl":{"start":{"line":46,"column":14},"end":{"line":46,"column":15}},"loc":{"start":{"line":46,"column":32},"end":{"line":48,"column":7}},"line":46},"9":{"name":"(anonymous_9)","decl":{"start":{"line":48,"column":15},"end":{"line":48,"column":16}},"loc":{"start":{"line":48,"column":30},"end":{"line":50,"column":7}},"line":48},"10":{"name":"getGroupUsersId","decl":{"start":{"line":64,"column":20},"end":{"line":64,"column":35}},"loc":{"start":{"line":64,"column":51},"end":{"line":74,"column":5}},"line":64},"11":{"name":"(anonymous_11)","decl":{"start":{"line":69,"column":14},"end":{"line":69,"column":15}},"loc":{"start":{"line":69,"column":32},"end":{"line":71,"column":7}},"line":69},"12":{"name":"(anonymous_12)","decl":{"start":{"line":71,"column":15},"end":{"line":71,"column":16}},"loc":{"start":{"line":71,"column":30},"end":{"line":73,"column":7}},"line":71},"13":{"name":"getUserGroupsId","decl":{"start":{"line":87,"column":20},"end":{"line":87,"column":35}},"loc":{"start":{"line":87,"column":50},"end":{"line":97,"column":5}},"line":87},"14":{"name":"(anonymous_14)","decl":{"start":{"line":92,"column":14},"end":{"line":92,"column":15}},"loc":{"start":{"line":92,"column":32},"end":{"line":94,"column":7}},"line":92},"15":{"name":"(anonymous_15)","decl":{"start":{"line":94,"column":15},"end":{"line":94,"column":16}},"loc":{"start":{"line":94,"column":30},"end":{"line":96,"column":7}},"line":94},"16":{"name":"getUser","decl":{"start":{"line":111,"column":20},"end":{"line":111,"column":27}},"loc":{"start":{"line":111,"column":51},"end":{"line":122,"column":5}},"line":111},"17":{"name":"(anonymous_17)","decl":{"start":{"line":117,"column":14},"end":{"line":117,"column":15}},"loc":{"start":{"line":117,"column":32},"end":{"line":119,"column":7}},"line":117},"18":{"name":"(anonymous_18)","decl":{"start":{"line":119,"column":15},"end":{"line":119,"column":16}},"loc":{"start":{"line":119,"column":30},"end":{"line":121,"column":7}},"line":119}},"branchMap":{"0":{"loc":{"start":{"line":7,"column":168},"end":{"line":7,"column":198}},"type":"binary-expr","locations":[{"start":{"line":7,"column":168},"end":{"line":7,"column":189}},{"start":{"line":7,"column":193},"end":{"line":7,"column":198}}],"line":7},"1":{"loc":{"start":{"line":7,"column":232},"end":{"line":7,"column":286}},"type":"if","locations":[{"start":{"line":7,"column":232},"end":{"line":7,"column":286}},{"start":{"line":7,"column":232},"end":{"line":7,"column":286}}],"line":7},"2":{"loc":{"start":{"line":7,"column":407},"end":{"line":7,"column":475}},"type":"if","locations":[{"start":{"line":7,"column":407},"end":{"line":7,"column":475}},{"start":{"line":7,"column":407},"end":{"line":7,"column":475}}],"line":7},"3":{"loc":{"start":{"line":7,"column":476},"end":{"line":7,"column":536}},"type":"if","locations":[{"start":{"line":7,"column":476},"end":{"line":7,"column":536}},{"start":{"line":7,"column":476},"end":{"line":7,"column":536}}],"line":7},"4":{"loc":{"start":{"line":13,"column":46},"end":{"line":13,"column":92}},"type":"cond-expr","locations":[{"start":{"line":13,"column":70},"end":{"line":13,"column":73}},{"start":{"line":13,"column":76},"end":{"line":13,"column":92}}],"line":13},"5":{"loc":{"start":{"line":13,"column":46},"end":{"line":13,"column":67}},"type":"binary-expr","locations":[{"start":{"line":13,"column":46},"end":{"line":13,"column":49}},{"start":{"line":13,"column":53},"end":{"line":13,"column":67}}],"line":13},"6":{"loc":{"start":{"line":15,"column":50},"end":{"line":15,"column":151}},"type":"if","locations":[{"start":{"line":15,"column":50},"end":{"line":15,"column":151}},{"start":{"line":15,"column":50},"end":{"line":15,"column":151}}],"line":15}},"s":{"0":1,"1":1,"2":1,"3":4,"4":4,"5":4,"6":4,"7":4,"8":4,"9":1,"10":1,"11":0,"12":1,"13":1,"14":1,"15":1,"16":1,"17":1,"18":0,"19":0,"20":1,"21":1,"22":0,"23":1,"24":4,"25":4,"26":0,"27":1,"28":1,"29":0,"30":1,"31":1,"32":0,"33":1,"34":1,"35":0,"36":1,"37":1},"f":{"0":1,"1":1,"2":1,"3":1,"4":0,"5":1,"6":0,"7":4,"8":4,"9":0,"10":1,"11":1,"12":0,"13":1,"14":1,"15":0,"16":1,"17":1,"18":0},"b":{"0":[4,4],"1":[4,0],"2":[0,1],"3":[1,0],"4":[0,1],"5":[1,1],"6":[0,0]},"_coverageSchema":"332fd63041d2c1bcb487cc26dd0d5f7d97098a6c","hash":"033cf0827d3c4b7b671f83b6b606fe8eef7d4f79","contentHash":"067650b92a731064a858c639f208ece8_11.1.0"},"/Users/andeladeveloper/Desktop/PostIt/server/services/message.js":{"path":"/Users/andeladeveloper/Desktop/PostIt/server/services/message.js","statementMap":{"0":{"start":{"line":3,"column":0},"end":{"line":5,"column":3}},"1":{"start":{"line":7,"column":19},"end":{"line":7,"column":563}},"2":{"start":{"line":7,"column":76},"end":{"line":7,"column":347}},"3":{"start":{"line":7,"column":134},"end":{"line":7,"column":142}},"4":{"start":{"line":7,"column":144},"end":{"line":7,"column":199}},"5":{"start":{"line":7,"column":200},"end":{"line":7,"column":231}},"6":{"start":{"line":7,"column":232},"end":{"line":7,"column":286}},"7":{"start":{"line":7,"column":259},"end":{"line":7,"column":286}},"8":{"start":{"line":7,"column":287},"end":{"line":7,"column":345}},"9":{"start":{"line":7,"column":350},"end":{"line":7,"column":559}},"10":{"start":{"line":7,"column":407},"end":{"line":7,"column":475}},"11":{"start":{"line":7,"column":423},"end":{"line":7,"column":475}},"12":{"start":{"line":7,"column":476},"end":{"line":7,"column":536}},"13":{"start":{"line":7,"column":493},"end":{"line":7,"column":536}},"14":{"start":{"line":7,"column":537},"end":{"line":7,"column":556}},"15":{"start":{"line":9,"column":14},"end":{"line":9,"column":34}},"16":{"start":{"line":11,"column":15},"end":{"line":11,"column":46}},"17":{"start":{"line":13,"column":39},"end":{"line":13,"column":93}},"18":{"start":{"line":15,"column":50},"end":{"line":15,"column":151}},"19":{"start":{"line":15,"column":92},"end":{"line":15,"column":149}},"20":{"start":{"line":17,"column":15},"end":{"line":17,"column":39}},"21":{"start":{"line":24,"column":14},"end":{"line":103,"column":3}},"22":{"start":{"line":26,"column":4},"end":{"line":26,"column":35}},"23":{"start":{"line":29,"column":2},"end":{"line":100,"column":6}},"24":{"start":{"line":44,"column":6},"end":{"line":53,"column":9}},"25":{"start":{"line":50,"column":8},"end":{"line":50,"column":18}},"26":{"start":{"line":52,"column":8},"end":{"line":52,"column":27}},"27":{"start":{"line":68,"column":6},"end":{"line":76,"column":9}},"28":{"start":{"line":73,"column":8},"end":{"line":73,"column":20}},"29":{"start":{"line":75,"column":8},"end":{"line":75,"column":27}},"30":{"start":{"line":90,"column":6},"end":{"line":98,"column":9}},"31":{"start":{"line":95,"column":8},"end":{"line":95,"column":18}},"32":{"start":{"line":97,"column":8},"end":{"line":97,"column":27}},"33":{"start":{"line":102,"column":2},"end":{"line":102,"column":17}},"34":{"start":{"line":105,"column":0},"end":{"line":105,"column":26}}},"fnMap":{"0":{"name":"(anonymous_0)","decl":{"start":{"line":7,"column":19},"end":{"line":7,"column":20}},"loc":{"start":{"line":7,"column":31},"end":{"line":7,"column":561}},"line":7},"1":{"name":"defineProperties","decl":{"start":{"line":7,"column":42},"end":{"line":7,"column":58}},"loc":{"start":{"line":7,"column":74},"end":{"line":7,"column":349}},"line":7},"2":{"name":"(anonymous_2)","decl":{"start":{"line":7,"column":357},"end":{"line":7,"column":358}},"loc":{"start":{"line":7,"column":405},"end":{"line":7,"column":558}},"line":7},"3":{"name":"_interopRequireDefault","decl":{"start":{"line":13,"column":9},"end":{"line":13,"column":31}},"loc":{"start":{"line":13,"column":37},"end":{"line":13,"column":95}},"line":13},"4":{"name":"_classCallCheck","decl":{"start":{"line":15,"column":9},"end":{"line":15,"column":24}},"loc":{"start":{"line":15,"column":48},"end":{"line":15,"column":153}},"line":15},"5":{"name":"(anonymous_5)","decl":{"start":{"line":24,"column":14},"end":{"line":24,"column":15}},"loc":{"start":{"line":24,"column":26},"end":{"line":103,"column":1}},"line":24},"6":{"name":"Message","decl":{"start":{"line":25,"column":11},"end":{"line":25,"column":18}},"loc":{"start":{"line":25,"column":21},"end":{"line":27,"column":3}},"line":25},"7":{"name":"postMessage","decl":{"start":{"line":43,"column":20},"end":{"line":43,"column":31}},"loc":{"start":{"line":43,"column":76},"end":{"line":54,"column":5}},"line":43},"8":{"name":"(anonymous_8)","decl":{"start":{"line":49,"column":14},"end":{"line":49,"column":15}},"loc":{"start":{"line":49,"column":29},"end":{"line":51,"column":7}},"line":49},"9":{"name":"(anonymous_9)","decl":{"start":{"line":51,"column":15},"end":{"line":51,"column":16}},"loc":{"start":{"line":51,"column":30},"end":{"line":53,"column":7}},"line":51},"10":{"name":"getMessageById","decl":{"start":{"line":67,"column":20},"end":{"line":67,"column":34}},"loc":{"start":{"line":67,"column":52},"end":{"line":77,"column":5}},"line":67},"11":{"name":"(anonymous_11)","decl":{"start":{"line":72,"column":14},"end":{"line":72,"column":15}},"loc":{"start":{"line":72,"column":31},"end":{"line":74,"column":7}},"line":72},"12":{"name":"(anonymous_12)","decl":{"start":{"line":74,"column":15},"end":{"line":74,"column":16}},"loc":{"start":{"line":74,"column":30},"end":{"line":76,"column":7}},"line":74},"13":{"name":"deleteMessage","decl":{"start":{"line":89,"column":20},"end":{"line":89,"column":33}},"loc":{"start":{"line":89,"column":51},"end":{"line":99,"column":5}},"line":89},"14":{"name":"(anonymous_14)","decl":{"start":{"line":94,"column":14},"end":{"line":94,"column":15}},"loc":{"start":{"line":94,"column":29},"end":{"line":96,"column":7}},"line":94},"15":{"name":"(anonymous_15)","decl":{"start":{"line":96,"column":15},"end":{"line":96,"column":16}},"loc":{"start":{"line":96,"column":30},"end":{"line":98,"column":7}},"line":96}},"branchMap":{"0":{"loc":{"start":{"line":7,"column":168},"end":{"line":7,"column":198}},"type":"binary-expr","locations":[{"start":{"line":7,"column":168},"end":{"line":7,"column":189}},{"start":{"line":7,"column":193},"end":{"line":7,"column":198}}],"line":7},"1":{"loc":{"start":{"line":7,"column":232},"end":{"line":7,"column":286}},"type":"if","locations":[{"start":{"line":7,"column":232},"end":{"line":7,"column":286}},{"start":{"line":7,"column":232},"end":{"line":7,"column":286}}],"line":7},"2":{"loc":{"start":{"line":7,"column":407},"end":{"line":7,"column":475}},"type":"if","locations":[{"start":{"line":7,"column":407},"end":{"line":7,"column":475}},{"start":{"line":7,"column":407},"end":{"line":7,"column":475}}],"line":7},"3":{"loc":{"start":{"line":7,"column":476},"end":{"line":7,"column":536}},"type":"if","locations":[{"start":{"line":7,"column":476},"end":{"line":7,"column":536}},{"start":{"line":7,"column":476},"end":{"line":7,"column":536}}],"line":7},"4":{"loc":{"start":{"line":13,"column":46},"end":{"line":13,"column":92}},"type":"cond-expr","locations":[{"start":{"line":13,"column":70},"end":{"line":13,"column":73}},{"start":{"line":13,"column":76},"end":{"line":13,"column":92}}],"line":13},"5":{"loc":{"start":{"line":13,"column":46},"end":{"line":13,"column":67}},"type":"binary-expr","locations":[{"start":{"line":13,"column":46},"end":{"line":13,"column":49}},{"start":{"line":13,"column":53},"end":{"line":13,"column":67}}],"line":13},"6":{"loc":{"start":{"line":15,"column":50},"end":{"line":15,"column":151}},"type":"if","locations":[{"start":{"line":15,"column":50},"end":{"line":15,"column":151}},{"start":{"line":15,"column":50},"end":{"line":15,"column":151}}],"line":15}},"s":{"0":1,"1":1,"2":1,"3":3,"4":3,"5":3,"6":3,"7":3,"8":3,"9":1,"10":1,"11":0,"12":1,"13":1,"14":1,"15":1,"16":1,"17":1,"18":0,"19":0,"20":1,"21":1,"22":0,"23":1,"24":1,"25":1,"26":0,"27":1,"28":1,"29":0,"30":1,"31":1,"32":0,"33":1,"34":1},"f":{"0":1,"1":1,"2":1,"3":1,"4":0,"5":1,"6":0,"7":1,"8":1,"9":0,"10":1,"11":1,"12":0,"13":1,"14":1,"15":0},"b":{"0":[3,3],"1":[3,0],"2":[0,1],"3":[1,0],"4":[0,1],"5":[1,1],"6":[0,0]},"_coverageSchema":"332fd63041d2c1bcb487cc26dd0d5f7d97098a6c","hash":"b44aa37bdd2224f936c9edecb300a71f698fd449","contentHash":"bd60a862173540a8882460c687a79392_11.1.0"},"/Users/andeladeveloper/Desktop/PostIt/server/services/ReadMessage.js":{"path":"/Users/andeladeveloper/Desktop/PostIt/server/services/ReadMessage.js","statementMap":{"0":{"start":{"line":3,"column":0},"end":{"line":5,"column":3}},"1":{"start":{"line":7,"column":19},"end":{"line":7,"column":563}},"2":{"start":{"line":7,"column":76},"end":{"line":7,"column":347}},"3":{"start":{"line":7,"column":134},"end":{"line":7,"column":142}},"4":{"start":{"line":7,"column":144},"end":{"line":7,"column":199}},"5":{"start":{"line":7,"column":200},"end":{"line":7,"column":231}},"6":{"start":{"line":7,"column":232},"end":{"line":7,"column":286}},"7":{"start":{"line":7,"column":259},"end":{"line":7,"column":286}},"8":{"start":{"line":7,"column":287},"end":{"line":7,"column":345}},"9":{"start":{"line":7,"column":350},"end":{"line":7,"column":559}},"10":{"start":{"line":7,"column":407},"end":{"line":7,"column":475}},"11":{"start":{"line":7,"column":423},"end":{"line":7,"column":475}},"12":{"start":{"line":7,"column":476},"end":{"line":7,"column":536}},"13":{"start":{"line":7,"column":493},"end":{"line":7,"column":536}},"14":{"start":{"line":7,"column":537},"end":{"line":7,"column":556}},"15":{"start":{"line":9,"column":14},"end":{"line":9,"column":34}},"16":{"start":{"line":11,"column":15},"end":{"line":11,"column":46}},"17":{"start":{"line":13,"column":39},"end":{"line":13,"column":93}},"18":{"start":{"line":15,"column":50},"end":{"line":15,"column":151}},"19":{"start":{"line":15,"column":92},"end":{"line":15,"column":149}},"20":{"start":{"line":17,"column":18},"end":{"line":17,"column":46}},"21":{"start":{"line":23,"column":19},"end":{"line":112,"column":3}},"22":{"start":{"line":25,"column":4},"end":{"line":25,"column":40}},"23":{"start":{"line":28,"column":2},"end":{"line":109,"column":6}},"24":{"start":{"line":44,"column":6},"end":{"line":55,"column":9}},"25":{"start":{"line":51,"column":8},"end":{"line":51,"column":21}},"26":{"start":{"line":53,"column":8},"end":{"line":53,"column":25}},"27":{"start":{"line":54,"column":8},"end":{"line":54,"column":27}},"28":{"start":{"line":72,"column":6},"end":{"line":82,"column":9}},"29":{"start":{"line":78,"column":8},"end":{"line":78,"column":21}},"30":{"start":{"line":81,"column":8},"end":{"line":81,"column":27}},"31":{"start":{"line":98,"column":6},"end":{"line":107,"column":9}},"32":{"start":{"line":104,"column":8},"end":{"line":104,"column":21}},"33":{"start":{"line":106,"column":8},"end":{"line":106,"column":27}},"34":{"start":{"line":111,"column":2},"end":{"line":111,"column":22}},"35":{"start":{"line":114,"column":0},"end":{"line":114,"column":31}}},"fnMap":{"0":{"name":"(anonymous_0)","decl":{"start":{"line":7,"column":19},"end":{"line":7,"column":20}},"loc":{"start":{"line":7,"column":31},"end":{"line":7,"column":561}},"line":7},"1":{"name":"defineProperties","decl":{"start":{"line":7,"column":42},"end":{"line":7,"column":58}},"loc":{"start":{"line":7,"column":74},"end":{"line":7,"column":349}},"line":7},"2":{"name":"(anonymous_2)","decl":{"start":{"line":7,"column":357},"end":{"line":7,"column":358}},"loc":{"start":{"line":7,"column":405},"end":{"line":7,"column":558}},"line":7},"3":{"name":"_interopRequireDefault","decl":{"start":{"line":13,"column":9},"end":{"line":13,"column":31}},"loc":{"start":{"line":13,"column":37},"end":{"line":13,"column":95}},"line":13},"4":{"name":"_classCallCheck","decl":{"start":{"line":15,"column":9},"end":{"line":15,"column":24}},"loc":{"start":{"line":15,"column":48},"end":{"line":15,"column":153}},"line":15},"5":{"name":"(anonymous_5)","decl":{"start":{"line":23,"column":19},"end":{"line":23,"column":20}},"loc":{"start":{"line":23,"column":31},"end":{"line":112,"column":1}},"line":23},"6":{"name":"ReadMessages","decl":{"start":{"line":24,"column":11},"end":{"line":24,"column":23}},"loc":{"start":{"line":24,"column":26},"end":{"line":26,"column":3}},"line":24},"7":{"name":"addMessage","decl":{"start":{"line":43,"column":20},"end":{"line":43,"column":30}},"loc":{"start":{"line":43,"column":65},"end":{"line":56,"column":5}},"line":43},"8":{"name":"(anonymous_8)","decl":{"start":{"line":50,"column":14},"end":{"line":50,"column":15}},"loc":{"start":{"line":50,"column":32},"end":{"line":52,"column":7}},"line":50},"9":{"name":"(anonymous_9)","decl":{"start":{"line":52,"column":15},"end":{"line":52,"column":16}},"loc":{"start":{"line":52,"column":30},"end":{"line":55,"column":7}},"line":52},"10":{"name":"getMessages","decl":{"start":{"line":71,"column":20},"end":{"line":71,"column":31}},"loc":{"start":{"line":71,"column":55},"end":{"line":83,"column":5}},"line":71},"11":{"name":"(anonymous_11)","decl":{"start":{"line":77,"column":14},"end":{"line":77,"column":15}},"loc":{"start":{"line":77,"column":32},"end":{"line":79,"column":7}},"line":77},"12":{"name":"(anonymous_12)","decl":{"start":{"line":79,"column":15},"end":{"line":79,"column":16}},"loc":{"start":{"line":79,"column":30},"end":{"line":82,"column":7}},"line":79},"13":{"name":"getUsers","decl":{"start":{"line":97,"column":20},"end":{"line":97,"column":28}},"loc":{"start":{"line":97,"column":55},"end":{"line":108,"column":5}},"line":97},"14":{"name":"(anonymous_14)","decl":{"start":{"line":103,"column":14},"end":{"line":103,"column":15}},"loc":{"start":{"line":103,"column":32},"end":{"line":105,"column":7}},"line":103},"15":{"name":"(anonymous_15)","decl":{"start":{"line":105,"column":15},"end":{"line":105,"column":16}},"loc":{"start":{"line":105,"column":30},"end":{"line":107,"column":7}},"line":105}},"branchMap":{"0":{"loc":{"start":{"line":7,"column":168},"end":{"line":7,"column":198}},"type":"binary-expr","locations":[{"start":{"line":7,"column":168},"end":{"line":7,"column":189}},{"start":{"line":7,"column":193},"end":{"line":7,"column":198}}],"line":7},"1":{"loc":{"start":{"line":7,"column":232},"end":{"line":7,"column":286}},"type":"if","locations":[{"start":{"line":7,"column":232},"end":{"line":7,"column":286}},{"start":{"line":7,"column":232},"end":{"line":7,"column":286}}],"line":7},"2":{"loc":{"start":{"line":7,"column":407},"end":{"line":7,"column":475}},"type":"if","locations":[{"start":{"line":7,"column":407},"end":{"line":7,"column":475}},{"start":{"line":7,"column":407},"end":{"line":7,"column":475}}],"line":7},"3":{"loc":{"start":{"line":7,"column":476},"end":{"line":7,"column":536}},"type":"if","locations":[{"start":{"line":7,"column":476},"end":{"line":7,"column":536}},{"start":{"line":7,"column":476},"end":{"line":7,"column":536}}],"line":7},"4":{"loc":{"start":{"line":13,"column":46},"end":{"line":13,"column":92}},"type":"cond-expr","locations":[{"start":{"line":13,"column":70},"end":{"line":13,"column":73}},{"start":{"line":13,"column":76},"end":{"line":13,"column":92}}],"line":13},"5":{"loc":{"start":{"line":13,"column":46},"end":{"line":13,"column":67}},"type":"binary-expr","locations":[{"start":{"line":13,"column":46},"end":{"line":13,"column":49}},{"start":{"line":13,"column":53},"end":{"line":13,"column":67}}],"line":13},"6":{"loc":{"start":{"line":15,"column":50},"end":{"line":15,"column":151}},"type":"if","locations":[{"start":{"line":15,"column":50},"end":{"line":15,"column":151}},{"start":{"line":15,"column":50},"end":{"line":15,"column":151}}],"line":15}},"s":{"0":1,"1":1,"2":1,"3":3,"4":3,"5":3,"6":3,"7":3,"8":3,"9":1,"10":1,"11":0,"12":1,"13":1,"14":1,"15":1,"16":1,"17":1,"18":0,"19":0,"20":1,"21":1,"22":0,"23":1,"24":1,"25":1,"26":0,"27":0,"28":1,"29":1,"30":0,"31":1,"32":1,"33":0,"34":1,"35":1},"f":{"0":1,"1":1,"2":1,"3":1,"4":0,"5":1,"6":0,"7":1,"8":1,"9":0,"10":1,"11":1,"12":0,"13":1,"14":1,"15":0},"b":{"0":[3,3],"1":[3,0],"2":[0,1],"3":[1,0],"4":[0,1],"5":[1,1],"6":[0,0]},"_coverageSchema":"332fd63041d2c1bcb487cc26dd0d5f7d97098a6c","hash":"118c6a567a304d00a6272484d6a22c4b25af841b","contentHash":"92d821b46792f44ba5e91d4dd369ca8c_11.1.0"},"/Users/andeladeveloper/Desktop/PostIt/server/services/user.js":{"path":"/Users/andeladeveloper/Desktop/PostIt/server/services/user.js","statementMap":{"0":{"start":{"line":3,"column":0},"end":{"line":5,"column":3}},"1":{"start":{"line":7,"column":19},"end":{"line":7,"column":563}},"2":{"start":{"line":7,"column":76},"end":{"line":7,"column":347}},"3":{"start":{"line":7,"column":134},"end":{"line":7,"column":142}},"4":{"start":{"line":7,"column":144},"end":{"line":7,"column":199}},"5":{"start":{"line":7,"column":200},"end":{"line":7,"column":231}},"6":{"start":{"line":7,"column":232},"end":{"line":7,"column":286}},"7":{"start":{"line":7,"column":259},"end":{"line":7,"column":286}},"8":{"start":{"line":7,"column":287},"end":{"line":7,"column":345}},"9":{"start":{"line":7,"column":350},"end":{"line":7,"column":559}},"10":{"start":{"line":7,"column":407},"end":{"line":7,"column":475}},"11":{"start":{"line":7,"column":423},"end":{"line":7,"column":475}},"12":{"start":{"line":7,"column":476},"end":{"line":7,"column":536}},"13":{"start":{"line":7,"column":493},"end":{"line":7,"column":536}},"14":{"start":{"line":7,"column":537},"end":{"line":7,"column":556}},"15":{"start":{"line":9,"column":17},"end":{"line":9,"column":37}},"16":{"start":{"line":11,"column":18},"end":{"line":11,"column":52}},"17":{"start":{"line":13,"column":14},"end":{"line":13,"column":34}},"18":{"start":{"line":15,"column":15},"end":{"line":15,"column":46}},"19":{"start":{"line":17,"column":39},"end":{"line":17,"column":93}},"20":{"start":{"line":19,"column":50},"end":{"line":19,"column":151}},"21":{"start":{"line":19,"column":92},"end":{"line":19,"column":149}},"22":{"start":{"line":21,"column":22},"end":{"line":21,"column":57}},"23":{"start":{"line":22,"column":12},"end":{"line":22,"column":33}},"24":{"start":{"line":28,"column":11},"end":{"line":276,"column":3}},"25":{"start":{"line":30,"column":4},"end":{"line":30,"column":32}},"26":{"start":{"line":33,"column":2},"end":{"line":273,"column":6}},"27":{"start":{"line":48,"column":6},"end":{"line":69,"column":9}},"28":{"start":{"line":58,"column":8},"end":{"line":58,"column":19}},"29":{"start":{"line":60,"column":8},"end":{"line":68,"column":9}},"30":{"start":{"line":61,"column":10},"end":{"line":65,"column":11}},"31":{"start":{"line":62,"column":12},"end":{"line":62,"column":59}},"32":{"start":{"line":64,"column":12},"end":{"line":64,"column":40}},"33":{"start":{"line":67,"column":10},"end":{"line":67,"column":29}},"34":{"start":{"line":87,"column":6},"end":{"line":108,"column":9}},"35":{"start":{"line":97,"column":8},"end":{"line":97,"column":19}},"36":{"start":{"line":99,"column":8},"end":{"line":107,"column":9}},"37":{"start":{"line":100,"column":10},"end":{"line":104,"column":11}},"38":{"start":{"line":101,"column":12},"end":{"line":101,"column":59}},"39":{"start":{"line":103,"column":12},"end":{"line":103,"column":40}},"40":{"start":{"line":106,"column":10},"end":{"line":106,"column":29}},"41":{"start":{"line":123,"column":6},"end":{"line":127,"column":9}},"42":{"start":{"line":124,"column":8},"end":{"line":124,"column":19}},"43":{"start":{"line":126,"column":8},"end":{"line":126,"column":27}},"44":{"start":{"line":142,"column":6},"end":{"line":144,"column":9}},"45":{"start":{"line":143,"column":8},"end":{"line":143,"column":20}},"46":{"start":{"line":159,"column":6},"end":{"line":161,"column":9}},"47":{"start":{"line":160,"column":8},"end":{"line":160,"column":20}},"48":{"start":{"line":177,"column":6},"end":{"line":181,"column":9}},"49":{"start":{"line":178,"column":8},"end":{"line":178,"column":19}},"50":{"start":{"line":180,"column":8},"end":{"line":180,"column":31}},"51":{"start":{"line":195,"column":18},"end":{"line":195,"column":38}},"52":{"start":{"line":196,"column":6},"end":{"line":206,"column":9}},"53":{"start":{"line":203,"column":8},"end":{"line":203,"column":19}},"54":{"start":{"line":205,"column":8},"end":{"line":205,"column":27}},"55":{"start":{"line":219,"column":6},"end":{"line":223,"column":9}},"56":{"start":{"line":220,"column":8},"end":{"line":220,"column":19}},"57":{"start":{"line":222,"column":8},"end":{"line":222,"column":27}},"58":{"start":{"line":238,"column":16},"end":{"line":238,"column":18}},"59":{"start":{"line":239,"column":6},"end":{"line":241,"column":9}},"60":{"start":{"line":240,"column":8},"end":{"line":240,"column":30}},"61":{"start":{"line":242,"column":6},"end":{"line":248,"column":9}},"62":{"start":{"line":245,"column":8},"end":{"line":245,"column":19}},"63":{"start":{"line":247,"column":8},"end":{"line":247,"column":27}},"64":{"start":{"line":263,"column":6},"end":{"line":271,"column":9}},"65":{"start":{"line":268,"column":8},"end":{"line":268,"column":19}},"66":{"start":{"line":270,"column":8},"end":{"line":270,"column":27}},"67":{"start":{"line":275,"column":2},"end":{"line":275,"column":14}},"68":{"start":{"line":278,"column":0},"end":{"line":278,"column":23}}},"fnMap":{"0":{"name":"(anonymous_0)","decl":{"start":{"line":7,"column":19},"end":{"line":7,"column":20}},"loc":{"start":{"line":7,"column":31},"end":{"line":7,"column":561}},"line":7},"1":{"name":"defineProperties","decl":{"start":{"line":7,"column":42},"end":{"line":7,"column":58}},"loc":{"start":{"line":7,"column":74},"end":{"line":7,"column":349}},"line":7},"2":{"name":"(anonymous_2)","decl":{"start":{"line":7,"column":357},"end":{"line":7,"column":358}},"loc":{"start":{"line":7,"column":405},"end":{"line":7,"column":558}},"line":7},"3":{"name":"_interopRequireDefault","decl":{"start":{"line":17,"column":9},"end":{"line":17,"column":31}},"loc":{"start":{"line":17,"column":37},"end":{"line":17,"column":95}},"line":17},"4":{"name":"_classCallCheck","decl":{"start":{"line":19,"column":9},"end":{"line":19,"column":24}},"loc":{"start":{"line":19,"column":48},"end":{"line":19,"column":153}},"line":19},"5":{"name":"(anonymous_5)","decl":{"start":{"line":28,"column":11},"end":{"line":28,"column":12}},"loc":{"start":{"line":28,"column":23},"end":{"line":276,"column":1}},"line":28},"6":{"name":"User","decl":{"start":{"line":29,"column":11},"end":{"line":29,"column":15}},"loc":{"start":{"line":29,"column":18},"end":{"line":31,"column":3}},"line":29},"7":{"name":"saveUser","decl":{"start":{"line":47,"column":20},"end":{"line":47,"column":28}},"loc":{"start":{"line":47,"column":75},"end":{"line":70,"column":5}},"line":47},"8":{"name":"(anonymous_8)","decl":{"start":{"line":57,"column":14},"end":{"line":57,"column":15}},"loc":{"start":{"line":57,"column":30},"end":{"line":59,"column":7}},"line":57},"9":{"name":"(anonymous_9)","decl":{"start":{"line":59,"column":15},"end":{"line":59,"column":16}},"loc":{"start":{"line":59,"column":30},"end":{"line":69,"column":7}},"line":59},"10":{"name":"saveUserFromGoogle","decl":{"start":{"line":86,"column":20},"end":{"line":86,"column":38}},"loc":{"start":{"line":86,"column":85},"end":{"line":109,"column":5}},"line":86},"11":{"name":"(anonymous_11)","decl":{"start":{"line":96,"column":14},"end":{"line":96,"column":15}},"loc":{"start":{"line":96,"column":30},"end":{"line":98,"column":7}},"line":96},"12":{"name":"(anonymous_12)","decl":{"start":{"line":98,"column":15},"end":{"line":98,"column":16}},"loc":{"start":{"line":98,"column":30},"end":{"line":108,"column":7}},"line":98},"13":{"name":"getUser","decl":{"start":{"line":122,"column":20},"end":{"line":122,"column":27}},"loc":{"start":{"line":122,"column":44},"end":{"line":128,"column":5}},"line":122},"14":{"name":"(anonymous_14)","decl":{"start":{"line":123,"column":60},"end":{"line":123,"column":61}},"loc":{"start":{"line":123,"column":76},"end":{"line":125,"column":7}},"line":123},"15":{"name":"(anonymous_15)","decl":{"start":{"line":125,"column":15},"end":{"line":125,"column":16}},"loc":{"start":{"line":125,"column":30},"end":{"line":127,"column":7}},"line":125},"16":{"name":"getUserById","decl":{"start":{"line":141,"column":20},"end":{"line":141,"column":31}},"loc":{"start":{"line":141,"column":46},"end":{"line":145,"column":5}},"line":141},"17":{"name":"(anonymous_17)","decl":{"start":{"line":142,"column":52},"end":{"line":142,"column":53}},"loc":{"start":{"line":142,"column":69},"end":{"line":144,"column":7}},"line":142},"18":{"name":"getUserByEmail","decl":{"start":{"line":158,"column":20},"end":{"line":158,"column":34}},"loc":{"start":{"line":158,"column":48},"end":{"line":162,"column":5}},"line":158},"19":{"name":"(anonymous_19)","decl":{"start":{"line":159,"column":54},"end":{"line":159,"column":55}},"loc":{"start":{"line":159,"column":71},"end":{"line":161,"column":7}},"line":159},"20":{"name":"updatePassword","decl":{"start":{"line":176,"column":20},"end":{"line":176,"column":34}},"loc":{"start":{"line":176,"column":58},"end":{"line":182,"column":5}},"line":176},"21":{"name":"(anonymous_21)","decl":{"start":{"line":177,"column":77},"end":{"line":177,"column":78}},"loc":{"start":{"line":177,"column":93},"end":{"line":179,"column":7}},"line":177},"22":{"name":"(anonymous_22)","decl":{"start":{"line":179,"column":15},"end":{"line":179,"column":16}},"loc":{"start":{"line":179,"column":32},"end":{"line":181,"column":7}},"line":179},"23":{"name":"getAllUsers","decl":{"start":{"line":194,"column":20},"end":{"line":194,"column":31}},"loc":{"start":{"line":194,"column":49},"end":{"line":207,"column":5}},"line":194},"24":{"name":"(anonymous_24)","decl":{"start":{"line":202,"column":14},"end":{"line":202,"column":15}},"loc":{"start":{"line":202,"column":30},"end":{"line":204,"column":7}},"line":202},"25":{"name":"(anonymous_25)","decl":{"start":{"line":204,"column":15},"end":{"line":204,"column":16}},"loc":{"start":{"line":204,"column":30},"end":{"line":206,"column":7}},"line":204},"26":{"name":"getTotalUsers","decl":{"start":{"line":218,"column":20},"end":{"line":218,"column":33}},"loc":{"start":{"line":218,"column":40},"end":{"line":224,"column":5}},"line":218},"27":{"name":"(anonymous_27)","decl":{"start":{"line":219,"column":29},"end":{"line":219,"column":30}},"loc":{"start":{"line":219,"column":45},"end":{"line":221,"column":7}},"line":219},"28":{"name":"(anonymous_28)","decl":{"start":{"line":221,"column":15},"end":{"line":221,"column":16}},"loc":{"start":{"line":221,"column":30},"end":{"line":223,"column":7}},"line":221},"29":{"name":"getGroupUsers","decl":{"start":{"line":237,"column":20},"end":{"line":237,"column":33}},"loc":{"start":{"line":237,"column":49},"end":{"line":249,"column":5}},"line":237},"30":{"name":"(anonymous_30)","decl":{"start":{"line":239,"column":22},"end":{"line":239,"column":23}},"loc":{"start":{"line":239,"column":38},"end":{"line":241,"column":7}},"line":239},"31":{"name":"(anonymous_31)","decl":{"start":{"line":244,"column":14},"end":{"line":244,"column":15}},"loc":{"start":{"line":244,"column":30},"end":{"line":246,"column":7}},"line":244},"32":{"name":"(anonymous_32)","decl":{"start":{"line":246,"column":15},"end":{"line":246,"column":16}},"loc":{"start":{"line":246,"column":30},"end":{"line":248,"column":7}},"line":246},"33":{"name":"deleteUser","decl":{"start":{"line":262,"column":20},"end":{"line":262,"column":30}},"loc":{"start":{"line":262,"column":47},"end":{"line":272,"column":5}},"line":262},"34":{"name":"(anonymous_34)","decl":{"start":{"line":267,"column":14},"end":{"line":267,"column":15}},"loc":{"start":{"line":267,"column":30},"end":{"line":269,"column":7}},"line":267},"35":{"name":"(anonymous_35)","decl":{"start":{"line":269,"column":15},"end":{"line":269,"column":16}},"loc":{"start":{"line":269,"column":30},"end":{"line":271,"column":7}},"line":269}},"branchMap":{"0":{"loc":{"start":{"line":7,"column":168},"end":{"line":7,"column":198}},"type":"binary-expr","locations":[{"start":{"line":7,"column":168},"end":{"line":7,"column":189}},{"start":{"line":7,"column":193},"end":{"line":7,"column":198}}],"line":7},"1":{"loc":{"start":{"line":7,"column":232},"end":{"line":7,"column":286}},"type":"if","locations":[{"start":{"line":7,"column":232},"end":{"line":7,"column":286}},{"start":{"line":7,"column":232},"end":{"line":7,"column":286}}],"line":7},"2":{"loc":{"start":{"line":7,"column":407},"end":{"line":7,"column":475}},"type":"if","locations":[{"start":{"line":7,"column":407},"end":{"line":7,"column":475}},{"start":{"line":7,"column":407},"end":{"line":7,"column":475}}],"line":7},"3":{"loc":{"start":{"line":7,"column":476},"end":{"line":7,"column":536}},"type":"if","locations":[{"start":{"line":7,"column":476},"end":{"line":7,"column":536}},{"start":{"line":7,"column":476},"end":{"line":7,"column":536}}],"line":7},"4":{"loc":{"start":{"line":17,"column":46},"end":{"line":17,"column":92}},"type":"cond-expr","locations":[{"start":{"line":17,"column":70},"end":{"line":17,"column":73}},{"start":{"line":17,"column":76},"end":{"line":17,"column":92}}],"line":17},"5":{"loc":{"start":{"line":17,"column":46},"end":{"line":17,"column":67}},"type":"binary-expr","locations":[{"start":{"line":17,"column":46},"end":{"line":17,"column":49}},{"start":{"line":17,"column":53},"end":{"line":17,"column":67}}],"line":17},"6":{"loc":{"start":{"line":19,"column":50},"end":{"line":19,"column":151}},"type":"if","locations":[{"start":{"line":19,"column":50},"end":{"line":19,"column":151}},{"start":{"line":19,"column":50},"end":{"line":19,"column":151}}],"line":19},"7":{"loc":{"start":{"line":60,"column":8},"end":{"line":68,"column":9}},"type":"if","locations":[{"start":{"line":60,"column":8},"end":{"line":68,"column":9}},{"start":{"line":60,"column":8},"end":{"line":68,"column":9}}],"line":60},"8":{"loc":{"start":{"line":61,"column":10},"end":{"line":65,"column":11}},"type":"if","locations":[{"start":{"line":61,"column":10},"end":{"line":65,"column":11}},{"start":{"line":61,"column":10},"end":{"line":65,"column":11}}],"line":61},"9":{"loc":{"start":{"line":99,"column":8},"end":{"line":107,"column":9}},"type":"if","locations":[{"start":{"line":99,"column":8},"end":{"line":107,"column":9}},{"start":{"line":99,"column":8},"end":{"line":107,"column":9}}],"line":99},"10":{"loc":{"start":{"line":100,"column":10},"end":{"line":104,"column":11}},"type":"if","locations":[{"start":{"line":100,"column":10},"end":{"line":104,"column":11}},{"start":{"line":100,"column":10},"end":{"line":104,"column":11}}],"line":100}},"s":{"0":1,"1":1,"2":1,"3":10,"4":10,"5":10,"6":10,"7":10,"8":10,"9":1,"10":1,"11":0,"12":1,"13":1,"14":1,"15":1,"16":1,"17":1,"18":1,"19":2,"20":0,"21":0,"22":1,"23":1,"24":1,"25":0,"26":1,"27":1,"28":1,"29":0,"30":0,"31":0,"32":0,"33":0,"34":0,"35":0,"36":0,"37":0,"38":0,"39":0,"40":0,"41":2,"42":2,"43":0,"44":2,"45":2,"46":0,"47":0,"48":1,"49":1,"50":0,"51":0,"52":0,"53":0,"54":0,"55":0,"56":0,"57":0,"58":0,"59":0,"60":0,"61":0,"62":0,"63":0,"64":1,"65":1,"66":0,"67":1,"68":1},"f":{"0":1,"1":1,"2":1,"3":2,"4":0,"5":1,"6":0,"7":1,"8":1,"9":0,"10":0,"11":0,"12":0,"13":2,"14":2,"15":0,"16":2,"17":2,"18":0,"19":0,"20":1,"21":1,"22":0,"23":0,"24":0,"25":0,"26":0,"27":0,"28":0,"29":0,"30":0,"31":0,"32":0,"33":1,"34":1,"35":0},"b":{"0":[10,10],"1":[10,0],"2":[0,1],"3":[1,0],"4":[0,2],"5":[2,2],"6":[0,0],"7":[0,0],"8":[0,0],"9":[0,0],"10":[0,0]},"_coverageSchema":"332fd63041d2c1bcb487cc26dd0d5f7d97098a6c","hash":"94b4ca81167473288cd3ab08b0e7b30552e8a932","contentHash":"19685dd17a8e410c83339167b2790935_11.1.0"},"/Users/andeladeveloper/Desktop/PostIt/server/server.js":{"path":"/Users/andeladeveloper/Desktop/PostIt/server/server.js","statementMap":{"0":{"start":{"line":3,"column":0},"end":{"line":5,"column":3}},"1":{"start":{"line":7,"column":15},"end":{"line":7,"column":33}},"2":{"start":{"line":9,"column":16},"end":{"line":9,"column":48}},"3":{"start":{"line":11,"column":18},"end":{"line":11,"column":40}},"4":{"start":{"line":13,"column":19},"end":{"line":13,"column":54}},"5":{"start":{"line":15,"column":12},"end":{"line":15,"column":27}},"6":{"start":{"line":17,"column":13},"end":{"line":17,"column":42}},"7":{"start":{"line":19,"column":14},"end":{"line":19,"column":31}},"8":{"start":{"line":21,"column":15},"end":{"line":21,"column":46}},"9":{"start":{"line":23,"column":15},"end":{"line":23,"column":33}},"10":{"start":{"line":25,"column":16},"end":{"line":25,"column":48}},"11":{"start":{"line":27,"column":28},"end":{"line":27,"column":61}},"12":{"start":{"line":29,"column":29},"end":{"line":29,"column":74}},"13":{"start":{"line":31,"column":28},"end":{"line":31,"column":61}},"14":{"start":{"line":33,"column":29},"end":{"line":33,"column":74}},"15":{"start":{"line":35,"column":16},"end":{"line":35,"column":44}},"16":{"start":{"line":37,"column":16},"end":{"line":37,"column":49}},"17":{"start":{"line":39,"column":39},"end":{"line":39,"column":93}},"18":{"start":{"line":41,"column":0},"end":{"line":41,"column":26}},"19":{"start":{"line":42,"column":10},"end":{"line":42,"column":34}},"20":{"start":{"line":43,"column":0},"end":{"line":43,"column":61}},"21":{"start":{"line":44,"column":0},"end":{"line":44,"column":37}},"22":{"start":{"line":46,"column":0},"end":{"line":51,"column":3}},"23":{"start":{"line":47,"column":2},"end":{"line":47,"column":49}},"24":{"start":{"line":48,"column":2},"end":{"line":48,"column":74}},"25":{"start":{"line":49,"column":2},"end":{"line":49,"column":150}},"26":{"start":{"line":50,"column":2},"end":{"line":50,"column":9}},"27":{"start":{"line":53,"column":0},"end":{"line":56,"column":1}},"28":{"start":{"line":54,"column":2},"end":{"line":54,"column":90}},"29":{"start":{"line":55,"column":2},"end":{"line":55,"column":90}},"30":{"start":{"line":58,"column":0},"end":{"line":60,"column":3}},"31":{"start":{"line":59,"column":2},"end":{"line":59,"column":32}},"32":{"start":{"line":62,"column":0},"end":{"line":62,"column":25}},"33":{"start":{"line":64,"column":0},"end":{"line":66,"column":3}},"34":{"start":{"line":65,"column":2},"end":{"line":65,"column":75}},"35":{"start":{"line":68,"column":0},"end":{"line":68,"column":22}}},"fnMap":{"0":{"name":"_interopRequireDefault","decl":{"start":{"line":39,"column":9},"end":{"line":39,"column":31}},"loc":{"start":{"line":39,"column":37},"end":{"line":39,"column":95}},"line":39},"1":{"name":"(anonymous_1)","decl":{"start":{"line":46,"column":8},"end":{"line":46,"column":9}},"loc":{"start":{"line":46,"column":34},"end":{"line":51,"column":1}},"line":46},"2":{"name":"(anonymous_2)","decl":{"start":{"line":58,"column":37},"end":{"line":58,"column":38}},"loc":{"start":{"line":58,"column":49},"end":{"line":60,"column":1}},"line":58},"3":{"name":"(anonymous_3)","decl":{"start":{"line":64,"column":14},"end":{"line":64,"column":15}},"loc":{"start":{"line":64,"column":34},"end":{"line":66,"column":1}},"line":64}},"branchMap":{"0":{"loc":{"start":{"line":39,"column":46},"end":{"line":39,"column":92}},"type":"cond-expr","locations":[{"start":{"line":39,"column":70},"end":{"line":39,"column":73}},{"start":{"line":39,"column":76},"end":{"line":39,"column":92}}],"line":39},"1":{"loc":{"start":{"line":39,"column":46},"end":{"line":39,"column":67}},"type":"binary-expr","locations":[{"start":{"line":39,"column":46},"end":{"line":39,"column":49}},{"start":{"line":39,"column":53},"end":{"line":39,"column":67}}],"line":39},"2":{"loc":{"start":{"line":53,"column":0},"end":{"line":56,"column":1}},"type":"if","locations":[{"start":{"line":53,"column":0},"end":{"line":56,"column":1}},{"start":{"line":53,"column":0},"end":{"line":56,"column":1}}],"line":53},"3":{"loc":{"start":{"line":58,"column":11},"end":{"line":58,"column":35}},"type":"binary-expr","locations":[{"start":{"line":58,"column":11},"end":{"line":58,"column":27}},{"start":{"line":58,"column":31},"end":{"line":58,"column":35}}],"line":58}},"s":{"0":1,"1":1,"2":1,"3":1,"4":1,"5":1,"6":1,"7":1,"8":1,"9":1,"10":1,"11":1,"12":1,"13":1,"14":1,"15":1,"16":1,"17":8,"18":1,"19":1,"20":1,"21":1,"22":1,"23":72,"24":72,"25":72,"26":72,"27":1,"28":1,"29":1,"30":1,"31":1,"32":1,"33":1,"34":0,"35":1},"f":{"0":8,"1":72,"2":1,"3":0},"b":{"0":[0,8],"1":[8,8],"2":[1,0],"3":[1,1]},"_coverageSchema":"332fd63041d2c1bcb487cc26dd0d5f7d97098a6c","hash":"d20cdd8fa26b4e1c9301f6b42557ce3c16b1929c","contentHash":"eb204fc788b51efe2b6c36646181b4f3_11.1.0"},"/Users/andeladeveloper/Desktop/PostIt/server/routes/index.js":{"path":"/Users/andeladeveloper/Desktop/PostIt/server/routes/index.js","statementMap":{"0":{"start":{"line":3,"column":12},"end":{"line":3,"column":29}},"1":{"start":{"line":5,"column":13},"end":{"line":5,"column":42}},"2":{"start":{"line":7,"column":13},"end":{"line":7,"column":31}},"3":{"start":{"line":9,"column":14},"end":{"line":9,"column":44}},"4":{"start":{"line":11,"column":15},"end":{"line":11,"column":35}},"5":{"start":{"line":13,"column":16},"end":{"line":13,"column":48}},"6":{"start":{"line":15,"column":39},"end":{"line":15,"column":93}},"7":{"start":{"line":17,"column":0},"end":{"line":21,"column":2}},"8":{"start":{"line":18,"column":2},"end":{"line":18,"column":31}},"9":{"start":{"line":19,"column":2},"end":{"line":19,"column":32}},"10":{"start":{"line":20,"column":2},"end":{"line":20,"column":34}}},"fnMap":{"0":{"name":"_interopRequireDefault","decl":{"start":{"line":15,"column":9},"end":{"line":15,"column":31}},"loc":{"start":{"line":15,"column":37},"end":{"line":15,"column":95}},"line":15},"1":{"name":"(anonymous_1)","decl":{"start":{"line":17,"column":17},"end":{"line":17,"column":18}},"loc":{"start":{"line":17,"column":32},"end":{"line":21,"column":1}},"line":17}},"branchMap":{"0":{"loc":{"start":{"line":15,"column":46},"end":{"line":15,"column":92}},"type":"cond-expr","locations":[{"start":{"line":15,"column":70},"end":{"line":15,"column":73}},{"start":{"line":15,"column":76},"end":{"line":15,"column":92}}],"line":15},"1":{"loc":{"start":{"line":15,"column":46},"end":{"line":15,"column":67}},"type":"binary-expr","locations":[{"start":{"line":15,"column":46},"end":{"line":15,"column":49}},{"start":{"line":15,"column":53},"end":{"line":15,"column":67}}],"line":15}},"s":{"0":1,"1":1,"2":1,"3":1,"4":1,"5":1,"6":3,"7":1,"8":1,"9":1,"10":1},"f":{"0":3,"1":1},"b":{"0":[3,0],"1":[3,3]},"_coverageSchema":"332fd63041d2c1bcb487cc26dd0d5f7d97098a6c","hash":"740dbf7eb6e05f385eadafd09647d86e80f34bcf","contentHash":"fd1fbb6332c391474a612036ddb1fd1e_11.1.0"},"/Users/andeladeveloper/Desktop/PostIt/server/routes/user.js":{"path":"/Users/andeladeveloper/Desktop/PostIt/server/routes/user.js","statementMap":{"0":{"start":{"line":3,"column":0},"end":{"line":5,"column":3}},"1":{"start":{"line":7,"column":15},"end":{"line":7,"column":33}},"2":{"start":{"line":9,"column":16},"end":{"line":9,"column":48}},"3":{"start":{"line":11,"column":12},"end":{"line":11,"column":42}},"4":{"start":{"line":13,"column":13},"end":{"line":13,"column":42}},"5":{"start":{"line":15,"column":13},"end":{"line":15,"column":44}},"6":{"start":{"line":17,"column":14},"end":{"line":17,"column":44}},"7":{"start":{"line":19,"column":20},"end":{"line":19,"column":54}},"8":{"start":{"line":21,"column":21},"end":{"line":21,"column":58}},"9":{"start":{"line":23,"column":16},"end":{"line":23,"column":46}},"10":{"start":{"line":25,"column":17},"end":{"line":25,"column":50}},"11":{"start":{"line":27,"column":39},"end":{"line":27,"column":93}},"12":{"start":{"line":29,"column":17},"end":{"line":29,"column":43}},"13":{"start":{"line":31,"column":0},"end":{"line":31,"column":96}},"14":{"start":{"line":32,"column":0},"end":{"line":32,"column":96}},"15":{"start":{"line":33,"column":0},"end":{"line":33,"column":88}},"16":{"start":{"line":34,"column":0},"end":{"line":34,"column":81}},"17":{"start":{"line":35,"column":0},"end":{"line":35,"column":78}},"18":{"start":{"line":36,"column":0},"end":{"line":36,"column":75}},"19":{"start":{"line":37,"column":0},"end":{"line":37,"column":85}},"20":{"start":{"line":38,"column":0},"end":{"line":38,"column":96}},"21":{"start":{"line":39,"column":0},"end":{"line":39,"column":78}},"22":{"start":{"line":40,"column":0},"end":{"line":40,"column":85}},"23":{"start":{"line":41,"column":0},"end":{"line":41,"column":145}},"24":{"start":{"line":42,"column":0},"end":{"line":42,"column":90}},"25":{"start":{"line":44,"column":0},"end":{"line":44,"column":29}}},"fnMap":{"0":{"name":"_interopRequireDefault","decl":{"start":{"line":27,"column":9},"end":{"line":27,"column":31}},"loc":{"start":{"line":27,"column":37},"end":{"line":27,"column":95}},"line":27}},"branchMap":{"0":{"loc":{"start":{"line":27,"column":46},"end":{"line":27,"column":92}},"type":"cond-expr","locations":[{"start":{"line":27,"column":70},"end":{"line":27,"column":73}},{"start":{"line":27,"column":76},"end":{"line":27,"column":92}}],"line":27},"1":{"loc":{"start":{"line":27,"column":46},"end":{"line":27,"column":67}},"type":"binary-expr","locations":[{"start":{"line":27,"column":46},"end":{"line":27,"column":49}},{"start":{"line":27,"column":53},"end":{"line":27,"column":67}}],"line":27}},"s":{"0":1,"1":1,"2":1,"3":1,"4":1,"5":1,"6":1,"7":1,"8":1,"9":1,"10":1,"11":5,"12":1,"13":1,"14":1,"15":1,"16":1,"17":1,"18":1,"19":1,"20":1,"21":1,"22":1,"23":1,"24":1,"25":1},"f":{"0":5},"b":{"0":[4,1],"1":[5,5]},"_coverageSchema":"332fd63041d2c1bcb487cc26dd0d5f7d97098a6c","hash":"660329879220e8e6d91e066bb868700eeffd6463","contentHash":"488c85d84f8346e8703a56a719d5dc78_11.1.0"},"/Users/andeladeveloper/Desktop/PostIt/server/controllers/user.js":{"path":"/Users/andeladeveloper/Desktop/PostIt/server/controllers/user.js","statementMap":{"0":{"start":{"line":3,"column":0},"end":{"line":5,"column":3}},"1":{"start":{"line":7,"column":19},"end":{"line":7,"column":563}},"2":{"start":{"line":7,"column":76},"end":{"line":7,"column":347}},"3":{"start":{"line":7,"column":134},"end":{"line":7,"column":142}},"4":{"start":{"line":7,"column":144},"end":{"line":7,"column":199}},"5":{"start":{"line":7,"column":200},"end":{"line":7,"column":231}},"6":{"start":{"line":7,"column":232},"end":{"line":7,"column":286}},"7":{"start":{"line":7,"column":259},"end":{"line":7,"column":286}},"8":{"start":{"line":7,"column":287},"end":{"line":7,"column":345}},"9":{"start":{"line":7,"column":350},"end":{"line":7,"column":559}},"10":{"start":{"line":7,"column":407},"end":{"line":7,"column":475}},"11":{"start":{"line":7,"column":423},"end":{"line":7,"column":475}},"12":{"start":{"line":7,"column":476},"end":{"line":7,"column":536}},"13":{"start":{"line":7,"column":493},"end":{"line":7,"column":536}},"14":{"start":{"line":7,"column":537},"end":{"line":7,"column":556}},"15":{"start":{"line":9,"column":14},"end":{"line":9,"column":31}},"16":{"start":{"line":11,"column":15},"end":{"line":11,"column":46}},"17":{"start":{"line":13,"column":16},"end":{"line":13,"column":35}},"18":{"start":{"line":15,"column":17},"end":{"line":15,"column":50}},"19":{"start":{"line":17,"column":18},"end":{"line":17,"column":39}},"20":{"start":{"line":19,"column":19},"end":{"line":19,"column":54}},"21":{"start":{"line":21,"column":20},"end":{"line":21,"column":43}},"22":{"start":{"line":23,"column":21},"end":{"line":23,"column":58}},"23":{"start":{"line":25,"column":18},"end":{"line":25,"column":40}},"24":{"start":{"line":27,"column":19},"end":{"line":27,"column":54}},"25":{"start":{"line":29,"column":12},"end":{"line":29,"column":39}},"26":{"start":{"line":31,"column":13},"end":{"line":31,"column":42}},"27":{"start":{"line":33,"column":13},"end":{"line":33,"column":41}},"28":{"start":{"line":35,"column":14},"end":{"line":35,"column":44}},"29":{"start":{"line":37,"column":17},"end":{"line":37,"column":49}},"30":{"start":{"line":39,"column":18},"end":{"line":39,"column":52}},"31":{"start":{"line":41,"column":20},"end":{"line":41,"column":54}},"32":{"start":{"line":43,"column":21},"end":{"line":43,"column":58}},"33":{"start":{"line":45,"column":20},"end":{"line":45,"column":55}},"34":{"start":{"line":47,"column":21},"end":{"line":47,"column":58}},"35":{"start":{"line":49,"column":39},"end":{"line":49,"column":93}},"36":{"start":{"line":51,"column":50},"end":{"line":51,"column":151}},"37":{"start":{"line":51,"column":92},"end":{"line":51,"column":149}},"38":{"start":{"line":53,"column":0},"end":{"line":53,"column":26}},"39":{"start":{"line":54,"column":17},"end":{"line":54,"column":39}},"40":{"start":{"line":55,"column":11},"end":{"line":55,"column":45}},"41":{"start":{"line":62,"column":11},"end":{"line":438,"column":3}},"42":{"start":{"line":64,"column":4},"end":{"line":64,"column":32}},"43":{"start":{"line":67,"column":2},"end":{"line":435,"column":6}},"44":{"start":{"line":79,"column":17},"end":{"line":79,"column":93}},"45":{"start":{"line":80,"column":21},"end":{"line":80,"column":28}},"46":{"start":{"line":81,"column":21},"end":{"line":81,"column":28}},"47":{"start":{"line":82,"column":18},"end":{"line":82,"column":25}},"48":{"start":{"line":83,"column":24},"end":{"line":83,"column":31}},"49":{"start":{"line":85,"column":27},"end":{"line":85,"column":70}},"50":{"start":{"line":86,"column":6},"end":{"line":104,"column":7}},"51":{"start":{"line":87,"column":8},"end":{"line":87,"column":120}},"52":{"start":{"line":89,"column":8},"end":{"line":103,"column":11}},"53":{"start":{"line":90,"column":10},"end":{"line":102,"column":11}},"54":{"start":{"line":91,"column":12},"end":{"line":99,"column":13}},"55":{"start":{"line":92,"column":14},"end":{"line":96,"column":15}},"56":{"start":{"line":93,"column":16},"end":{"line":93,"column":111}},"57":{"start":{"line":95,"column":16},"end":{"line":95,"column":156}},"58":{"start":{"line":98,"column":14},"end":{"line":98,"column":87}},"59":{"start":{"line":101,"column":12},"end":{"line":101,"column":53}},"60":{"start":{"line":119,"column":18},"end":{"line":119,"column":56}},"61":{"start":{"line":120,"column":21},"end":{"line":120,"column":29}},"62":{"start":{"line":121,"column":21},"end":{"line":121,"column":29}},"63":{"start":{"line":123,"column":6},"end":{"line":135,"column":9}},"64":{"start":{"line":124,"column":8},"end":{"line":131,"column":9}},"65":{"start":{"line":125,"column":10},"end":{"line":125,"column":61}},"66":{"start":{"line":126,"column":15},"end":{"line":131,"column":9}},"67":{"start":{"line":127,"column":22},"end":{"line":127,"column":99}},"68":{"start":{"line":128,"column":10},"end":{"line":128,"column":149}},"69":{"start":{"line":130,"column":10},"end":{"line":130,"column":66}},"70":{"start":{"line":132,"column":8},"end":{"line":134,"column":9}},"71":{"start":{"line":133,"column":10},"end":{"line":133,"column":80}},"72":{"start":{"line":150,"column":19},"end":{"line":150,"column":37}},"73":{"start":{"line":151,"column":6},"end":{"line":157,"column":7}},"74":{"start":{"line":152,"column":8},"end":{"line":152,"column":80}},"75":{"start":{"line":154,"column":8},"end":{"line":156,"column":11}},"76":{"start":{"line":155,"column":10},"end":{"line":155,"column":49}},"77":{"start":{"line":172,"column":20},"end":{"line":172,"column":38}},"78":{"start":{"line":173,"column":6},"end":{"line":191,"column":7}},"79":{"start":{"line":174,"column":8},"end":{"line":174,"column":70}},"80":{"start":{"line":176,"column":8},"end":{"line":190,"column":11}},"81":{"start":{"line":177,"column":10},"end":{"line":189,"column":11}},"82":{"start":{"line":178,"column":12},"end":{"line":178,"column":70}},"83":{"start":{"line":180,"column":12},"end":{"line":188,"column":15}},"84":{"start":{"line":181,"column":14},"end":{"line":187,"column":15}},"85":{"start":{"line":182,"column":16},"end":{"line":184,"column":19}},"86":{"start":{"line":183,"column":18},"end":{"line":183,"column":61}},"87":{"start":{"line":186,"column":16},"end":{"line":186,"column":92}},"88":{"start":{"line":206,"column":22},"end":{"line":206,"column":40}},"89":{"start":{"line":207,"column":24},"end":{"line":207,"column":41}},"90":{"start":{"line":208,"column":18},"end":{"line":208,"column":99}},"91":{"start":{"line":209,"column":6},"end":{"line":243,"column":7}},"92":{"start":{"line":210,"column":8},"end":{"line":210,"column":86}},"93":{"start":{"line":211,"column":13},"end":{"line":243,"column":7}},"94":{"start":{"line":212,"column":8},"end":{"line":212,"column":82}},"95":{"start":{"line":214,"column":8},"end":{"line":242,"column":11}},"96":{"start":{"line":215,"column":10},"end":{"line":241,"column":11}},"97":{"start":{"line":216,"column":12},"end":{"line":216,"column":65}},"98":{"start":{"line":218,"column":30},"end":{"line":226,"column":14}},"99":{"start":{"line":227,"column":30},"end":{"line":233,"column":13}},"100":{"start":{"line":234,"column":12},"end":{"line":240,"column":15}},"101":{"start":{"line":235,"column":14},"end":{"line":239,"column":15}},"102":{"start":{"line":236,"column":16},"end":{"line":236,"column":83}},"103":{"start":{"line":238,"column":16},"end":{"line":238,"column":114}},"104":{"start":{"line":258,"column":22},"end":{"line":258,"column":65}},"105":{"start":{"line":259,"column":6},"end":{"line":268,"column":9}},"106":{"start":{"line":260,"column":8},"end":{"line":267,"column":9}},"107":{"start":{"line":261,"column":10},"end":{"line":261,"column":84}},"108":{"start":{"line":263,"column":31},"end":{"line":263,"column":81}},"109":{"start":{"line":264,"column":10},"end":{"line":266,"column":13}},"110":{"start":{"line":265,"column":12},"end":{"line":265,"column":79}},"111":{"start":{"line":283,"column":18},"end":{"line":283,"column":100}},"112":{"start":{"line":284,"column":21},"end":{"line":284,"column":29}},"113":{"start":{"line":285,"column":18},"end":{"line":285,"column":26}},"114":{"start":{"line":286,"column":24},"end":{"line":286,"column":32}},"115":{"start":{"line":287,"column":21},"end":{"line":287,"column":29}},"116":{"start":{"line":289,"column":6},"end":{"line":300,"column":9}},"117":{"start":{"line":290,"column":8},"end":{"line":299,"column":9}},"118":{"start":{"line":291,"column":10},"end":{"line":295,"column":13}},"119":{"start":{"line":292,"column":24},"end":{"line":293,"column":33}},"120":{"start":{"line":294,"column":12},"end":{"line":294,"column":164}},"121":{"start":{"line":297,"column":22},"end":{"line":297,"column":108}},"122":{"start":{"line":298,"column":10},"end":{"line":298,"column":165}},"123":{"start":{"line":315,"column":18},"end":{"line":315,"column":90}},"124":{"start":{"line":316,"column":23},"end":{"line":316,"column":31}},"125":{"start":{"line":317,"column":17},"end":{"line":317,"column":25}},"126":{"start":{"line":318,"column":20},"end":{"line":318,"column":28}},"127":{"start":{"line":319,"column":19},"end":{"line":319,"column":27}},"128":{"start":{"line":321,"column":24},"end":{"line":329,"column":8}},"129":{"start":{"line":330,"column":24},"end":{"line":336,"column":7}},"130":{"start":{"line":337,"column":6},"end":{"line":345,"column":9}},"131":{"start":{"line":338,"column":8},"end":{"line":344,"column":9}},"132":{"start":{"line":339,"column":10},"end":{"line":339,"column":29}},"133":{"start":{"line":340,"column":10},"end":{"line":340,"column":36}},"134":{"start":{"line":341,"column":10},"end":{"line":341,"column":77}},"135":{"start":{"line":343,"column":10},"end":{"line":343,"column":70}},"136":{"start":{"line":360,"column":20},"end":{"line":360,"column":36}},"137":{"start":{"line":361,"column":19},"end":{"line":361,"column":107}},"138":{"start":{"line":362,"column":6},"end":{"line":369,"column":7}},"139":{"start":{"line":363,"column":8},"end":{"line":368,"column":9}},"140":{"start":{"line":364,"column":10},"end":{"line":366,"column":13}},"141":{"start":{"line":365,"column":12},"end":{"line":365,"column":39}},"142":{"start":{"line":367,"column":10},"end":{"line":367,"column":57}},"143":{"start":{"line":384,"column":18},"end":{"line":384,"column":92}},"144":{"start":{"line":385,"column":19},"end":{"line":385,"column":27}},"145":{"start":{"line":386,"column":22},"end":{"line":386,"column":30}},"146":{"start":{"line":387,"column":20},"end":{"line":387,"column":28}},"147"
[...]
mn":29},"end":{"line":163,"column":12}},"73":{"start":{"line":162,"column":12},"end":{"line":162,"column":62}},"74":{"start":{"line":164,"column":10},"end":{"line":164,"column":59}},"75":{"start":{"line":180,"column":22},"end":{"line":180,"column":42}},"76":{"start":{"line":181,"column":20},"end":{"line":181,"column":37}},"77":{"start":{"line":182,"column":6},"end":{"line":192,"column":9}},"78":{"start":{"line":183,"column":24},"end":{"line":185,"column":10}},"79":{"start":{"line":184,"column":10},"end":{"line":184,"column":29}},"80":{"start":{"line":186,"column":8},"end":{"line":191,"column":11}},"81":{"start":{"line":187,"column":28},"end":{"line":189,"column":12}},"82":{"start":{"line":188,"column":12},"end":{"line":188,"column":57}},"83":{"start":{"line":190,"column":10},"end":{"line":190,"column":55}},"84":{"start":{"line":196,"column":2},"end":{"line":196,"column":17}},"85":{"start":{"line":199,"column":0},"end":{"line":199,"column":26}}},"fnMap":{"0":{"name":"(anonymous_0)","decl":{"start":{"line":7,"column":19},"end":{"line":7,"column":20}},"loc":{"start":{"line":7,"column":31},"end":{"line":7,"column":561}},"line":7},"1":{"name":"defineProperties","decl":{"start":{"line":7,"column":42},"end":{"line":7,"column":58}},"loc":{"start":{"line":7,"column":74},"end":{"line":7,"column":349}},"line":7},"2":{"name":"(anonymous_2)","decl":{"start":{"line":7,"column":357},"end":{"line":7,"column":358}},"loc":{"start":{"line":7,"column":405},"end":{"line":7,"column":558}},"line":7},"3":{"name":"_interopRequireDefault","decl":{"start":{"line":37,"column":9},"end":{"line":37,"column":31}},"loc":{"start":{"line":37,"column":37},"end":{"line":37,"column":95}},"line":37},"4":{"name":"_classCallCheck","decl":{"start":{"line":39,"column":9},"end":{"line":39,"column":24}},"loc":{"start":{"line":39,"column":48},"end":{"line":39,"column":153}},"line":39},"5":{"name":"(anonymous_5)","decl":{"start":{"line":50,"column":14},"end":{"line":50,"column":15}},"loc":{"start":{"line":50,"column":26},"end":{"line":197,"column":1}},"line":50},"6":{"name":"Message","decl":{"start":{"line":51,"column":11},"end":{"line":51,"column":18}},"loc":{"start":{"line":51,"column":21},"end":{"line":53,"column":3}},"line":51},"7":{"name":"postMessageToGroup","decl":{"start":{"line":66,"column":20},"end":{"line":66,"column":38}},"loc":{"start":{"line":66,"column":49},"end":{"line":88,"column":5}},"line":66},"8":{"name":"(anonymous_8)","decl":{"start":{"line":73,"column":44},"end":{"line":73,"column":45}},"loc":{"start":{"line":73,"column":62},"end":{"line":87,"column":7}},"line":73},"9":{"name":"(anonymous_9)","decl":{"start":{"line":77,"column":58},"end":{"line":77,"column":59}},"loc":{"start":{"line":77,"column":76},"end":{"line":85,"column":11}},"line":77},"10":{"name":"(anonymous_10)","decl":{"start":{"line":79,"column":86},"end":{"line":79,"column":87}},"loc":{"start":{"line":79,"column":101},"end":{"line":81,"column":15}},"line":79},"11":{"name":"deleteMessage","decl":{"start":{"line":101,"column":20},"end":{"line":101,"column":33}},"loc":{"start":{"line":101,"column":44},"end":{"line":112,"column":5}},"line":101},"12":{"name":"(anonymous_12)","decl":{"start":{"line":103,"column":50},"end":{"line":103,"column":51}},"loc":{"start":{"line":103,"column":65},"end":{"line":111,"column":7}},"line":103},"13":{"name":"(anonymous_13)","decl":{"start":{"line":107,"column":53},"end":{"line":107,"column":54}},"loc":{"start":{"line":107,"column":65},"end":{"line":109,"column":11}},"line":107},"14":{"name":"archiveReadMessage","decl":{"start":{"line":125,"column":20},"end":{"line":125,"column":38}},"loc":{"start":{"line":125,"column":49},"end":{"line":137,"column":5}},"line":125},"15":{"name":"(anonymous_15)","decl":{"start":{"line":130,"column":27},"end":{"line":130,"column":28}},"loc":{"start":{"line":130,"column":44},"end":{"line":132,"column":9}},"line":130},"16":{"name":"(anonymous_16)","decl":{"start":{"line":131,"column":67},"end":{"line":131,"column":68}},"loc":{"start":{"line":131,"column":79},"end":{"line":131,"column":81}},"line":131},"17":{"name":"getArchivedMessages","decl":{"start":{"line":150,"column":20},"end":{"line":150,"column":39}},"loc":{"start":{"line":150,"column":50},"end":{"line":167,"column":5}},"line":150},"18":{"name":"(anonymous_18)","decl":{"start":{"line":153,"column":57},"end":{"line":153,"column":58}},"loc":{"start":{"line":153,"column":73},"end":{"line":166,"column":7}},"line":153},"19":{"name":"(anonymous_19)","decl":{"start":{"line":154,"column":38},"end":{"line":154,"column":39}},"loc":{"start":{"line":154,"column":53},"end":{"line":156,"column":9}},"line":154},"20":{"name":"(anonymous_20)","decl":{"start":{"line":157,"column":45},"end":{"line":157,"column":46}},"loc":{"start":{"line":157,"column":64},"end":{"line":159,"column":9}},"line":157},"21":{"name":"(anonymous_21)","decl":{"start":{"line":160,"column":50},"end":{"line":160,"column":51}},"loc":{"start":{"line":160,"column":75},"end":{"line":165,"column":9}},"line":160},"22":{"name":"(anonymous_22)","decl":{"start":{"line":161,"column":59},"end":{"line":161,"column":60}},"loc":{"start":{"line":161,"column":79},"end":{"line":163,"column":11}},"line":161},"23":{"name":"getReadMessageUser","decl":{"start":{"line":179,"column":20},"end":{"line":179,"column":38}},"loc":{"start":{"line":179,"column":49},"end":{"line":193,"column":5}},"line":179},"24":{"name":"(anonymous_24)","decl":{"start":{"line":182,"column":57},"end":{"line":182,"column":58}},"loc":{"start":{"line":182,"column":74},"end":{"line":192,"column":7}},"line":182},"25":{"name":"(anonymous_25)","decl":{"start":{"line":183,"column":34},"end":{"line":183,"column":35}},"loc":{"start":{"line":183,"column":50},"end":{"line":185,"column":9}},"line":183},"26":{"name":"(anonymous_26)","decl":{"start":{"line":186,"column":37},"end":{"line":186,"column":38}},"loc":{"start":{"line":186,"column":53},"end":{"line":191,"column":9}},"line":186},"27":{"name":"(anonymous_27)","decl":{"start":{"line":187,"column":40},"end":{"line":187,"column":41}},"loc":{"start":{"line":187,"column":60},"end":{"line":189,"column":11}},"line":187}},"branchMap":{"0":{"loc":{"start":{"line":7,"column":168},"end":{"line":7,"column":198}},"type":"binary-expr","locations":[{"start":{"line":7,"column":168},"end":{"line":7,"column":189}},{"start":{"line":7,"column":193},"end":{"line":7,"column":198}}],"line":7},"1":{"loc":{"start":{"line":7,"column":232},"end":{"line":7,"column":286}},"type":"if","locations":[{"start":{"line":7,"column":232},"end":{"line":7,"column":286}},{"start":{"line":7,"column":232},"end":{"line":7,"column":286}}],"line":7},"2":{"loc":{"start":{"line":7,"column":407},"end":{"line":7,"column":475}},"type":"if","locations":[{"start":{"line":7,"column":407},"end":{"line":7,"column":475}},{"start":{"line":7,"column":407},"end":{"line":7,"column":475}}],"line":7},"3":{"loc":{"start":{"line":7,"column":476},"end":{"line":7,"column":536}},"type":"if","locations":[{"start":{"line":7,"column":476},"end":{"line":7,"column":536}},{"start":{"line":7,"column":476},"end":{"line":7,"column":536}}],"line":7},"4":{"loc":{"start":{"line":37,"column":46},"end":{"line":37,"column":92}},"type":"cond-expr","locations":[{"start":{"line":37,"column":70},"end":{"line":37,"column":73}},{"start":{"line":37,"column":76},"end":{"line":37,"column":92}}],"line":37},"5":{"loc":{"start":{"line":37,"column":46},"end":{"line":37,"column":67}},"type":"binary-expr","locations":[{"start":{"line":37,"column":46},"end":{"line":37,"column":49}},{"start":{"line":37,"column":53},"end":{"line":37,"column":67}}],"line":37},"6":{"loc":{"start":{"line":39,"column":50},"end":{"line":39,"column":151}},"type":"if","locations":[{"start":{"line":39,"column":50},"end":{"line":39,"column":151}},{"start":{"line":39,"column":50},"end":{"line":39,"column":151}}],"line":39},"7":{"loc":{"start":{"line":67,"column":105},"end":{"line":67,"column":140}},"type":"binary-expr","locations":[{"start":{"line":67,"column":105},"end":{"line":67,"column":122}},{"start":{"line":67,"column":126},"end":{"line":67,"column":140}}],"line":67},"8":{"loc":{"start":{"line":74,"column":8},"end":{"line":86,"column":9}},"type":"if","locations":[{"start":{"line":74,"column":8},"end":{"line":86,"column":9}},{"start":{"line":74,"column":8},"end":{"line":86,"column":9}}],"line":74},"9":{"loc":{"start":{"line":78,"column":12},"end":{"line":84,"column":13}},"type":"if","locations":[{"start":{"line":78,"column":12},"end":{"line":84,"column":13}},{"start":{"line":78,"column":12},"end":{"line":84,"column":13}}],"line":78},"10":{"loc":{"start":{"line":104,"column":8},"end":{"line":110,"column":9}},"type":"if","locations":[{"start":{"line":104,"column":8},"end":{"line":110,"column":9}},{"start":{"line":104,"column":8},"end":{"line":110,"column":9}}],"line":104},"11":{"loc":{"start":{"line":129,"column":6},"end":{"line":136,"column":7}},"type":"if","locations":[{"start":{"line":129,"column":6},"end":{"line":136,"column":7}},{"start":{"line":129,"column":6},"end":{"line":136,"column":7}}],"line":129}},"s":{"0":1,"1":1,"2":1,"3":5,"4":5,"5":5,"6":5,"7":5,"8":5,"9":1,"10":1,"11":0,"12":1,"13":1,"14":1,"15":1,"16":1,"17":1,"18":1,"19":1,"20":1,"21":1,"22":1,"23":1,"24":1,"25":1,"26":1,"27":1,"28":1,"29":7,"30":0,"31":0,"32":1,"33":1,"34":1,"35":0,"36":1,"37":2,"38":2,"39":2,"40":2,"41":2,"42":2,"43":2,"44":1,"45":1,"46":1,"47":1,"48":1,"49":0,"50":2,"51":2,"52":2,"53":1,"54":1,"55":1,"56":2,"57":2,"58":2,"59":2,"60":1,"61":1,"62":1,"63":1,"64":0,"65":0,"66":0,"67":0,"68":0,"69":0,"70":0,"71":0,"72":0,"73":0,"74":0,"75":1,"76":1,"77":1,"78":1,"79":1,"80":1,"81":1,"82":2,"83":1,"84":1,"85":1},"f":{"0":1,"1":1,"2":1,"3":7,"4":0,"5":1,"6":0,"7":2,"8":2,"9":1,"10":1,"11":2,"12":2,"13":1,"14":2,"15":1,"16":1,"17":0,"18":0,"19":0,"20":0,"21":0,"22":0,"23":1,"24":1,"25":1,"26":1,"27":2},"b":{"0":[5,5],"1":[5,0],"2":[0,1],"3":[1,0],"4":[5,2],"5":[7,7],"6":[0,0],"7":[2,2],"8":[1,1],"9":[1,0],"10":[1,1],"11":[1,1]},"_coverageSchema":"332fd63041d2c1bcb487cc26dd0d5f7d97098a6c","hash":"e70838bbe36752225d4b2fd4dee9080fe3ebb163","contentHash":"84c92443ab3948b166f6017a5ec43c97_11.1.0"},"/Users/andeladeveloper/Desktop/PostIt/server/services/Message.js":{"path":"/Users/andeladeveloper/Desktop/PostIt/server/services/Message.js","statementMap":{"0":{"start":{"line":3,"column":0},"end":{"line":5,"column":3}},"1":{"start":{"line":7,"column":19},"end":{"line":7,"column":563}},"2":{"start":{"line":7,"column":76},"end":{"line":7,"column":347}},"3":{"start":{"line":7,"column":134},"end":{"line":7,"column":142}},"4":{"start":{"line":7,"column":144},"end":{"line":7,"column":199}},"5":{"start":{"line":7,"column":200},"end":{"line":7,"column":231}},"6":{"start":{"line":7,"column":232},"end":{"line":7,"column":286}},"7":{"start":{"line":7,"column":259},"end":{"line":7,"column":286}},"8":{"start":{"line":7,"column":287},"end":{"line":7,"column":345}},"9":{"start":{"line":7,"column":350},"end":{"line":7,"column":559}},"10":{"start":{"line":7,"column":407},"end":{"line":7,"column":475}},"11":{"start":{"line":7,"column":423},"end":{"line":7,"column":475}},"12":{"start":{"line":7,"column":476},"end":{"line":7,"column":536}},"13":{"start":{"line":7,"column":493},"end":{"line":7,"column":536}},"14":{"start":{"line":7,"column":537},"end":{"line":7,"column":556}},"15":{"start":{"line":9,"column":14},"end":{"line":9,"column":34}},"16":{"start":{"line":11,"column":15},"end":{"line":11,"column":46}},"17":{"start":{"line":13,"column":39},"end":{"line":13,"column":93}},"18":{"start":{"line":15,"column":50},"end":{"line":15,"column":151}},"19":{"start":{"line":15,"column":92},"end":{"line":15,"column":149}},"20":{"start":{"line":17,"column":15},"end":{"line":17,"column":39}},"21":{"start":{"line":24,"column":14},"end":{"line":103,"column":3}},"22":{"start":{"line":26,"column":4},"end":{"line":26,"column":35}},"23":{"start":{"line":29,"column":2},"end":{"line":100,"column":6}},"24":{"start":{"line":44,"column":6},"end":{"line":53,"column":9}},"25":{"start":{"line":50,"column":8},"end":{"line":50,"column":18}},"26":{"start":{"line":52,"column":8},"end":{"line":52,"column":27}},"27":{"start":{"line":68,"column":6},"end":{"line":76,"column":9}},"28":{"start":{"line":73,"column":8},"end":{"line":73,"column":20}},"29":{"start":{"line":75,"column":8},"end":{"line":75,"column":27}},"30":{"start":{"line":90,"column":6},"end":{"line":98,"column":9}},"31":{"start":{"line":95,"column":8},"end":{"line":95,"column":18}},"32":{"start":{"line":97,"column":8},"end":{"line":97,"column":27}},"33":{"start":{"line":102,"column":2},"end":{"line":102,"column":17}},"34":{"start":{"line":105,"column":0},"end":{"line":105,"column":26}}},"fnMap":{"0":{"name":"(anonymous_0)","decl":{"start":{"line":7,"column":19},"end":{"line":7,"column":20}},"loc":{"start":{"line":7,"column":31},"end":{"line":7,"column":561}},"line":7},"1":{"name":"defineProperties","decl":{"start":{"line":7,"column":42},"end":{"line":7,"column":58}},"loc":{"start":{"line":7,"column":74},"end":{"line":7,"column":349}},"line":7},"2":{"name":"(anonymous_2)","decl":{"start":{"line":7,"column":357},"end":{"line":7,"column":358}},"loc":{"start":{"line":7,"column":405},"end":{"line":7,"column":558}},"line":7},"3":{"name":"_interopRequireDefault","decl":{"start":{"line":13,"column":9},"end":{"line":13,"column":31}},"loc":{"start":{"line":13,"column":37},"end":{"line":13,"column":95}},"line":13},"4":{"name":"_classCallCheck","decl":{"start":{"line":15,"column":9},"end":{"line":15,"column":24}},"loc":{"start":{"line":15,"column":48},"end":{"line":15,"column":153}},"line":15},"5":{"name":"(anonymous_5)","decl":{"start":{"line":24,"column":14},"end":{"line":24,"column":15}},"loc":{"start":{"line":24,"column":26},"end":{"line":103,"column":1}},"line":24},"6":{"name":"Message","decl":{"start":{"line":25,"column":11},"end":{"line":25,"column":18}},"loc":{"start":{"line":25,"column":21},"end":{"line":27,"column":3}},"line":25},"7":{"name":"postMessage","decl":{"start":{"line":43,"column":20},"end":{"line":43,"column":31}},"loc":{"start":{"line":43,"column":76},"end":{"line":54,"column":5}},"line":43},"8":{"name":"(anonymous_8)","decl":{"start":{"line":49,"column":14},"end":{"line":49,"column":15}},"loc":{"start":{"line":49,"column":29},"end":{"line":51,"column":7}},"line":49},"9":{"name":"(anonymous_9)","decl":{"start":{"line":51,"column":15},"end":{"line":51,"column":16}},"loc":{"start":{"line":51,"column":30},"end":{"line":53,"column":7}},"line":51},"10":{"name":"getMessageById","decl":{"start":{"line":67,"column":20},"end":{"line":67,"column":34}},"loc":{"start":{"line":67,"column":52},"end":{"line":77,"column":5}},"line":67},"11":{"name":"(anonymous_11)","decl":{"start":{"line":72,"column":14},"end":{"line":72,"column":15}},"loc":{"start":{"line":72,"column":31},"end":{"line":74,"column":7}},"line":72},"12":{"name":"(anonymous_12)","decl":{"start":{"line":74,"column":15},"end":{"line":74,"column":16}},"loc":{"start":{"line":74,"column":30},"end":{"line":76,"column":7}},"line":74},"13":{"name":"deleteMessage","decl":{"start":{"line":89,"column":20},"end":{"line":89,"column":33}},"loc":{"start":{"line":89,"column":51},"end":{"line":99,"column":5}},"line":89},"14":{"name":"(anonymous_14)","decl":{"start":{"line":94,"column":14},"end":{"line":94,"column":15}},"loc":{"start":{"line":94,"column":29},"end":{"line":96,"column":7}},"line":94},"15":{"name":"(anonymous_15)","decl":{"start":{"line":96,"column":15},"end":{"line":96,"column":16}},"loc":{"start":{"line":96,"column":30},"end":{"line":98,"column":7}},"line":96}},"branchMap":{"0":{"loc":{"start":{"line":7,"column":168},"end":{"line":7,"column":198}},"type":"binary-expr","locations":[{"start":{"line":7,"column":168},"end":{"line":7,"column":189}},{"start":{"line":7,"column":193},"end":{"line":7,"column":198}}],"line":7},"1":{"loc":{"start":{"line":7,"column":232},"end":{"line":7,"column":286}},"type":"if","locations":[{"start":{"line":7,"column":232},"end":{"line":7,"column":286}},{"start":{"line":7,"column":232},"end":{"line":7,"column":286}}],"line":7},"2":{"loc":{"start":{"line":7,"column":407},"end":{"line":7,"column":475}},"type":"if","locations":[{"start":{"line":7,"column":407},"end":{"line":7,"column":475}},{"start":{"line":7,"column":407},"end":{"line":7,"column":475}}],"line":7},"3":{"loc":{"start":{"line":7,"column":476},"end":{"line":7,"column":536}},"type":"if","locations":[{"start":{"line":7,"column":476},"end":{"line":7,"column":536}},{"start":{"line":7,"column":476},"end":{"line":7,"column":536}}],"line":7},"4":{"loc":{"start":{"line":13,"column":46},"end":{"line":13,"column":92}},"type":"cond-expr","locations":[{"start":{"line":13,"column":70},"end":{"line":13,"column":73}},{"start":{"line":13,"column":76},"end":{"line":13,"column":92}}],"line":13},"5":{"loc":{"start":{"line":13,"column":46},"end":{"line":13,"column":67}},"type":"binary-expr","locations":[{"start":{"line":13,"column":46},"end":{"line":13,"column":49}},{"start":{"line":13,"column":53},"end":{"line":13,"column":67}}],"line":13},"6":{"loc":{"start":{"line":15,"column":50},"end":{"line":15,"column":151}},"type":"if","locations":[{"start":{"line":15,"column":50},"end":{"line":15,"column":151}},{"start":{"line":15,"column":50},"end":{"line":15,"column":151}}],"line":15}},"s":{"0":1,"1":1,"2":1,"3":3,"4":3,"5":3,"6":3,"7":3,"8":3,"9":1,"10":1,"11":0,"12":1,"13":1,"14":1,"15":1,"16":1,"17":1,"18":0,"19":0,"20":1,"21":1,"22":0,"23":1,"24":1,"25":1,"26":0,"27":2,"28":2,"29":0,"30":1,"31":1,"32":0,"33":1,"34":1},"f":{"0":1,"1":1,"2":1,"3":1,"4":0,"5":1,"6":0,"7":1,"8":1,"9":0,"10":2,"11":2,"12":0,"13":1,"14":1,"15":0},"b":{"0":[3,3],"1":[3,0],"2":[0,1],"3":[1,0],"4":[0,1],"5":[1,1],"6":[0,0]},"_coverageSchema":"332fd63041d2c1bcb487cc26dd0d5f7d97098a6c","hash":"caac341c8583e00dcb64f5b40b3b0170290df87d","contentHash":"4bd4ab34d359f75ad64385de87af2229_11.1.0"},"/Users/andeladeveloper/Desktop/PostIt/server/routes/message.js":{"path":"/Users/andeladeveloper/Desktop/PostIt/server/routes/message.js","statementMap":{"0":{"start":{"line":3,"column":0},"end":{"line":5,"column":3}},"1":{"start":{"line":7,"column":15},"end":{"line":7,"column":33}},"2":{"start":{"line":9,"column":16},"end":{"line":9,"column":48}},"3":{"start":{"line":11,"column":15},"end":{"line":11,"column":48}},"4":{"start":{"line":13,"column":16},"end":{"line":13,"column":48}},"5":{"start":{"line":15,"column":20},"end":{"line":15,"column":54}},"6":{"start":{"line":17,"column":21},"end":{"line":17,"column":58}},"7":{"start":{"line":19,"column":16},"end":{"line":19,"column":46}},"8":{"start":{"line":21,"column":17},"end":{"line":21,"column":50}},"9":{"start":{"line":23,"column":39},"end":{"line":23,"column":93}},"10":{"start":{"line":25,"column":20},"end":{"line":25,"column":46}},"11":{"start":{"line":27,"column":0},"end":{"line":27,"column":155}},"12":{"start":{"line":28,"column":0},"end":{"line":28,"column":91}},"13":{"start":{"line":30,"column":0},"end":{"line":30,"column":32}}},"fnMap":{"0":{"name":"_interopRequireDefault","decl":{"start":{"line":23,"column":9},"end":{"line":23,"column":31}},"loc":{"start":{"line":23,"column":37},"end":{"line":23,"column":95}},"line":23}},"branchMap":{"0":{"loc":{"start":{"line":23,"column":46},"end":{"line":23,"column":92}},"type":"cond-expr","locations":[{"start":{"line":23,"column":70},"end":{"line":23,"column":73}},{"start":{"line":23,"column":76},"end":{"line":23,"column":92}}],"line":23},"1":{"loc":{"start":{"line":23,"column":46},"end":{"line":23,"column":67}},"type":"binary-expr","locations":[{"start":{"line":23,"column":46},"end":{"line":23,"column":49}},{"start":{"line":23,"column":53},"end":{"line":23,"column":67}}],"line":23}},"s":{"0":1,"1":1,"2":1,"3":1,"4":1,"5":1,"6":1,"7":1,"8":1,"9":4,"10":1,"11":1,"12":1,"13":1},"f":{"0":4},"b":{"0":[3,1],"1":[4,4]},"_coverageSchema":"332fd63041d2c1bcb487cc26dd0d5f7d97098a6c","hash":"569e15d978ab173f5f88b054d6e74a58b7883b5c","contentHash":"6bbbd3f2a06cb74bded6c4c60a5110fe_11.1.0"}}