{"/Users/andeladeveloper/Desktop/PostIt/server/services/group.js":{"path":"/Users/andeladeveloper/Desktop/PostIt/server/services/group.js","statementMap":{"0":{"start":{"line":3,"column":0},"end":{"line":5,"column":3}},"1":{"start":{"line":7,"column":19},"end":{"line":7,"column":563}},"2":{"start":{"line":7,"column":76},"end":{"line":7,"column":347}},"3":{"start":{"line":7,"column":134},"end":{"line":7,"column":142}},"4":{"start":{"line":7,"column":144},"end":{"line":7,"column":199}},"5":{"start":{"line":7,"column":200},"end":{"line":7,"column":231}},"6":{"start":{"line":7,"column":232},"end":{"line":7,"column":286}},"7":{"start":{"line":7,"column":259},"end":{"line":7,"column":286}},"8":{"start":{"line":7,"column":287},"end":{"line":7,"column":345}},"9":{"start":{"line":7,"column":350},"end":{"line":7,"column":559}},"10":{"start":{"line":7,"column":407},"end":{"line":7,"column":475}},"11":{"start":{"line":7,"column":423},"end":{"line":7,"column":475}},"12":{"start":{"line":7,"column":476},"end":{"line":7,"column":536}},"13":{"start":{"line":7,"column":493},"end":{"line":7,"column":536}},"14":{"start":{"line":7,"column":537},"end":{"line":7,"column":556}},"15":{"start":{"line":9,"column":14},"end":{"line":9,"column":34}},"16":{"start":{"line":11,"column":15},"end":{"line":11,"column":46}},"17":{"start":{"line":13,"column":39},"end":{"line":13,"column":93}},"18":{"start":{"line":15,"column":50},"end":{"line":15,"column":151}},"19":{"start":{"line":15,"column":92},"end":{"line":15,"column":149}},"20":{"start":{"line":17,"column":13},"end":{"line":17,"column":35}},"21":{"start":{"line":18,"column":15},"end":{"line":18,"column":39}},"22":{"start":{"line":25,"column":12},"end":{"line":145,"column":3}},"23":{"start":{"line":27,"column":4},"end":{"line":27,"column":33}},"24":{"start":{"line":30,"column":2},"end":{"line":142,"column":6}},"25":{"start":{"line":42,"column":6},"end":{"line":54,"column":9}},"26":{"start":{"line":51,"column":8},"end":{"line":51,"column":20}},"27":{"start":{"line":53,"column":8},"end":{"line":53,"column":27}},"28":{"start":{"line":67,"column":6},"end":{"line":69,"column":9}},"29":{"start":{"line":68,"column":8},"end":{"line":68,"column":20}},"30":{"start":{"line":82,"column":6},"end":{"line":92,"column":9}},"31":{"start":{"line":89,"column":8},"end":{"line":89,"column":19}},"32":{"start":{"line":91,"column":8},"end":{"line":91,"column":27}},"33":{"start":{"line":107,"column":16},"end":{"line":107,"column":18}},"34":{"start":{"line":108,"column":6},"end":{"line":110,"column":9}},"35":{"start":{"line":109,"column":8},"end":{"line":109,"column":32}},"36":{"start":{"line":111,"column":6},"end":{"line":120,"column":9}},"37":{"start":{"line":117,"column":8},"end":{"line":117,"column":19}},"38":{"start":{"line":119,"column":8},"end":{"line":119,"column":27}},"39":{"start":{"line":132,"column":6},"end":{"line":140,"column":9}},"40":{"start":{"line":137,"column":8},"end":{"line":137,"column":20}},"41":{"start":{"line":139,"column":8},"end":{"line":139,"column":27}},"42":{"start":{"line":144,"column":2},"end":{"line":144,"column":15}},"43":{"start":{"line":147,"column":0},"end":{"line":147,"column":24}}},"fnMap":{"0":{"name":"(anonymous_0)","decl":{"start":{"line":7,"column":19},"end":{"line":7,"column":20}},"loc":{"start":{"line":7,"column":31},"end":{"line":7,"column":561}},"line":7},"1":{"name":"defineProperties","decl":{"start":{"line":7,"column":42},"end":{"line":7,"column":58}},"loc":{"start":{"line":7,"column":74},"end":{"line":7,"column":349}},"line":7},"2":{"name":"(anonymous_2)","decl":{"start":{"line":7,"column":357},"end":{"line":7,"column":358}},"loc":{"start":{"line":7,"column":405},"end":{"line":7,"column":558}},"line":7},"3":{"name":"_interopRequireDefault","decl":{"start":{"line":13,"column":9},"end":{"line":13,"column":31}},"loc":{"start":{"line":13,"column":37},"end":{"line":13,"column":95}},"line":13},"4":{"name":"_classCallCheck","decl":{"start":{"line":15,"column":9},"end":{"line":15,"column":24}},"loc":{"start":{"line":15,"column":48},"end":{"line":15,"column":153}},"line":15},"5":{"name":"(anonymous_5)","decl":{"start":{"line":25,"column":12},"end":{"line":25,"column":13}},"loc":{"start":{"line":25,"column":24},"end":{"line":145,"column":1}},"line":25},"6":{"name":"Group","decl":{"start":{"line":26,"column":11},"end":{"line":26,"column":16}},"loc":{"start":{"line":26,"column":19},"end":{"line":28,"column":3}},"line":26},"7":{"name":"saveGroup","decl":{"start":{"line":41,"column":20},"end":{"line":41,"column":29}},"loc":{"start":{"line":41,"column":71},"end":{"line":55,"column":5}},"line":41},"8":{"name":"(anonymous_8)","decl":{"start":{"line":50,"column":14},"end":{"line":50,"column":15}},"loc":{"start":{"line":50,"column":31},"end":{"line":52,"column":7}},"line":50},"9":{"name":"(anonymous_9)","decl":{"start":{"line":52,"column":15},"end":{"line":52,"column":16}},"loc":{"start":{"line":52,"column":30},"end":{"line":54,"column":7}},"line":52},"10":{"name":"getGroupById","decl":{"start":{"line":66,"column":20},"end":{"line":66,"column":32}},"loc":{"start":{"line":66,"column":48},"end":{"line":70,"column":5}},"line":66},"11":{"name":"(anonymous_11)","decl":{"start":{"line":67,"column":54},"end":{"line":67,"column":55}},"loc":{"start":{"line":67,"column":71},"end":{"line":69,"column":7}},"line":67},"12":{"name":"getGroupMessages","decl":{"start":{"line":81,"column":20},"end":{"line":81,"column":36}},"loc":{"start":{"line":81,"column":52},"end":{"line":93,"column":5}},"line":81},"13":{"name":"(anonymous_13)","decl":{"start":{"line":88,"column":14},"end":{"line":88,"column":15}},"loc":{"start":{"line":88,"column":30},"end":{"line":90,"column":7}},"line":88},"14":{"name":"(anonymous_14)","decl":{"start":{"line":90,"column":15},"end":{"line":90,"column":16}},"loc":{"start":{"line":90,"column":30},"end":{"line":92,"column":7}},"line":90},"15":{"name":"getUserGroups","decl":{"start":{"line":106,"column":20},"end":{"line":106,"column":33}},"loc":{"start":{"line":106,"column":65},"end":{"line":121,"column":5}},"line":106},"16":{"name":"(anonymous_16)","decl":{"start":{"line":108,"column":23},"end":{"line":108,"column":24}},"loc":{"start":{"line":108,"column":40},"end":{"line":110,"column":7}},"line":108},"17":{"name":"(anonymous_17)","decl":{"start":{"line":116,"column":14},"end":{"line":116,"column":15}},"loc":{"start":{"line":116,"column":30},"end":{"line":118,"column":7}},"line":116},"18":{"name":"(anonymous_18)","decl":{"start":{"line":118,"column":15},"end":{"line":118,"column":16}},"loc":{"start":{"line":118,"column":30},"end":{"line":120,"column":7}},"line":118},"19":{"name":"deleteGroup","decl":{"start":{"line":131,"column":20},"end":{"line":131,"column":31}},"loc":{"start":{"line":131,"column":47},"end":{"line":141,"column":5}},"line":131},"20":{"name":"(anonymous_20)","decl":{"start":{"line":136,"column":14},"end":{"line":136,"column":15}},"loc":{"start":{"line":136,"column":31},"end":{"line":138,"column":7}},"line":136},"21":{"name":"(anonymous_21)","decl":{"start":{"line":138,"column":15},"end":{"line":138,"column":16}},"loc":{"start":{"line":138,"column":30},"end":{"line":140,"column":7}},"line":138}},"branchMap":{"0":{"loc":{"start":{"line":7,"column":168},"end":{"line":7,"column":198}},"type":"binary-expr","locations":[{"start":{"line":7,"column":168},"end":{"line":7,"column":189}},{"start":{"line":7,"column":193},"end":{"line":7,"column":198}}],"line":7},"1":{"loc":{"start":{"line":7,"column":232},"end":{"line":7,"column":286}},"type":"if","locations":[{"start":{"line":7,"column":232},"end":{"line":7,"column":286}},{"start":{"line":7,"column":232},"end":{"line":7,"column":286}}],"line":7},"2":{"loc":{"start":{"line":7,"column":407},"end":{"line":7,"column":475}},"type":"if","locations":[{"start":{"line":7,"column":407},"end":{"line":7,"column":475}},{"start":{"line":7,"column":407},"end":{"line":7,"column":475}}],"line":7},"3":{"loc":{"start":{"line":7,"column":476},"end":{"line":7,"column":536}},"type":"if","locations":[{"start":{"line":7,"column":476},"end":{"line":7,"column":536}},{"start":{"line":7,"column":476},"end":{"line":7,"column":536}}],"line":7},"4":{"loc":{"start":{"line":13,"column":46},"end":{"line":13,"column":92}},"type":"cond-expr","locations":[{"start":{"line":13,"column":70},"end":{"line":13,"column":73}},{"start":{"line":13,"column":76},"end":{"line":13,"column":92}}],"line":13},"5":{"loc":{"start":{"line":13,"column":46},"end":{"line":13,"column":67}},"type":"binary-expr","locations":[{"start":{"line":13,"column":46},"end":{"line":13,"column":49}},{"start":{"line":13,"column":53},"end":{"line":13,"column":67}}],"line":13},"6":{"loc":{"start":{"line":15,"column":50},"end":{"line":15,"column":151}},"type":"if","locations":[{"start":{"line":15,"column":50},"end":{"line":15,"column":151}},{"start":{"line":15,"column":50},"end":{"line":15,"column":151}}],"line":15}},"s":{"0":1,"1":1,"2":1,"3":5,"4":5,"5":5,"6":5,"7":5,"8":5,"9":1,"10":1,"11":0,"12":1,"13":1,"14":1,"15":1,"16":1,"17":1,"18":0,"19":0,"20":1,"21":1,"22":1,"23":0,"24":1,"25":3,"26":3,"27":0,"28":13,"29":13,"30":1,"31":1,"32":0,"33":0,"34":0,"35":0,"36":0,"37":0,"38":0,"39":2,"40":2,"41":0,"42":1,"43":1},"f":{"0":1,"1":1,"2":1,"3":1,"4":0,"5":1,"6":0,"7":3,"8":3,"9":0,"10":13,"11":13,"12":1,"13":1,"14":0,"15":0,"16":0,"17":0,"18":0,"19":2,"20":2,"21":0},"b":{"0":[5,5],"1":[5,0],"2":[0,1],"3":[1,0],"4":[0,1],"5":[1,1],"6":[0,0]},"_coverageSchema":"332fd63041d2c1bcb487cc26dd0d5f7d97098a6c","hash":"1290e3cdd37332ad534679f4bc39aa6b4d3a4d2e","contentHash":"9720bd7d3fab03fdd590e653eabd285f_11.1.0"},"/Users/andeladeveloper/Desktop/PostIt/server/models/index.js":{"path":"/Users/andeladeveloper/Desktop/PostIt/server/models/index.js","statementMap":{"0":{"start":{"line":3,"column":10},"end":{"line":3,"column":23}},"1":{"start":{"line":5,"column":11},"end":{"line":5,"column":38}},"2":{"start":{"line":7,"column":12},"end":{"line":7,"column":27}},"3":{"start":{"line":9,"column":13},"end":{"line":9,"column":42}},"4":{"start":{"line":11,"column":17},"end":{"line":11,"column":37}},"5":{"start":{"line":13,"column":18},"end":{"line":13,"column":52}},"6":{"start":{"line":15,"column":39},"end":{"line":15,"column":93}},"7":{"start":{"line":17,"column":15},"end":{"line":17,"column":55}},"8":{"start":{"line":18,"column":10},"end":{"line":18,"column":47}},"9":{"start":{"line":19,"column":13},"end":{"line":19,"column":61}},"10":{"start":{"line":20,"column":9},"end":{"line":20,"column":11}},"11":{"start":{"line":22,"column":16},"end":{"line":22,"column":22}},"12":{"start":{"line":23,"column":0},"end":{"line":27,"column":1}},"13":{"start":{"line":24,"column":2},"end":{"line":24,"column":76}},"14":{"start":{"line":26,"column":2},"end":{"line":26,"column":97}},"15":{"start":{"line":29,"column":0},"end":{"line":34,"column":3}},"16":{"start":{"line":30,"column":2},"end":{"line":30,"column":82}},"17":{"start":{"line":32,"column":14},"end":{"line":32,"column":68}},"18":{"start":{"line":33,"column":2},"end":{"line":33,"column":25}},"19":{"start":{"line":36,"column":0},"end":{"line":40,"column":3}},"20":{"start":{"line":37,"column":2},"end":{"line":39,"column":3}},"21":{"start":{"line":38,"column":4},"end":{"line":38,"column":32}},"22":{"start":{"line":42,"column":0},"end":{"line":42,"column":25}},"23":{"start":{"line":43,"column":0},"end":{"line":43,"column":35}},"24":{"start":{"line":45,"column":0},"end":{"line":45,"column":20}}},"fnMap":{"0":{"name":"_interopRequireDefault","decl":{"start":{"line":15,"column":9},"end":{"line":15,"column":31}},"loc":{"start":{"line":15,"column":37},"end":{"line":15,"column":95}},"line":15},"1":{"name":"(anonymous_1)","decl":{"start":{"line":29,"column":43},"end":{"line":29,"column":44}},"loc":{"start":{"line":29,"column":59},"end":{"line":31,"column":1}},"line":29},"2":{"name":"(anonymous_2)","decl":{"start":{"line":31,"column":11},"end":{"line":31,"column":12}},"loc":{"start":{"line":31,"column":27},"end":{"line":34,"column":1}},"line":31},"3":{"name":"(anonymous_3)","decl":{"start":{"line":36,"column":24},"end":{"line":36,"column":25}},"loc":{"start":{"line":36,"column":45},"end":{"line":40,"column":1}},"line":36}},"branchMap":{"0":{"loc":{"start":{"line":15,"column":46},"end":{"line":15,"column":92}},"type":"cond-expr","locations":[{"start":{"line":15,"column":70},"end":{"line":15,"column":73}},{"start":{"line":15,"column":76},"end":{"line":15,"column":92}}],"line":15},"1":{"loc":{"start":{"line":15,"column":46},"end":{"line":15,"column":67}},"type":"binary-expr","locations":[{"start":{"line":15,"column":46},"end":{"line":15,"column":49}},{"start":{"line":15,"column":53},"end":{"line":15,"column":67}}],"line":15},"2":{"loc":{"start":{"line":18,"column":10},"end":{"line":18,"column":47}},"type":"binary-expr","locations":[{"start":{"line":18,"column":10},"end":{"line":18,"column":30}},{"start":{"line":18,"column":34},"end":{"line":18,"column":47}}],"line":18},"3":{"loc":{"start":{"line":23,"column":0},"end":{"line":27,"column":1}},"type":"if","locations":[{"start":{"line":23,"column":0},"end":{"line":27,"column":1}},{"start":{"line":23,"column":0},"end":{"line":27,"column":1}}],"line":23},"4":{"loc":{"start":{"line":30,"column":9},"end":{"line":30,"column":81}},"type":"binary-expr","locations":[{"start":{"line":30,"column":9},"end":{"line":30,"column":32}},{"start":{"line":30,"column":36},"end":{"line":30,"column":53}},{"start":{"line":30,"column":57},"end":{"line":30,"column":81}}],"line":30},"5":{"loc":{"start":{"line":37,"column":2},"end":{"line":39,"column":3}},"type":"if","locations":[{"start":{"line":37,"column":2},"end":{"line":39,"column":3}},{"start":{"line":37,"column":2},"end":{"line":39,"column":3}}],"line":37}},"s":{"0":1,"1":1,"2":1,"3":1,"4":1,"5":1,"6":3,"7":1,"8":1,"9":1,"10":1,"11":1,"12":1,"13":0,"14":1,"15":1,"16":5,"17":4,"18":4,"19":1,"20":4,"21":2,"22":1,"23":1,"24":1},"f":{"0":3,"1":5,"2":4,"3":4},"b":{"0":[0,3],"1":[3,3],"2":[1,1],"3":[0,1],"4":[5,5,4],"5":[2,2]},"_coverageSchema":"332fd63041d2c1bcb487cc26dd0d5f7d97098a6c","hash":"7d97aa15f966377d3dce7033978676d18084f6cd","contentHash":"34c8cf879b6db2b7edfd5aa6d87c138b_11.1.0"},"/Users/andeladeveloper/Desktop/PostIt/server/config/config.js":{"path":"/Users/andeladeveloper/Desktop/PostIt/server/config/config.js","statementMap":{"0":{"start":{"line":3,"column":13},"end":{"line":3,"column":30}},"1":{"start":{"line":5,"column":0},"end":{"line":5,"column":16}},"2":{"start":{"line":7,"column":0},"end":{"line":24,"column":2}}},"fnMap":{},"branchMap":{},"s":{"0":1,"1":1,"2":1},"f":{},"b":{},"_coverageSchema":"332fd63041d2c1bcb487cc26dd0d5f7d97098a6c","hash":"db2958364b4be7df5fad5273a3a2e400fca32233","contentHash":"9098e1224e0d72c4f5c4af48e73c65a8_11.1.0"},"/Users/andeladeveloper/Desktop/PostIt/server/models/group.js":{"path":"/Users/andeladeveloper/Desktop/PostIt/server/models/group.js","statementMap":{"0":{"start":{"line":3,"column":0},"end":{"line":24,"column":2}},"1":{"start":{"line":4,"column":14},"end":{"line":16,"column":4}},"2":{"start":{"line":17,"column":2},"end":{"line":22,"column":4}},"3":{"start":{"line":18,"column":4},"end":{"line":21,"column":7}},"4":{"start":{"line":23,"column":2},"end":{"line":23,"column":15}}},"fnMap":{"0":{"name":"(anonymous_0)","decl":{"start":{"line":3,"column":17},"end":{"line":3,"column":18}},"loc":{"start":{"line":3,"column":49},"end":{"line":24,"column":1}},"line":3},"1":{"name":"(anonymous_1)","decl":{"start":{"line":17,"column":20},"end":{"line":17,"column":21}},"loc":{"start":{"line":17,"column":38},"end":{"line":22,"column":3}},"line":17}},"branchMap":{},"s":{"0":1,"1":1,"2":1,"3":1,"4":1},"f":{"0":1,"1":1},"b":{},"_coverageSchema":"332fd63041d2c1bcb487cc26dd0d5f7d97098a6c","hash":"606b4ce462206c7dc0ff2a0a7637c2819c5bb094","contentHash":"cfb5deec0b06dd72e0255f5f369eac0e_11.1.0"},"/Users/andeladeveloper/Desktop/PostIt/server/models/groupUser.js":{"path":"/Users/andeladeveloper/Desktop/PostIt/server/models/groupUser.js","statementMap":{"0":{"start":{"line":3,"column":0},"end":{"line":9,"column":2}},"1":{"start":{"line":4,"column":18},"end":{"line":7,"column":4}},"2":{"start":{"line":8,"column":2},"end":{"line":8,"column":19}}},"fnMap":{"0":{"name":"(anonymous_0)","decl":{"start":{"line":3,"column":17},"end":{"line":3,"column":18}},"loc":{"start":{"line":3,"column":49},"end":{"line":9,"column":1}},"line":3}},"branchMap":{},"s":{"0":1,"1":1,"2":1},"f":{"0":1},"b":{},"_coverageSchema":"332fd63041d2c1bcb487cc26dd0d5f7d97098a6c","hash":"7bea00582bdccdd91b0eb32dc271c57f8dea3715","contentHash":"26d66d30e7fb94d0c67fc1e9940f0733_11.1.0"},"/Users/andeladeveloper/Desktop/PostIt/server/models/message.js":{"path":"/Users/andeladeveloper/Desktop/PostIt/server/models/message.js","statementMap":{"0":{"start":{"line":3,"column":0},"end":{"line":31,"column":2}},"1":{"start":{"line":4,"column":16},"end":{"line":20,"column":4}},"2":{"start":{"line":21,"column":2},"end":{"line":29,"column":4}},"3":{"start":{"line":22,"column":4},"end":{"line":25,"column":7}},"4":{"start":{"line":26,"column":4},"end":{"line":28,"column":7}},"5":{"start":{"line":30,"column":2},"end":{"line":30,"column":17}}},"fnMap":{"0":{"name":"(anonymous_0)","decl":{"start":{"line":3,"column":17},"end":{"line":3,"column":18}},"loc":{"start":{"line":3,"column":49},"end":{"line":31,"column":1}},"line":3},"1":{"name":"(anonymous_1)","decl":{"start":{"line":21,"column":22},"end":{"line":21,"column":23}},"loc":{"start":{"line":21,"column":40},"end":{"line":29,"column":3}},"line":21}},"branchMap":{},"s":{"0":1,"1":1,"2":1,"3":1,"4":1,"5":1},"f":{"0":1,"1":1},"b":{},"_coverageSchema":"332fd63041d2c1bcb487cc26dd0d5f7d97098a6c","hash":"c39bf3ad2cdfc4bea477e582b13d5be618759290","contentHash":"4feb0eaa12ae65f3049e67cd12f4aedf_11.1.0"},"/Users/andeladeveloper/Desktop/PostIt/server/models/user.js":{"path":"/Users/andeladeveloper/Desktop/PostIt/server/models/user.js","statementMap":{"0":{"start":{"line":3,"column":0},"end":{"line":47,"column":2}},"1":{"start":{"line":4,"column":13},"end":{"line":45,"column":4}},"2":{"start":{"line":39,"column":8},"end":{"line":42,"column":11}},"3":{"start":{"line":46,"column":2},"end":{"line":46,"column":14}}},"fnMap":{"0":{"name":"(anonymous_0)","decl":{"start":{"line":3,"column":17},"end":{"line":3,"column":18}},"loc":{"start":{"line":3,"column":49},"end":{"line":47,"column":1}},"line":3},"1":{"name":"associate","decl":{"start":{"line":38,"column":26},"end":{"line":38,"column":35}},"loc":{"start":{"line":38,"column":44},"end":{"line":43,"column":7}},"line":38}},"branchMap":{},"s":{"0":1,"1":1,"2":0,"3":1},"f":{"0":1,"1":0},"b":{},"_coverageSchema":"332fd63041d2c1bcb487cc26dd0d5f7d97098a6c","hash":"f09e65acb8095ea66e769033483f8b85ab830098","contentHash":"ad2116fba7331fecbb6f440aabf4c038_11.1.0"},"/Users/andeladeveloper/Desktop/PostIt/server/services/groupuser.js":{"path":"/Users/andeladeveloper/Desktop/PostIt/server/services/groupuser.js","statementMap":{"0":{"start":{"line":3,"column":0},"end":{"line":5,"column":3}},"1":{"start":{"line":7,"column":19},"end":{"line":7,"column":563}},"2":{"start":{"line":7,"column":76},"end":{"line":7,"column":347}},"3":{"start":{"line":7,"column":134},"end":{"line":7,"column":142}},"4":{"start":{"line":7,"column":144},"end":{"line":7,"column":199}},"5":{"start":{"line":7,"column":200},"end":{"line":7,"column":231}},"6":{"start":{"line":7,"column":232},"end":{"line":7,"column":286}},"7":{"start":{"line":7,"column":259},"end":{"line":7,"column":286}},"8":{"start":{"line":7,"column":287},"end":{"line":7,"column":345}},"9":{"start":{"line":7,"column":350},"end":{"line":7,"column":559}},"10":{"start":{"line":7,"column":407},"end":{"line":7,"column":475}},"11":{"start":{"line":7,"column":423},"end":{"line":7,"column":475}},"12":{"start":{"line":7,"column":476},"end":{"line":7,"column":536}},"13":{"start":{"line":7,"column":493},"end":{"line":7,"column":536}},"14":{"start":{"line":7,"column":537},"end":{"line":7,"column":556}},"15":{"start":{"line":9,"column":14},"end":{"line":9,"column":34}},"16":{"start":{"line":11,"column":15},"end":{"line":11,"column":46}},"17":{"start":{"line":13,"column":39},"end":{"line":13,"column":93}},"18":{"start":{"line":15,"column":50},"end":{"line":15,"column":151}},"19":{"start":{"line":15,"column":92},"end":{"line":15,"column":149}},"20":{"start":{"line":17,"column":16},"end":{"line":17,"column":42}},"21":{"start":{"line":23,"column":16},"end":{"line":118,"column":3}},"22":{"start":{"line":25,"column":4},"end":{"line":25,"column":37}},"23":{"start":{"line":28,"column":2},"end":{"line":115,"column":6}},"24":{"start":{"line":39,"column":6},"end":{"line":48,"column":9}},"25":{"start":{"line":45,"column":8},"end":{"line":45,"column":21}},"26":{"start":{"line":47,"column":8},"end":{"line":47,"column":27}},"27":{"start":{"line":61,"column":6},"end":{"line":69,"column":9}},"28":{"start":{"line":66,"column":8},"end":{"line":66,"column":21}},"29":{"start":{"line":68,"column":8},"end":{"line":68,"column":27}},"30":{"start":{"line":82,"column":6},"end":{"line":90,"column":9}},"31":{"start":{"line":87,"column":8},"end":{"line":87,"column":21}},"32":{"start":{"line":89,"column":8},"end":{"line":89,"column":27}},"33":{"start":{"line":104,"column":6},"end":{"line":113,"column":9}},"34":{"start":{"line":110,"column":8},"end":{"line":110,"column":21}},"35":{"start":{"line":112,"column":8},"end":{"line":112,"column":27}},"36":{"start":{"line":117,"column":2},"end":{"line":117,"column":19}},"37":{"start":{"line":120,"column":0},"end":{"line":120,"column":28}}},"fnMap":{"0":{"name":"(anonymous_0)","decl":{"start":{"line":7,"column":19},"end":{"line":7,"column":20}},"loc":{"start":{"line":7,"column":31},"end":{"line":7,"column":561}},"line":7},"1":{"name":"defineProperties","decl":{"start":{"line":7,"column":42},"end":{"line":7,"column":58}},"loc":{"start":{"line":7,"column":74},"end":{"line":7,"column":349}},"line":7},"2":{"name":"(anonymous_2)","decl":{"start":{"line":7,"column":357},"end":{"line":7,"column":358}},"loc":{"start":{"line":7,"column":405},"end":{"line":7,"column":558}},"line":7},"3":{"name":"_interopRequireDefault","decl":{"start":{"line":13,"column":9},"end":{"line":13,"column":31}},"loc":{"start":{"line":13,"column":37},"end":{"line":13,"column":95}},"line":13},"4":{"name":"_classCallCheck","decl":{"start":{"line":15,"column":9},"end":{"line":15,"column":24}},"loc":{"start":{"line":15,"column":48},"end":{"line":15,"column":153}},"line":15},"5":{"name":"(anonymous_5)","decl":{"start":{"line":23,"column":16},"end":{"line":23,"column":17}},"loc":{"start":{"line":23,"column":28},"end":{"line":118,"column":1}},"line":23},"6":{"name":"UserGroup","decl":{"start":{"line":24,"column":11},"end":{"line":24,"column":20}},"loc":{"start":{"line":24,"column":23},"end":{"line":26,"column":3}},"line":24},"7":{"name":"addUser","decl":{"start":{"line":38,"column":20},"end":{"line":38,"column":27}},"loc":{"start":{"line":38,"column":51},"end":{"line":49,"column":5}},"line":38},"8":{"name":"(anonymous_8)","decl":{"start":{"line":44,"column":14},"end":{"line":44,"column":15}},"loc":{"start":{"line":44,"column":32},"end":{"line":46,"column":7}},"line":44},"9":{"name":"(anonymous_9)","decl":{"start":{"line":46,"column":15},"end":{"line":46,"column":16}},"loc":{"start":{"line":46,"column":30},"end":{"line":48,"column":7}},"line":46},"10":{"name":"getGroupUsersId","decl":{"start":{"line":60,"column":20},"end":{"line":60,"column":35}},"loc":{"start":{"line":60,"column":51},"end":{"line":70,"column":5}},"line":60},"11":{"name":"(anonymous_11)","decl":{"start":{"line":65,"column":14},"end":{"line":65,"column":15}},"loc":{"start":{"line":65,"column":32},"end":{"line":67,"column":7}},"line":65},"12":{"name":"(anonymous_12)","decl":{"start":{"line":67,"column":15},"end":{"line":67,"column":16}},"loc":{"start":{"line":67,"column":30},"end":{"line":69,"column":7}},"line":67},"13":{"name":"getUserGroupsId","decl":{"start":{"line":81,"column":20},"end":{"line":81,"column":35}},"loc":{"start":{"line":81,"column":50},"end":{"line":91,"column":5}},"line":81},"14":{"name":"(anonymous_14)","decl":{"start":{"line":86,"column":14},"end":{"line":86,"column":15}},"loc":{"start":{"line":86,"column":32},"end":{"line":88,"column":7}},"line":86},"15":{"name":"(anonymous_15)","decl":{"start":{"line":88,"column":15},"end":{"line":88,"column":16}},"loc":{"start":{"line":88,"column":30},"end":{"line":90,"column":7}},"line":88},"16":{"name":"getUser","decl":{"start":{"line":103,"column":20},"end":{"line":103,"column":27}},"loc":{"start":{"line":103,"column":51},"end":{"line":114,"column":5}},"line":103},"17":{"name":"(anonymous_17)","decl":{"start":{"line":109,"column":14},"end":{"line":109,"column":15}},"loc":{"start":{"line":109,"column":32},"end":{"line":111,"column":7}},"line":109},"18":{"name":"(anonymous_18)","decl":{"start":{"line":111,"column":15},"end":{"line":111,"column":16}},"loc":{"start":{"line":111,"column":30},"end":{"line":113,"column":7}},"line":111}},"branchMap":{"0":{"loc":{"start":{"line":7,"column":168},"end":{"line":7,"column":198}},"type":"binary-expr","locations":[{"start":{"line":7,"column":168},"end":{"line":7,"column":189}},{"start":{"line":7,"column":193},"end":{"line":7,"column":198}}],"line":7},"1":{"loc":{"start":{"line":7,"column":232},"end":{"line":7,"column":286}},"type":"if","locations":[{"start":{"line":7,"column":232},"end":{"line":7,"column":286}},{"start":{"line":7,"column":232},"end":{"line":7,"column":286}}],"line":7},"2":{"loc":{"start":{"line":7,"column":407},"end":{"line":7,"column":475}},"type":"if","locations":[{"start":{"line":7,"column":407},"end":{"line":7,"column":475}},{"start":{"line":7,"column":407},"end":{"line":7,"column":475}}],"line":7},"3":{"loc":{"start":{"line":7,"column":476},"end":{"line":7,"column":536}},"type":"if","locations":[{"start":{"line":7,"column":476},"end":{"line":7,"column":536}},{"start":{"line":7,"column":476},"end":{"line":7,"column":536}}],"line":7},"4":{"loc":{"start":{"line":13,"column":46},"end":{"line":13,"column":92}},"type":"cond-expr","locations":[{"start":{"line":13,"column":70},"end":{"line":13,"column":73}},{"start":{"line":13,"column":76},"end":{"line":13,"column":92}}],"line":13},"5":{"loc":{"start":{"line":13,"column":46},"end":{"line":13,"column":67}},"type":"binary-expr","locations":[{"start":{"line":13,"column":46},"end":{"line":13,"column":49}},{"start":{"line":13,"column":53},"end":{"line":13,"column":67}}],"line":13},"6":{"loc":{"start":{"line":15,"column":50},"end":{"line":15,"column":151}},"type":"if","locations":[{"start":{"line":15,"column":50},"end":{"line":15,"column":151}},{"start":{"line":15,"column":50},"end":{"line":15,"column":151}}],"line":15}},"s":{"0":1,"1":1,"2":1,"3":4,"4":4,"5":4,"6":4,"7":4,"8":4,"9":1,"10":1,"11":0,"12":1,"13":1,"14":1,"15":1,"16":1,"17":1,"18":0,"19":0,"20":1,"21":1,"22":0,"23":1,"24":4,"25":4,"26":0,"27":1,"28":1,"29":0,"30":0,"31":0,"32":0,"33":1,"34":1,"35":0,"36":1,"37":1},"f":{"0":1,"1":1,"2":1,"3":1,"4":0,"5":1,"6":0,"7":4,"8":4,"9":0,"10":1,"11":1,"12":0,"13":0,"14":0,"15":0,"16":1,"17":1,"18":0},"b":{"0":[4,4],"1":[4,0],"2":[0,1],"3":[1,0],"4":[0,1],"5":[1,1],"6":[0,0]},"_coverageSchema":"332fd63041d2c1bcb487cc26dd0d5f7d97098a6c","hash":"6d726e8e993ff1802693fda496678d0ad71be75d","contentHash":"a7bfb0ef5f1b1face34c024dca741d09_11.1.0"},"/Users/andeladeveloper/Desktop/PostIt/server/services/message.js":{"path":"/Users/andeladeveloper/Desktop/PostIt/server/services/message.js","statementMap":{"0":{"start":{"line":3,"column":0},"end":{"line":5,"column":3}},"1":{"start":{"line":7,"column":19},"end":{"line":7,"column":563}},"2":{"start":{"line":7,"column":76},"end":{"line":7,"column":347}},"3":{"start":{"line":7,"column":134},"end":{"line":7,"column":142}},"4":{"start":{"line":7,"column":144},"end":{"line":7,"column":199}},"5":{"start":{"line":7,"column":200},"end":{"line":7,"column":231}},"6":{"start":{"line":7,"column":232},"end":{"line":7,"column":286}},"7":{"start":{"line":7,"column":259},"end":{"line":7,"column":286}},"8":{"start":{"line":7,"column":287},"end":{"line":7,"column":345}},"9":{"start":{"line":7,"column":350},"end":{"line":7,"column":559}},"10":{"start":{"line":7,"column":407},"end":{"line":7,"column":475}},"11":{"start":{"line":7,"column":423},"end":{"line":7,"column":475}},"12":{"start":{"line":7,"column":476},"end":{"line":7,"column":536}},"13":{"start":{"line":7,"column":493},"end":{"line":7,"column":536}},"14":{"start":{"line":7,"column":537},"end":{"line":7,"column":556}},"15":{"start":{"line":9,"column":14},"end":{"line":9,"column":34}},"16":{"start":{"line":11,"column":15},"end":{"line":11,"column":46}},"17":{"start":{"line":13,"column":39},"end":{"line":13,"column":93}},"18":{"start":{"line":15,"column":50},"end":{"line":15,"column":151}},"19":{"start":{"line":15,"column":92},"end":{"line":15,"column":149}},"20":{"start":{"line":17,"column":15},"end":{"line":17,"column":39}},"21":{"start":{"line":24,"column":14},"end":{"line":97,"column":3}},"22":{"start":{"line":26,"column":4},"end":{"line":26,"column":35}},"23":{"start":{"line":29,"column":2},"end":{"line":94,"column":6}},"24":{"start":{"line":42,"column":6},"end":{"line":51,"column":9}},"25":{"start":{"line":48,"column":8},"end":{"line":48,"column":18}},"26":{"start":{"line":50,"column":8},"end":{"line":50,"column":27}},"27":{"start":{"line":64,"column":6},"end":{"line":72,"column":9}},"28":{"start":{"line":69,"column":8},"end":{"line":69,"column":20}},"29":{"start":{"line":71,"column":8},"end":{"line":71,"column":27}},"30":{"start":{"line":84,"column":6},"end":{"line":92,"column":9}},"31":{"start":{"line":89,"column":8},"end":{"line":89,"column":18}},"32":{"start":{"line":91,"column":8},"end":{"line":91,"column":27}},"33":{"start":{"line":96,"column":2},"end":{"line":96,"column":17}},"34":{"start":{"line":99,"column":0},"end":{"line":99,"column":26}}},"fnMap":{"0":{"name":"(anonymous_0)","decl":{"start":{"line":7,"column":19},"end":{"line":7,"column":20}},"loc":{"start":{"line":7,"column":31},"end":{"line":7,"column":561}},"line":7},"1":{"name":"defineProperties","decl":{"start":{"line":7,"column":42},"end":{"line":7,"column":58}},"loc":{"start":{"line":7,"column":74},"end":{"line":7,"column":349}},"line":7},"2":{"name":"(anonymous_2)","decl":{"start":{"line":7,"column":357},"end":{"line":7,"column":358}},"loc":{"start":{"line":7,"column":405},"end":{"line":7,"column":558}},"line":7},"3":{"name":"_interopRequireDefault","decl":{"start":{"line":13,"column":9},"end":{"line":13,"column":31}},"loc":{"start":{"line":13,"column":37},"end":{"line":13,"column":95}},"line":13},"4":{"name":"_classCallCheck","decl":{"start":{"line":15,"column":9},"end":{"line":15,"column":24}},"loc":{"start":{"line":15,"column":48},"end":{"line":15,"column":153}},"line":15},"5":{"name":"(anonymous_5)","decl":{"start":{"line":24,"column":14},"end":{"line":24,"column":15}},"loc":{"start":{"line":24,"column":26},"end":{"line":97,"column":1}},"line":24},"6":{"name":"Message","decl":{"start":{"line":25,"column":11},"end":{"line":25,"column":18}},"loc":{"start":{"line":25,"column":21},"end":{"line":27,"column":3}},"line":25},"7":{"name":"postMessage","decl":{"start":{"line":41,"column":20},"end":{"line":41,"column":31}},"loc":{"start":{"line":41,"column":76},"end":{"line":52,"column":5}},"line":41},"8":{"name":"(anonymous_8)","decl":{"start":{"line":47,"column":14},"end":{"line":47,"column":15}},"loc":{"start":{"line":47,"column":29},"end":{"line":49,"column":7}},"line":47},"9":{"name":"(anonymous_9)","decl":{"start":{"line":49,"column":15},"end":{"line":49,"column":16}},"loc":{"start":{"line":49,"column":30},"end":{"line":51,"column":7}},"line":49},"10":{"name":"getMessageById","decl":{"start":{"line":63,"column":20},"end":{"line":63,"column":34}},"loc":{"start":{"line":63,"column":52},"end":{"line":73,"column":5}},"line":63},"11":{"name":"(anonymous_11)","decl":{"start":{"line":68,"column":14},"end":{"line":68,"column":15}},"loc":{"start":{"line":68,"column":31},"end":{"line":70,"column":7}},"line":68},"12":{"name":"(anonymous_12)","decl":{"start":{"line":70,"column":15},"end":{"line":70,"column":16}},"loc":{"start":{"line":70,"column":30},"end":{"line":72,"column":7}},"line":70},"13":{"name":"deleteMessage","decl":{"start":{"line":83,"column":20},"end":{"line":83,"column":33}},"loc":{"start":{"line":83,"column":51},"end":{"line":93,"column":5}},"line":83},"14":{"name":"(anonymous_14)","decl":{"start":{"line":88,"column":14},"end":{"line":88,"column":15}},"loc":{"start":{"line":88,"column":29},"end":{"line":90,"column":7}},"line":88},"15":{"name":"(anonymous_15)","decl":{"start":{"line":90,"column":15},"end":{"line":90,"column":16}},"loc":{"start":{"line":90,"column":30},"end":{"line":92,"column":7}},"line":90}},"branchMap":{"0":{"loc":{"start":{"line":7,"column":168},"end":{"line":7,"column":198}},"type":"binary-expr","locations":[{"start":{"line":7,"column":168},"end":{"line":7,"column":189}},{"start":{"line":7,"column":193},"end":{"line":7,"column":198}}],"line":7},"1":{"loc":{"start":{"line":7,"column":232},"end":{"line":7,"column":286}},"type":"if","locations":[{"start":{"line":7,"column":232},"end":{"line":7,"column":286}},{"start":{"line":7,"column":232},"end":{"line":7,"column":286}}],"line":7},"2":{"loc":{"start":{"line":7,"column":407},"end":{"line":7,"column":475}},"type":"if","locations":[{"start":{"line":7,"column":407},"end":{"line":7,"column":475}},{"start":{"line":7,"column":407},"end":{"line":7,"column":475}}],"line":7},"3":{"loc":{"start":{"line":7,"column":476},"end":{"line":7,"column":536}},"type":"if","locations":[{"start":{"line":7,"column":476},"end":{"line":7,"column":536}},{"start":{"line":7,"column":476},"end":{"line":7,"column":536}}],"line":7},"4":{"loc":{"start":{"line":13,"column":46},"end":{"line":13,"column":92}},"type":"cond-expr","locations":[{"start":{"line":13,"column":70},"end":{"line":13,"column":73}},{"start":{"line":13,"column":76},"end":{"line":13,"column":92}}],"line":13},"5":{"loc":{"start":{"line":13,"column":46},"end":{"line":13,"column":67}},"type":"binary-expr","locations":[{"start":{"line":13,"column":46},"end":{"line":13,"column":49}},{"start":{"line":13,"column":53},"end":{"line":13,"column":67}}],"line":13},"6":{"loc":{"start":{"line":15,"column":50},"end":{"line":15,"column":151}},"type":"if","locations":[{"start":{"line":15,"column":50},"end":{"line":15,"column":151}},{"start":{"line":15,"column":50},"end":{"line":15,"column":151}}],"line":15}},"s":{"0":1,"1":1,"2":1,"3":3,"4":3,"5":3,"6":3,"7":3,"8":3,"9":1,"10":1,"11":0,"12":1,"13":1,"14":1,"15":1,"16":1,"17":1,"18":0,"19":0,"20":1,"21":1,"22":0,"23":1,"24":2,"25":2,"26":0,"27":1,"28":1,"29":0,"30":1,"31":1,"32":0,"33":1,"34":1},"f":{"0":1,"1":1,"2":1,"3":1,"4":0,"5":1,"6":0,"7":2,"8":2,"9":0,"10":1,"11":1,"12":0,"13":1,"14":1,"15":0},"b":{"0":[3,3],"1":[3,0],"2":[0,1],"3":[1,0],"4":[0,1],"5":[1,1],"6":[0,0]},"_coverageSchema":"332fd63041d2c1bcb487cc26dd0d5f7d97098a6c","hash":"eb153d0d416f90deb480fb28b077e09bcdbe29ff","contentHash":"a910efaaee971ca727e562fdb7a48382_11.1.0"},"/Users/andeladeveloper/Desktop/PostIt/server/services/user.js":{"path":"/Users/andeladeveloper/Desktop/PostIt/server/services/user.js","statementMap":{"0":{"start":{"line":3,"column":0},"end":{"line":5,"column":3}},"1":{"start":{"line":7,"column":19},"end":{"line":7,"column":563}},"2":{"start":{"line":7,"column":76},"end":{"line":7,"column":347}},"3":{"start":{"line":7,"column":134},"end":{"line":7,"column":142}},"4":{"start":{"line":7,"column":144},"end":{"line":7,"column":199}},"5":{"start":{"line":7,"column":200},"end":{"line":7,"column":231}},"6":{"start":{"line":7,"column":232},"end":{"line":7,"column":286}},"7":{"start":{"line":7,"column":259},"end":{"line":7,"column":286}},"8":{"start":{"line":7,"column":287},"end":{"line":7,"column":345}},"9":{"start":{"line":7,"column":350},"end":{"line":7,"column":559}},"10":{"start":{"line":7,"column":407},"end":{"line":7,"column":475}},"11":{"start":{"line":7,"column":423},"end":{"line":7,"column":475}},"12":{"start":{"line":7,"column":476},"end":{"line":7,"column":536}},"13":{"start":{"line":7,"column":493},"end":{"line":7,"column":536}},"14":{"start":{"line":7,"column":537},"end":{"line":7,"column":556}},"15":{"start":{"line":9,"column":17},"end":{"line":9,"column":37}},"16":{"start":{"line":11,"column":18},"end":{"line":11,"column":52}},"17":{"start":{"line":13,"column":14},"end":{"line":13,"column":34}},"18":{"start":{"line":15,"column":15},"end":{"line":15,"column":46}},"19":{"start":{"line":17,"column":39},"end":{"line":17,"column":93}},"20":{"start":{"line":19,"column":50},"end":{"line":19,"column":151}},"21":{"start":{"line":19,"column":92},"end":{"line":19,"column":149}},"22":{"start":{"line":21,"column":22},"end":{"line":21,"column":57}},"23":{"start":{"line":22,"column":12},"end":{"line":22,"column":33}},"24":{"start":{"line":28,"column":11},"end":{"line":241,"column":3}},"25":{"start":{"line":30,"column":4},"end":{"line":30,"column":32}},"26":{"start":{"line":33,"column":2},"end":{"line":238,"column":6}},"27":{"start":{"line":46,"column":6},"end":{"line":67,"column":9}},"28":{"start":{"line":56,"column":8},"end":{"line":56,"column":19}},"29":{"start":{"line":58,"column":8},"end":{"line":66,"column":9}},"30":{"start":{"line":59,"column":10},"end":{"line":63,"column":11}},"31":{"start":{"line":60,"column":12},"end":{"line":60,"column":59}},"32":{"start":{"line":62,"column":12},"end":{"line":62,"column":40}},"33":{"start":{"line":65,"column":10},"end":{"line":65,"column":29}},"34":{"start":{"line":83,"column":6},"end":{"line":104,"column":9}},"35":{"start":{"line":93,"column":8},"end":{"line":93,"column":19}},"36":{"start":{"line":95,"column":8},"end":{"line":103,"column":9}},"37":{"start":{"line":96,"column":10},"end":{"line":100,"column":11}},"38":{"start":{"line":97,"column":12},"end":{"line":97,"column":59}},"39":{"start":{"line":99,"column":12},"end":{"line":99,"column":40}},"40":{"start":{"line":102,"column":10},"end":{"line":102,"column":29}},"41":{"start":{"line":117,"column":6},"end":{"line":121,"column":9}},"42":{"start":{"line":118,"column":8},"end":{"line":118,"column":19}},"43":{"start":{"line":120,"column":8},"end":{"line":120,"column":27}},"44":{"start":{"line":134,"column":6},"end":{"line":136,"column":9}},"45":{"start":{"line":135,"column":8},"end":{"line":135,"column":20}},"46":{"start":{"line":149,"column":6},"end":{"line":151,"column":9}},"47":{"start":{"line":150,"column":8},"end":{"line":150,"column":20}},"48":{"start":{"line":165,"column":6},"end":{"line":169,"column":9}},"49":{"start":{"line":166,"column":8},"end":{"line":166,"column":19}},"50":{"start":{"line":168,"column":8},"end":{"line":168,"column":31}},"51":{"start":{"line":181,"column":18},"end":{"line":181,"column":38}},"52":{"start":{"line":182,"column":6},"end":{"line":192,"column":9}},"53":{"start":{"line":189,"column":8},"end":{"line":189,"column":19}},"54":{"start":{"line":191,"column":8},"end":{"line":191,"column":27}},"55":{"start":{"line":205,"column":16},"end":{"line":205,"column":18}},"56":{"start":{"line":206,"column":6},"end":{"line":208,"column":9}},"57":{"start":{"line":207,"column":8},"end":{"line":207,"column":30}},"58":{"start":{"line":209,"column":6},"end":{"line":215,"column":9}},"59":{"start":{"line":212,"column":8},"end":{"line":212,"column":19}},"60":{"start":{"line":214,"column":8},"end":{"line":214,"column":27}},"61":{"start":{"line":228,"column":6},"end":{"line":236,"column":9}},"62":{"start":{"line":233,"column":8},"end":{"line":233,"column":19}},"63":{"start":{"line":235,"column":8},"end":{"line":235,"column":27}},"64":{"start":{"line":240,"column":2},"end":{"line":240,"column":14}},"65":{"start":{"line":243,"column":0},"end":{"line":243,"column":23}}},"fnMap":{"0":{"name":"(anonymous_0)","decl":{"start":{"line":7,"column":19},"end":{"line":7,"column":20}},"loc":{"start":{"line":7,"column":31},"end":{"line":7,"column":561}},"line":7},"1":{"name":"defineProperties","decl":{"start":{"line":7,"column":42},"end":{"line":7,"column":58}},"loc":{"start":{"line":7,"column":74},"end":{"line":7,"column":349}},"line":7},"2":{"name":"(anonymous_2)","decl":{"start":{"line":7,"column":357},"end":{"line":7,"column":358}},"loc":{"start":{"line":7,"column":405},"end":{"line":7,"column":558}},"line":7},"3":{"name":"_interopRequireDefault","decl":{"start":{"line":17,"column":9},"end":{"line":17,"column":31}},"loc":{"start":{"line":17,"column":37},"end":{"line":17,"column":95}},"line":17},"4":{"name":"_classCallCheck","decl":{"start":{"line":19,"column":9},"end":{"line":19,"column":24}},"loc":{"start":{"line":19,"column":48},"end":{"line":19,"column":153}},"line":19},"5":{"name":"(anonymous_5)","decl":{"start":{"line":28,"column":11},"end":{"line":28,"column":12}},"loc":{"start":{"line":28,"column":23},"end":{"line":241,"column":1}},"line":28},"6":{"name":"User","decl":{"start":{"line":29,"column":11},"end":{"line":29,"column":15}},"loc":{"start":{"line":29,"column":18},"end":{"line":31,"column":3}},"line":29},"7":{"name":"saveUser","decl":{"start":{"line":45,"column":20},"end":{"line":45,"column":28}},"loc":{"start":{"line":45,"column":75},"end":{"line":68,"column":5}},"line":45},"8":{"name":"(anonymous_8)","decl":{"start":{"line":55,"column":14},"end":{"line":55,"column":15}},"loc":{"start":{"line":55,"column":30},"end":{"line":57,"column":7}},"line":55},"9":{"name":"(anonymous_9)","decl":{"start":{"line":57,"column":15},"end":{"line":57,"column":16}},"loc":{"start":{"line":57,"column":30},"end":{"line":67,"column":7}},"line":57},"10":{"name":"saveUserFromGoogle","decl":{"start":{"line":82,"column":20},"end":{"line":82,"column":38}},"loc":{"start":{"line":82,"column":85},"end":{"line":105,"column":5}},"line":82},"11":{"name":"(anonymous_11)","decl":{"start":{"line":92,"column":14},"end":{"line":92,"column":15}},"loc":{"start":{"line":92,"column":30},"end":{"line":94,"column":7}},"line":92},"12":{"name":"(anonymous_12)","decl":{"start":{"line":94,"column":15},"end":{"line":94,"column":16}},"loc":{"start":{"line":94,"column":30},"end":{"line":104,"column":7}},"line":94},"13":{"name":"getUser","decl":{"start":{"line":116,"column":20},"end":{"line":116,"column":27}},"loc":{"start":{"line":116,"column":44},"end":{"line":122,"column":5}},"line":116},"14":{"name":"(anonymous_14)","decl":{"start":{"line":117,"column":60},"end":{"line":117,"column":61}},"loc":{"start":{"line":117,"column":76},"end":{"line":119,"column":7}},"line":117},"15":{"name":"(anonymous_15)","decl":{"start":{"line":119,"column":15},"end":{"line":119,"column":16}},"loc":{"start":{"line":119,"column":30},"end":{"line":121,"column":7}},"line":119},"16":{"name":"getUserById","decl":{"start":{"line":133,"column":20},"end":{"line":133,"column":31}},"loc":{"start":{"line":133,"column":46},"end":{"line":137,"column":5}},"line":133},"17":{"name":"(anonymous_17)","decl":{"start":{"line":134,"column":52},"end":{"line":134,"column":53}},"loc":{"start":{"line":134,"column":69},"end":{"line":136,"column":7}},"line":134},"18":{"name":"getUserByEmail","decl":{"start":{"line":148,"column":20},"end":{"line":148,"column":34}},"loc":{"start":{"line":148,"column":48},"end":{"line":152,"column":5}},"line":148},"19":{"name":"(anonymous_19)","decl":{"start":{"line":149,"column":54},"end":{"line":149,"column":55}},"loc":{"start":{"line":149,"column":71},"end":{"line":151,"column":7}},"line":149},"20":{"name":"updatePassword","decl":{"start":{"line":164,"column":20},"end":{"line":164,"column":34}},"loc":{"start":{"line":164,"column":58},"end":{"line":170,"column":5}},"line":164},"21":{"name":"(anonymous_21)","decl":{"start":{"line":165,"column":77},"end":{"line":165,"column":78}},"loc":{"start":{"line":165,"column":93},"end":{"line":167,"column":7}},"line":165},"22":{"name":"(anonymous_22)","decl":{"start":{"line":167,"column":15},"end":{"line":167,"column":16}},"loc":{"start":{"line":167,"column":32},"end":{"line":169,"column":7}},"line":167},"23":{"name":"getAllUsers","decl":{"start":{"line":180,"column":20},"end":{"line":180,"column":31}},"loc":{"start":{"line":180,"column":49},"end":{"line":193,"column":5}},"line":180},"24":{"name":"(anonymous_24)","decl":{"start":{"line":188,"column":14},"end":{"line":188,"column":15}},"loc":{"start":{"line":188,"column":30},"end":{"line":190,"column":7}},"line":188},"25":{"name":"(anonymous_25)","decl":{"start":{"line":190,"column":15},"end":{"line":190,"column":16}},"loc":{"start":{"line":190,"column":30},"end":{"line":192,"column":7}},"line":190},"26":{"name":"getGroupUsers","decl":{"start":{"line":204,"column":20},"end":{"line":204,"column":33}},"loc":{"start":{"line":204,"column":49},"end":{"line":216,"column":5}},"line":204},"27":{"name":"(anonymous_27)","decl":{"start":{"line":206,"column":22},"end":{"line":206,"column":23}},"loc":{"start":{"line":206,"column":38},"end":{"line":208,"column":7}},"line":206},"28":{"name":"(anonymous_28)","decl":{"start":{"line":211,"column":14},"end":{"line":211,"column":15}},"loc":{"start":{"line":211,"column":30},"end":{"line":213,"column":7}},"line":211},"29":{"name":"(anonymous_29)","decl":{"start":{"line":213,"column":15},"end":{"line":213,"column":16}},"loc":{"start":{"line":213,"column":30},"end":{"line":215,"column":7}},"line":213},"30":{"name":"deleteUser","decl":{"start":{"line":227,"column":20},"end":{"line":227,"column":30}},"loc":{"start":{"line":227,"column":47},"end":{"line":237,"column":5}},"line":227},"31":{"name":"(anonymous_31)","decl":{"start":{"line":232,"column":14},"end":{"line":232,"column":15}},"loc":{"start":{"line":232,"column":30},"end":{"line":234,"column":7}},"line":232},"32":{"name":"(anonymous_32)","decl":{"start":{"line":234,"column":15},"end":{"line":234,"column":16}},"loc":{"start":{"line":234,"column":30},"end":{"line":236,"column":7}},"line":234}},"branchMap":{"0":{"loc":{"start":{"line":7,"column":168},"end":{"line":7,"column":198}},"type":"binary-expr","locations":[{"start":{"line":7,"column":168},"end":{"line":7,"column":189}},{"start":{"line":7,"column":193},"end":{"line":7,"column":198}}],"line":7},"1":{"loc":{"start":{"line":7,"column":232},"end":{"line":7,"column":286}},"type":"if","locations":[{"start":{"line":7,"column":232},"end":{"line":7,"column":286}},{"start":{"line":7,"column":232},"end":{"line":7,"column":286}}],"line":7},"2":{"loc":{"start":{"line":7,"column":407},"end":{"line":7,"column":475}},"type":"if","locations":[{"start":{"line":7,"column":407},"end":{"line":7,"column":475}},{"start":{"line":7,"column":407},"end":{"line":7,"column":475}}],"line":7},"3":{"loc":{"start":{"line":7,"column":476},"end":{"line":7,"column":536}},"type":"if","locations":[{"start":{"line":7,"column":476},"end":{"line":7,"column":536}},{"start":{"line":7,"column":476},"end":{"line":7,"column":536}}],"line":7},"4":{"loc":{"start":{"line":17,"column":46},"end":{"line":17,"column":92}},"type":"cond-expr","locations":[{"start":{"line":17,"column":70},"end":{"line":17,"column":73}},{"start":{"line":17,"column":76},"end":{"line":17,"column":92}}],"line":17},"5":{"loc":{"start":{"line":17,"column":46},"end":{"line":17,"column":67}},"type":"binary-expr","locations":[{"start":{"line":17,"column":46},"end":{"line":17,"column":49}},{"start":{"line":17,"column":53},"end":{"line":17,"column":67}}],"line":17},"6":{"loc":{"start":{"line":19,"column":50},"end":{"line":19,"column":151}},"type":"if","locations":[{"start":{"line":19,"column":50},"end":{"line":19,"column":151}},{"start":{"line":19,"column":50},"end":{"line":19,"column":151}}],"line":19},"7":{"loc":{"start":{"line":58,"column":8},"end":{"line":66,"column":9}},"type":"if","locations":[{"start":{"line":58,"column":8},"end":{"line":66,"column":9}},{"start":{"line":58,"column":8},"end":{"line":66,"column":9}}],"line":58},"8":{"loc":{"start":{"line":59,"column":10},"end":{"line":63,"column":11}},"type":"if","locations":[{"start":{"line":59,"column":10},"end":{"line":63,"column":11}},{"start":{"line":59,"column":10},"end":{"line":63,"column":11}}],"line":59},"9":{"loc":{"start":{"line":95,"column":8},"end":{"line":103,"column":9}},"type":"if","locations":[{"start":{"line":95,"column":8},"end":{"line":103,"column":9}},{"start":{"line":95,"column":8},"end":{"line":103,"column":9}}],"line":95},"10":{"loc":{"start":{"line":96,"column":10},"end":{"line":100,"column":11}},"type":"if","locations":[{"start":{"line":96,"column":10},"end":{"line":100,"column":11}},{"start":{"line":96,"column":10},"end":{"line":100,"column":11}}],"line":96}},"s":{"0":1,"1":1,"2":1,"3":9,"4":9,"5":9,"6":9,"7":9,"8":9,"9":1,"10":1,"11":0,"12":1,"13":1,"14":1,"15":1,"16":1,"17":1,"18":1,"19":2,"20":0,"21":0,"22":1,"23":1,"24":1,"25":0,"26":1,"27":5,"28":3,"29":2,"30":2,"31":0,"32":2,"33":0,"34":0,"35":0,"36":0,"37":0,"38":0,"39":0,"40":0,"41":8,"42":8,"43":0,"44":3,"45":3,"46":1,"47":1,"48":1,"49":1,"50":0,"51":1,"52":1,"53":1,"54":0,"55":1,"56":1,"57":2,"58":1,"59":1,"60":0,"61":1,"62":1,"63":0,"64":1,"65":1},"f":{"0":1,"1":1,"2":1,"3":2,"4":0,"5":1,"6":0,"7":5,"8":3,"9":2,"10":0,"11":0,"12":0,"13":8,"14":8,"15":0,"16":3,"17":3,"18":1,"19":1,"20":1,"21":1,"22":0,"23":1,"24":1,"25":0,"26":1,"27":2,"28":1,"29":0,"30":1,"31":1,"32":0},"b":{"0":[9,9],"1":[9,0],"2":[0,1],"3":[1,0],"4":[0,2],"5":[2,2],"6":[0,0],"7":[2,0],"8":[0,2],"9":[0,0],"10":[0,0]},"_coverageSchema":"332fd63041d2c1bcb487cc26dd0d5f7d97098a6c","hash":"11a454455c7bb3a8410a167f450777224318a02f","contentHash":"7ac556c36163e5bcd2a7e19561020b27_11.1.0"},"/Users/andeladeveloper/Desktop/PostIt/server/server.js":{"path":"/Users/andeladeveloper/Desktop/PostIt/server/server.js","statementMap":{"0":{"start":{"line":3,"column":0},"end":{"line":5,"column":3}},"1":{"start":{"line":7,"column":15},"end":{"line":7,"column":33}},"2":{"start":{"line":9,"column":16},"end":{"line":9,"column":48}},"3":{"start":{"line":11,"column":18},"end":{"line":11,"column":40}},"4":{"start":{"line":13,"column":19},"end":{"line":13,"column":54}},"5":{"start":{"line":15,"column":12},"end":{"line":15,"column":27}},"6":{"start":{"line":17,"column":13},"end":{"line":17,"column":42}},"7":{"start":{"line":19,"column":14},"end":{"line":19,"column":31}},"8":{"start":{"line":21,"column":15},"end":{"line":21,"column":46}},"9":{"start":{"line":23,"column":15},"end":{"line":23,"column":33}},"10":{"start":{"line":25,"column":16},"end":{"line":25,"column":48}},"11":{"start":{"line":27,"column":28},"end":{"line":27,"column":61}},"12":{"start":{"line":29,"column":29},"end":{"line":29,"column":74}},"13":{"start":{"line":31,"column":28},"end":{"line":31,"column":61}},"14":{"start":{"line":33,"column":29},"end":{"line":33,"column":74}},"15":{"start":{"line":35,"column":13},"end":{"line":35,"column":38}},"16":{"start":{"line":37,"column":14},"end":{"line":37,"column":44}},"17":{"start":{"line":39,"column":16},"end":{"line":39,"column":44}},"18":{"start":{"line":41,"column":16},"end":{"line":41,"column":49}},"19":{"start":{"line":43,"column":39},"end":{"line":43,"column":93}},"20":{"start":{"line":45,"column":0},"end":{"line":45,"column":26}},"21":{"start":{"line":46,"column":10},"end":{"line":46,"column":34}},"22":{"start":{"line":47,"column":0},"end":{"line":47,"column":61}},"23":{"start":{"line":48,"column":0},"end":{"line":48,"column":37}},"24":{"start":{"line":50,"column":0},"end":{"line":55,"column":3}},"25":{"start":{"line":51,"column":2},"end":{"line":51,"column":49}},"26":{"start":{"line":52,"column":2},"end":{"line":52,"column":74}},"27":{"start":{"line":53,"column":2},"end":{"line":53,"column":150}},"28":{"start":{"line":54,"column":2},"end":{"line":54,"column":9}},"29":{"start":{"line":57,"column":0},"end":{"line":60,"column":1}},"30":{"start":{"line":58,"column":2},"end":{"line":58,"column":90}},"31":{"start":{"line":59,"column":2},"end":{"line":59,"column":90}},"32":{"start":{"line":62,"column":0},"end":{"line":64,"column":3}},"33":{"start":{"line":63,"column":2},"end":{"line":63,"column":32}},"34":{"start":{"line":66,"column":0},"end":{"line":66,"column":30}},"35":{"start":{"line":68,"column":0},"end":{"line":70,"column":3}},"36":{"start":{"line":69,"column":2},"end":{"line":69,"column":75}},"37":{"start":{"line":72,"column":0},"end":{"line":72,"column":22}}},"fnMap":{"0":{"name":"_interopRequireDefault","decl":{"start":{"line":43,"column":9},"end":{"line":43,"column":31}},"loc":{"start":{"line":43,"column":37},"end":{"line":43,"column":95}},"line":43},"1":{"name":"(anonymous_1)","decl":{"start":{"line":50,"column":8},"end":{"line":50,"column":9}},"loc":{"start":{"line":50,"column":34},"end":{"line":55,"column":1}},"line":50},"2":{"name":"(anonymous_2)","decl":{"start":{"line":62,"column":37},"end":{"line":62,"column":38}},"loc":{"start":{"line":62,"column":49},"end":{"line":64,"column":1}},"line":62},"3":{"name":"(anonymous_3)","decl":{"start":{"line":68,"column":14},"end":{"line":68,"column":15}},"loc":{"start":{"line":68,"column":34},"end":{"line":70,"column":1}},"line":68}},"branchMap":{"0":{"loc":{"start":{"line":43,"column":46},"end":{"line":43,"column":92}},"type":"cond-expr","locations":[{"start":{"line":43,"column":70},"end":{"line":43,"column":73}},{"start":{"line":43,"column":76},"end":{"line":43,"column":92}}],"line":43},"1":{"loc":{"start":{"line":43,"column":46},"end":{"line":43,"column":67}},"type":"binary-expr","locations":[{"start":{"line":43,"column":46},"end":{"line":43,"column":49}},{"start":{"line":43,"column":53},"end":{"line":43,"column":67}}],"line":43},"2":{"loc":{"start":{"line":57,"column":0},"end":{"line":60,"column":1}},"type":"if","locations":[{"start":{"line":57,"column":0},"end":{"line":60,"column":1}},{"start":{"line":57,"column":0},"end":{"line":60,"column":1}}],"line":57},"3":{"loc":{"start":{"line":62,"column":11},"end":{"line":62,"column":35}},"type":"binary-expr","locations":[{"start":{"line":62,"column":11},"end":{"line":62,"column":27}},{"start":{"line":62,"column":31},"end":{"line":62,"column":35}}],"line":62}},"s":{"0":1,"1":1,"2":1,"3":1,"4":1,"5":1,"6":1,"7":1,"8":1,"9":1,"10":1,"11":1,"12":1,"13":1,"14":1,"15":1,"16":1,"17":1,"18":1,"19":9,"20":1,"21":1,"22":1,"23":1,"24":1,"25":67,"26":67,"27":67,"28":67,"29":1,"30":1,"31":1,"32":1,"33":1,"34":1,"35":1,"36":0,"37":1},"f":{"0":9,"1":67,"2":1,"3":0},"b":{"0":[1,8],"1":[9,9],"2":[1,0],"3":[1,1]},"_coverageSchema":"332fd63041d2c1bcb487cc26dd0d5f7d97098a6c","hash":"f8a0acd95671c6dad03b7ea50ee7f62beef3e3f2","contentHash":"519eddecee140032abe93727bd886b15_11.1.0"},"/Users/andeladeveloper/Desktop/PostIt/server/routes/route.js":{"path":"/Users/andeladeveloper/Desktop/PostIt/server/routes/route.js","statementMap":{"0":{"start":{"line":3,"column":0},"end":{"line":5,"column":3}},"1":{"start":{"line":7,"column":15},"end":{"line":7,"column":33}},"2":{"start":{"line":9,"column":16},"end":{"line":9,"column":48}},"3":{"start":{"line":11,"column":12},"end":{"line":11,"column":42}},"4":{"start":{"line":13,"column":13},"end":{"line":13,"column":42}},"5":{"start":{"line":15,"column":13},"end":{"line":15,"column":44}},"6":{"start":{"line":17,"column":14},"end":{"line":17,"column":44}},"7":{"start":{"line":19,"column":15},"end":{"line":19,"column":48}},"8":{"start":{"line":21,"column":16},"end":{"line":21,"column":48}},"9":{"start":{"line":23,"column":20},"end":{"line":23,"column":54}},"10":{"start":{"line":25,"column":21},"end":{"line":25,"column":58}},"11":{"start":{"line":27,"column":16},"end":{"line":27,"column":46}},"12":{"start":{"line":29,"column":17},"end":{"line":29,"column":50}},"13":{"start":{"line":31,"column":39},"end":{"line":31,"column":93}},"14":{"start":{"line":33,"column":13},"end":{"line":33,"column":39}},"15":{"start":{"line":35,"column":0},"end":{"line":35,"column":92}},"16":{"start":{"line":36,"column":0},"end":{"line":36,"column":92}},"17":{"start":{"line":37,"column":0},"end":{"line":37,"column":129}},"18":{"start":{"line":38,"column":0},"end":{"line":38,"column":148}},"19":{"start":{"line":39,"column":0},"end":{"line":39,"column":153}},"20":{"start":{"line":40,"column":0},"end":{"line":40,"column":75}},"21":{"start":{"line":41,"column":0},"end":{"line":41,"column":77}},"22":{"start":{"line":42,"column":0},"end":{"line":42,"column":75}},"23":{"start":{"line":43,"column":0},"end":{"line":43,"column":72}},"24":{"start":{"line":44,"column":0},"end":{"line":44,"column":81}},"25":{"start":{"line":45,"column":0},"end":{"line":45,"column":149}},"26":{"start":{"line":46,"column":0},"end":{"line":46,"column":92}},"27":{"start":{"line":47,"column":0},"end":{"line":47,"column":109}},"28":{"start":{"line":48,"column":0},"end":{"line":48,"column":141}},"29":{"start":{"line":49,"column":0},"end":{"line":49,"column":138}},"30":{"start":{"line":50,"column":0},"end":{"line":50,"column":148}},"31":{"start":{"line":56,"column":0},"end":{"line":56,"column":25}}},"fnMap":{"0":{"name":"_interopRequireDefault","decl":{"start":{"line":31,"column":9},"end":{"line":31,"column":31}},"loc":{"start":{"line":31,"column":37},"end":{"line":31,"column":95}},"line":31}},"branchMap":{"0":{"loc":{"start":{"line":31,"column":46},"end":{"line":31,"column":92}},"type":"cond-expr","locations":[{"start":{"line":31,"column":70},"end":{"line":31,"column":73}},{"start":{"line":31,"column":76},"end":{"line":31,"column":92}}],"line":31},"1":{"loc":{"start":{"line":31,"column":46},"end":{"line":31,"column":67}},"type":"binary-expr","locations":[{"start":{"line":31,"column":46},"end":{"line":31,"column":49}},{"start":{"line":31,"column":53},"end":{"line":31,"column":67}}],"line":31}},"s":{"0":1,"1":1,"2":1,"3":1,"4":1,"5":1,"6":1,"7":1,"8":1,"9":1,"10":1,"11":1,"12":1,"13":6,"14":1,"15":1,"16":1,"17":1,"18":1,"19":1,"20":1,"21":1,"22":1,"23":1,"24":1,"25":1,"26":1,"27":1,"28":1,"29":1,"30":1,"31":1},"f":{"0":6},"b":{"0":[5,1],"1":[6,6]},"_coverageSchema":"332fd63041d2c1bcb487cc26dd0d5f7d97098a6c","hash":"9386ecd97b4739be3832f00e243349b94cff246d","contentHash":"651bd95b0c1c12b753fe6a399c8505f3_11.1.0"},"/Users/andeladeveloper/Desktop/PostIt/server/controllers/user.js":{"path":"/Users/andeladeveloper/Desktop/PostIt/server/controllers/user.js","statementMap":{"0":{"start":{"line":3,"column":0},"end":{"line":5,"column":3}},"1":{"start":{"line":7,"column":19},"end":{"line":7,"column":563}},"2":{"start":{"line":7,"column":76},"end":{"line":7,"column":347}},"3":{"start":{"line":7,"column":134},"end":{"line":7,"column":142}},"4":{"start":{"line":7,"column":144},"end":{"line":7,"column":199}},"5":{"start":{"line":7,"column":200},"end":{"line":7,"column":231}},"6":{"start":{"line":7,"column":232},"end":{"line":7,"column":286}},"7":{"start":{"line":7,"column":259},"end":{"line":7,"column":286}},"8":{"start":{"line":7,"column":287},"end":{"line":7,"column":345}},"9":{"start":{"line":7,"column":350},"end":{"line":7,"column":559}},"10":{"start":{"line":7,"column":407},"end":{"line":7,"column":475}},"11":{"start":{"line":7,"column":423},"end":{"line":7,"column":475}},"12":{"start":{"line":7,"column":476},"end":{"line":7,"column":536}},"13":{"start":{"line":7,"column":493},"end":{"line":7,"column":536}},"14":{"start":{"line":7,"column":537},"end":{"line":7,"column":556}},"15":{"start":{"line":9,"column":14},"end":{"line":9,"column":31}},"16":{"start":{"line":11,"column":15},"end":{"line":11,"column":46}},"17":{"start":{"line":13,"column":16},"end":{"line":13,"column":35}},"18":{"start":{"line":15,"column":17},"end":{"line":15,"column":50}},"19":{"start":{"line":17,"column":18},"end":{"line":17,"column":39}},"20":{"start":{"line":19,"column":19},"end":{"line":19,"column":54}},"21":{"start":{"line":21,"column":20},"end":{"line":21,"column":43}},"22":{"start":{"line":23,"column":21},"end":{"line":23,"column":58}},"23":{"start":{"line":25,"column":18},"end":{"line":25,"column":40}},"24":{"start":{"line":27,"column":19},"end":{"line":27,"column":54}},"25":{"start":{"line":29,"column":12},"end":{"line":29,"column":39}},"26":{"start":{"line":31,"column":13},"end":{"line":31,"column":42}},"27":{"start":{"line":33,"column":13},"end":{"line":33,"column":41}},"28":{"start":{"line":35,"column":14},"end":{"line":35,"column":44}},"29":{"start":{"line":37,"column":17},"end":{"line":37,"column":49}},"30":{"start":{"line":39,"column":18},"end":{"line":39,"column":52}},"31":{"start":{"line":41,"column":20},"end":{"line":41,"column":54}},"32":{"start":{"line":43,"column":21},"end":{"line":43,"column":58}},"33":{"start":{"line":45,"column":39},"end":{"line":45,"column":93}},"34":{"start":{"line":47,"column":50},"end":{"line":47,"column":151}},"35":{"start":{"line":47,"column":92},"end":{"line":47,"column":149}},"36":{"start":{"line":49,"column":0},"end":{"line":49,"column":26}},"37":{"start":{"line":50,"column":17},"end":{"line":50,"column":39}},"38":{"start":{"line":51,"column":11},"end":{"line":51,"column":45}},"39":{"start":{"line":57,"column":11},"end":{"line":349,"column":3}},"40":{"start":{"line":59,"column":4},"end":{"line":59,"column":32}},"41":{"start":{"line":62,"column":2},"end":{"line":346,"column":6}},"42":{"start":{"line":72,"column":17},"end":{"line":72,"column":93}},"43":{"start":{"line":73,"column":21},"end":{"line":73,"column":28}},"44":{"start":{"line":74,"column":21},"end":{"line":74,"column":28}},"45":{"start":{"line":75,"column":18},"end":{"line":75,"column":25}},"46":{"start":{"line":76,"column":24},"end":{"line":76,"column":31}},"47":{"start":{"line":78,"column":27},"end":{"line":78,"column":70}},"48":{"start":{"line":79,"column":6},"end":{"line":97,"column":7}},"49":{"start":{"line":80,"column":8},"end":{"line":80,"column":120}},"50":{"start":{"line":82,"column":8},"end":{"line":96,"column":11}},"51":{"start":{"line":83,"column":10},"end":{"line":95,"column":11}},"52":{"start":{"line":84,"column":12},"end":{"line":92,"column":13}},"53":{"start":{"line":85,"column":14},"end":{"line":89,"column":15}},"54":{"start":{"line":86,"column":16},"end":{"line":86,"column":111}},"55":{"start":{"line":88,"column":16},"end":{"line":88,"column":156}},"56":{"start":{"line":91,"column":14},"end":{"line":91,"column":87}},"57":{"start":{"line":94,"column":12},"end":{"line":94,"column":53}},"58":{"start":{"line":110,"column":18},"end":{"line":110,"column":56}},"59":{"start":{"line":111,"column":21},"end":{"line":111,"column":29}},"60":{"start":{"line":112,"column":21},"end":{"line":112,"column":29}},"61":{"start":{"line":114,"column":6},"end":{"line":126,"column":9}},"62":{"start":{"line":115,"column":8},"end":{"line":122,"column":9}},"63":{"start":{"line":116,"column":10},"end":{"line":116,"column":61}},"64":{"start":{"line":117,"column":15},"end":{"line":122,"column":9}},"65":{"start":{"line":118,"column":22},"end":{"line":118,"column":99}},"66":{"start":{"line":119,"column":10},"end":{"line":119,"column":149}},"67":{"start":{"line":121,"column":10},"end":{"line":121,"column":66}},"68":{"start":{"line":123,"column":8},"end":{"line":125,"column":9}},"69":{"start":{"line":124,"column":10},"end":{"line":124,"column":80}},"70":{"start":{"line":139,"column":19},"end":{"line":139,"column":37}},"71":{"start":{"line":140,"column":6},"end":{"line":146,"column":7}},"72":{"start":{"line":141,"column":8},"end":{"line":141,"column":80}},"73":{"start":{"line":143,"column":8},"end":{"line":145,"column":11}},"74":{"start":{"line":144,"column":10},"end":{"line":144,"column":49}},"75":{"start":{"line":159,"column":20},"end":{"line":159,"column":38}},"76":{"start":{"line":160,"column":6},"end":{"line":178,"column":7}},"77":{"start":{"line":161,"column":8},"end":{"line":161,"column":70}},"78":{"start":{"line":163,"column":8},"end":{"line":177,"column":11}},"79":{"start":{"line":164,"column":10},"end":{"line":176,"column":11}},"80":{"start":{"line":165,"column":12},"end":{"line":165,"column":66}},"81":{"start":{"line":167,"column":12},"end":{"line":175,"column":15}},"82":{"start":{"line":168,"column":14},"end":{"line":174,"column":15}},"83":{"start":{"line":169,"column":16},"end":{"line":171,"column":19}},"84":{"start":{"line":170,"column":18},"end":{"line":170,"column":61}},"85":{"start":{"line":173,"column":16},"end":{"line":173,"column":92}},"86":{"start":{"line":191,"column":22},"end":{"line":191,"column":40}},"87":{"start":{"line":192,"column":24},"end":{"line":192,"column":41}},"88":{"start":{"line":193,"column":18},"end":{"line":193,"column":99}},"89":{"start":{"line":194,"column":6},"end":{"line":228,"column":7}},"90":{"start":{"line":195,"column":8},"end":{"line":195,"column":86}},"91":{"start":{"line":196,"column":13},"end":{"line":228,"column":7}},"92":{"start":{"line":197,"column":8},"end":{"line":197,"column":82}},"93":{"start":{"line":199,"column":8},"end":{"line":227,"column":11}},"94":{"start":{"line":200,"column":10},"end":{"line":226,"column":11}},"95":{"start":{"line":201,"column":12},"end":{"line":201,"column":65}},"96":{"start":{"line":203,"column":30},"end":{"line":211,"column":14}},"97":{"start":{"line":212,"column":30},"end":{"line":218,"column":13}},"98":{"start":{"line":219,"column":12},"end":{"line":225,"column":15}},"99":{"start":{"line":220,"column":14},"end":{"line":224,"column":15}},"100":{"start":{"line":221,"column":16},"end":{"line":221,"column":83}},"101":{"start":{"line":223,"column":16},"end":{"line":223,"column":114}},"102":{"start":{"line":241,"column":22},"end":{"line":241,"column":65}},"103":{"start":{"line":242,"column":6},"end":{"line":251,"column":9}},"104":{"start":{"line":243,"column":8},"end":{"line":250,"column":9}},"105":{"start":{"line":244,"column":10},"end":{"line":244,"column":84}},"106":{"start":{"line":246,"column":31},"end":{"line":246,"column":81}},"107":{"start":{"line":247,"column":10},"end":{"line":249,"column":13}},"108":{"start":{"line":248,"column":12},"end":{"line":248,"column":79}},"109":{"start":{"line":264,"column":18},"end":{"line":264,"column":100}},"110":{"start":{"line":265,"column":21},"end":{"line":265,"column":29}},"111":{"start":{"line":266,"column":18},"end":{"line":266,"column":26}},"112":{"start":{"line":267,"column":24},"end":{"line":267,"column":32}},"113":{"start":{"line":268,"column":21},"end":{"line":268,"column":29}},"114":{"start":{"line":270,"column":6},"end":{"line":281,"column":9}},"115":{"start":{"line":271,"column":8},"end":{"line":280,"column":9}},"116":{"start":{"line":272,"column":10},"end":{"line":276,"column":13}},"117":{"start":{"line":273,"column":24},"end":{"line":274,"column":33}},"118":{"start":{"line":275,"column":12},"end":{"line":275,"column":164}},"119":{"start":{"line":278,"column":22},"end":{"line":278,"column":108}},"120":{"start":{"line":279,"column":10},"end":{"line":279,"column":165}},"121":{"start":{"line":294,"column":18},"end":{"line":294,"column":90}},"122":{"start":{"line":295,"column":23},"end":{"line":295,"column":31}},"123":{"start":{"line":296,"column":17},"end":{"line":296,"column":25}},"124":{"start":{"line":297,"column":20},"end":{"line":297,"column":28}},"125":{"start":{"line":298,"column":19},"end":{"line":298,"column":27}},"126":{"start":{"line":300,"column":24},"end":{"line":308,"column":8}},"127":{"start":{"line":309,"column":24},"end":{"line":315,"column":7}},"128":{"start":{"line":316,"column":6},"end":{"line":322,"column":9}},"129":{"start":{"line":317,"column":8},"end":{"line":321,"column":9}},"130":{"start":{"line":318,"column":10},"end":{"line":318,"column":77}},"131":{"start":{"line":320,"column":10},"end":{"line":320,"column":70}},"132":{"start":{"line":335,"column":20},"end":{"line":335,"column":36}},"133":{"start":{"line":336,"column":19},"end":{"line":336,"column":107}},"134":{"start":{"line":337,"column":6},"end":{"line":344,"column":7}},"135":{"start":{"line":338,"column":8},"end":{"line":343,"column":9}},"136":{"start":{"line":339,"column":10},"end":{"line":341,"column":13}},"137":{"start":{"line":340,"column":12},"end":{"line":340,"column":39}},"138":{"start":{"line":342,"column":10},"end":{"line":342,"column":57}},"139":{"start":{"line":348,"column":2},"end":{"line":348,"column":14}},"140":{"start":{"line":351,"column":0},"end":{"line":351,"column":23}}},"fnMap":{"0":{"name":"(anonymous_0)","decl":{"start":{"line":7,"column":19},"end":{"line":7,"column":20}},"loc":{"start":{"line":7,"column":31},"end":{"line":7,"column":561}},"line":7},"1":{"name":"defineProperties","decl":{"start":{"line":7,"column":42},"end":{"line":7,"column":58}},"loc":{"start":{"line":7,"column":74},"end":{"line":7,"column":349}},"line":7},"2":{"name":"(anonymous_2)","decl":{"start":{"line":7,"column":357},"end":{"line":7,"column":358}},"loc":{"start":{"line":7,"column":405},"end":{"line":7,"column":558}},"line":7},"3":{"name":"_interopRequireDefault","decl":{"start":{"line":45,"column":9},"end":{"line":45,"column":31}},"loc":{"start":{"line":45,"column":37},"end":{"line":45,"column":95}},"line":45},"4":{"name":"_classCallCheck","decl":{"start":{"line":47,"column":9},"end":{"line":47,"column":24}},"loc":{"start":{"line":47,"column":48},"end":{"line":47,"column":153}},"line":47},"5":{"name":"(anonymous_5)","decl":{"start":{"line":57,"column":11},"end":{"line":57,"column":12}},"loc":{"start":{"line":57,"column":23},"end":{"line":349,"column":1}},"line":57},"6":{"name":"User","decl":{"start":{"line":58,"column":11},"end":{"line":58,"column":15}},"loc":{"start":{"line":58,"column":18},"end":{"line":60,"column":3}},"line":58},"7":{"name":"signUp","decl":{"start":{"line":71,"column":20},"end":{"line":71,"column":26}},"loc":{"start":{"line":71,"column":37},"end":{"line":98,"column":5}},"line":71},"8":{"name":"(anonymous_8)","decl":{"start":{"line":82,"column":78},"end":{"line":82,"column":79}},"loc":{"start":{"line":82,"column":95},"end":{"line":96,"column":9}},"line":82},"9":{"name":"signIn","decl":{"start":{"line":109,"column":20},"end":{"line":109,"column":26}},"loc":{"start":{"line":109,"column":37},"end":{"line":127,"column":5}},"line":109},"10":{"name":"(anonymous_10)","decl":{"start":{"line":114,"column":39},"end":{"line":114,"column":40}},"loc":{"start":{"line":114,"column":56},"end":{"line":126,"column":7}},"line":114},"11":{"name":"getAllUsers","decl":{"start":{"line":138,"column":20},"end":{"line":138,"column":31}},"loc":{"start":{"line":138,"column":42},"end":{"line":147,"column":5}},"line":138},"12":{"name":"(anonymous_12)","decl":{"start":{"line":143,"column":43},"end":{"line":143,"column":44}},"loc":{"start":{"line":143,"column":60},"end":{"line":145,"column":9}},"line":143},"13":{"name":"getGroupUsers","decl":{"start":{"line":158,"column":20},"end":{"line":158,"column":33}},"loc":{"start":{"line":158,"column":44},"end":{"line":179,"column":5}},"line":158},"14":{"name":"(anonymous_14)","decl":{"start":{"line":163,"column":46},"end":{"line":163,"column":47}},"loc":{"start":{"line":163,"column":64},"end":{"line":177,"column":9}},"line":163},"15":{"name":"(anonymous_15)","decl":{"start":{"line":167,"column":57},"end":{"line":167,"column":58}},"loc":{"start":{"line":167,"column":74},"end":{"line":175,"column":13}},"line":167},"16":{"name":"(anonymous_16)","decl":{"start":{"line":169,"column":52},"end":{"line":169,"column":53}},"loc":{"start":{"line":169,"column":73},"end":{"line":171,"column":17}},"line":169},"17":{"name":"sendMailForPasswordReset","decl":{"start":{"line":190,"column":20},"end":{"line":190,"column":44}},"loc":{"start":{"line":190,"column":55},"end":{"line":229,"column":5}},"line":190},"18":{"name":"(anonymous_18)","decl":{"start":{"line":199,"column":49},"end":{"line":199,"column":50}},"loc":{"start":{"line":199,"column":66},"end":{"line":227,"column":9}},"line":199},"19":{"name":"(anonymous_19)","decl":{"start":{"line":219,"column":46},"end":{"line":219,"column":47}},"loc":{"start":{"line":219,"column":63},"end":{"line":225,"column":13}},"line":219},"20":{"name":"verifyPasswordReset","decl":{"start":{"line":240,"column":20},"end":{"line":240,"column":39}},"loc":{"start":{"line":240,"column":50},"end":{"line":252,"column":5}},"line":240},"21":{"name":"(anonymous_21)","decl":{"start":{"line":242,"column":59},"end":{"line":242,"column":60}},"loc":{"start":{"line":242,"column":82},"end":{"line":251,"column":7}},"line":242},"22":{"name":"(anonymous_22)","decl":{"start":{"line":247,"column":70},"end":{"line":247,"column":71}},"loc":{"start":{"line":247,"column":82},"end":{"line":249,"column":11}},"line":247},"23":{"name":"registerUserFromGoogle","decl":{"start":{"line":263,"column":20},"end":{"line":263,"column":42}},"loc":{"start":{"line":263,"column":53},"end":{"line":282,"column":5}},"line":263},"24":{"name":"(anonymous_24)","decl":{"start":{"line":270,"column":80},"end":{"line":270,"column":81}},"loc":{"start":{"line":270,"column":97},"end":{"line":281,"column":7}},"line":270},"25":{"name":"(anonymous_25)","decl":{"start":{"line":272,"column":47},"end":{"line":272,"column":48}},"loc":{"start":{"line":272,"column":65},"end":{"line":276,"column":11}},"line":272},"26":{"name":"sendMailForNotification","decl":{"start":{"line":293,"column":20},"end":{"line":293,"column":43}},"loc":{"start":{"line":293,"column":54},"end":{"line":323,"column":5}},"line":293},"27":{"name":"(anonymous_27)","decl":{"start":{"line":316,"column":40},"end":{"line":316,"column":41}},"loc":{"start":{"line":316,"column":57},"end":{"line":322,"column":7}},"line":316},"28":{"name":"sendSmsForNotification","decl":{"start":{"line":334,"column":20},"end":{"line":334,"column":42}},"loc":{"start":{"line":334,"column":53},"end":{"line":345,"column":5}},"line":334},"29":{"name":"(anonymous_29)","decl":{"start":{"line":339,"column":26},"end":{"line":339,"column":27}},"loc":{"start":{"line":339,"column":44},"end":{"line":341,"column":11}},"line":339}},"branchMap":{"0":{"loc":{"start":{"line":7,"column":168},"end":{"line":7,"column":198}},"type":"binary-expr","locations":[{"start":{"line":7,"column":168},"end":{"line":7,"column":189}},{"start":{"line":7,"column":193},"end":{"line":7,"column":198}}],"line":7},"1":{"loc":{"start":{"line":7,"column":232},"end":{"line":7,"column":286}},"type":"if","locations":[{"start":{"line":7,"column":232},"end":{"line":7,"column":286}},{"start":{"line":7,"column":232},"end":{"line":7,"column":286}}],"line":7},"2":{"loc":{"start":{"line":7,"column":407},"end":{"line":7,"column":475}},"type":"if","locations":[{"start":{"line":7,"column":407},"end":{"line":7,"column":475}},{"start":{"line":7,"column":407},"end":{"line":7,"column":475}}],"line":7},"3":{"loc":{"start":{"line":7,"column":476},"end":{"line":7,"column":536}},"type":"if","locations":[{"start":{"line":7,"column":476},"end":{"line":7,"column":536}},{"start":{"line":7,"column":476},"end":{"line":7,"column":536}}],"line":7},"4":{"loc":{"start":{"line":45,"column":46},"end":{"line":45,"column":92}},"type":"cond-expr","locations":[{"start":{"line":45,"column":70},"end":{"line":45,"column":73}},{"start":{"line":45,"column":76},"end":{"line":45,"column":92}}],"line":45},"5":{"loc":{"start":{"line":45,"column":46},"end":{"line":45,"column":67}},"type":"binary-expr","locations":[{"start":{"line":45,"column":46},"end":{"line":45,"column":49}},{"start":{"line":45,"column":53},"end":{"line":45,"column":67}}],"line":45},"6":{"loc":{"start":{"line":47,"column":50},"end":{"line":47,"column":151}},"type":"if","locations":[{"start":{"line":47,"column":50},"end":{"line":47,"column":151}},{"start":{"line":47,"column":50},"end":{"line":47,"column":151}}],"line":47},"7":{"loc":{"start":{"line":79,"column":6},"end":{"line":97,"column":7}},"type":"if","locations":[{"start":{"line":79,"column":6},"end":{"line":97,"column":7}},{"start":{"line":79,"column":6},"end":{"line":97,"column":7}}],"line":79},"8":{"loc":{"start":{"line":83,"column":10},"end":{"line":95,"column":11}},"type":"if","locations":[{"start":{"line":83,"column":10},"end":{"line":95,"column":11}},{"start":{"line":83,"column":10},"end":{"line":95,"column":11}}],"line":83},"9":{"loc":{"start":{"line":84,"column":12},"end":{"line":92,"column":13}},"type":"if","locations":[{"start":{"line":84,"column":12},"end":{"line":92,"column":13}},{"start":{"line":84,"column":12},"end":{"line":92,"column":13}}],"line":84},"10":{"loc":{"start":{"line":85,"column":14},"end":{"line":89,"column":15}},"type":"if","locations":[{"start":{"line":85,"column":14},"end":{"line":89,"column":15}},{"start":{"line":85,"column":14},"end":{"line":89,"column":15}}],"line":85},"11":{"loc":{"start":{"line":115,"column":8},"end":{"line":122,"column":9}},"type":"if","locations":[{"start":{"line":115,"column":8},"end":{"line":122,"column":9}},{"start":{"line":115,"column":8},"end":{"line":122,"column":9}}],"line":115},"12":{"loc":{"start":{"line":117,"column":15},"end":{"line":122,"column":9}},"type":"if","locations":[{"start":{"line":117,"column":15},"end":{"line":122,"column":9}},{"start":{"line":117,"column":15},"end":{"line":122,"column":9}}],"line":117},"13":{"loc":{"start":{"line":123,"column":8},"end":{"line":125,"column":9}},"type":"if","locations":[{"start":{"line":123,"column":8},"end":{"line":125,"column":9}},{"start":{"line":123,"column":8},"end":{"line":125,"column":9}}],"line":123},"14":{"loc":{"start":{"line":123,"column":12},"end":{"line":123,"column":60}},"type":"binary-expr","locations":[{"start":{"line":123,"column":12},"end":{"line":123,"column":35}},{"start":{"line":123,"column":39},"end":{"line":123,"column":60}}],"line":123},"15":{"loc":{"start":{"line":140,"column":6},"end":{"line":146,"column":7}},"type":"if","locations":[{"start":{"line":140,"column":6},"end":{"line":146,"column":7}},{"start":{"line":140,"column":6},"end":{"line":146,"column":7}}],"line":140},"16":{"loc":{"start":{"line":160,"column":6},"end":{"line":178,"column":7}},"type":"if","locations":[{"start":{"line":160,"column":6},"end":{"line":178,"column":7}},{"start":{"line":160,"column":6},"end":{"line":178,"column":7}}],"line":160},"17":{"loc":{"start":{"line":164,"column":10},"end":{"line":176,"column":11}},"type":"if","locations":[{"start":{"line":164,"column":10},"end":{"line":176,"column":11}},{"start":{"line":164,"column":10},"end":{"line":176,"column":11}}],"line":164},"18":{"loc":{"start":{"line":168,"column":14},"end":{"line":174,"column":15}},"type":"if","locations":[{"start":{"line":168,"column":14},"end":{"line":174,"column":15}},{"start":{"line":168,"column":14},"end":{"line":174,"column":15}}],"line":168},"19":{"loc":{"start":{"line":194,"column":6},"end":{"line":228,"column":7}},"type":"if","locations":[{"start":{"line":194,"column":6},"end":{"line":228,"column":7}},{"start":{"line":194,"column":6},"end":{"line":228,"column":7}}],"line":194},"20":{"loc":{"start":{"line":194,"column":10},"end":{"line":194,"column":62}},"type":"binary-expr","locations":[{"start":{"line":194,"column":10},"end":{"line":194,"column":33}},{"start":{"line":194,"column":37},"end":{"line":194,"column":62}}],"line":194},"21":{"loc":{"start":{"line":196,"column":13},"end":{"line":228,"column":7}},"type":"if","locations":[{"start":{"line":196,"column":13},"end":{"line":228,"column":7}},{"start":{"line":196,"column":13},"end":{"line":228,"column":7}}],"line":196},"22":{"loc":{"start":{"line":196,"column":17},"end":{"line":196,"column":81}},"type":"binary-expr","locations":[{"start":{"line":196,"column":17},"end":{"line":196,"column":46}},{"start":{"line":196,"column":50},"end":{"line":196,"column":81}}],"line":196},"23":{"loc":{"start":{"line":200,"column":10},"end":{"line":226,"column":11}},"type":"if","locations":[{"start":{"line":200,"column":10},"end":{"line":226,"column":11}},{"start":{"line":200,"column":10},"end":{"line":226,"column":11}}],"line":200},"24":{"loc":{"start":{"line":220,"column":14},"end":{"line":224,"column":15}},"type":"if","locations":[{"start":{"line":220,"column":14},"end":{"line":224,"column":15}},{"start":{"line":220,"column":14},"end":{"line":224,"column":15}}],"line":220},"25":{"loc":{"start":{"line":241,"column":22},"end":{"line":241,"column":65}},"type":"binary-expr","locations":[{"start":{"line":241,"column":22},"end":{"line":241,"column":43}},{"start":{"line":241,"column":47},"end":{"line":241,"column":65}}],"line":241},"26":{"loc":{"start":{"line":243,"column":8},"end":{"line":250,"column":9}},"type":"if","locations":[{"start":{"line":243,"column":8},"end":{"line":250,"
[...]
tart":{"line":7,"column":259},"end":{"line":7,"column":286}},"8":{"start":{"line":7,"column":287},"end":{"line":7,"column":345}},"9":{"start":{"line":7,"column":350},"end":{"line":7,"column":559}},"10":{"start":{"line":7,"column":407},"end":{"line":7,"column":475}},"11":{"start":{"line":7,"column":423},"end":{"line":7,"column":475}},"12":{"start":{"line":7,"column":476},"end":{"line":7,"column":536}},"13":{"start":{"line":7,"column":493},"end":{"line":7,"column":536}},"14":{"start":{"line":7,"column":537},"end":{"line":7,"column":556}},"15":{"start":{"line":9,"column":50},"end":{"line":9,"column":151}},"16":{"start":{"line":9,"column":92},"end":{"line":9,"column":149}},"17":{"start":{"line":15,"column":15},"end":{"line":237,"column":3}},"18":{"start":{"line":17,"column":4},"end":{"line":17,"column":36}},"19":{"start":{"line":20,"column":2},"end":{"line":234,"column":6}},"20":{"start":{"line":31,"column":22},"end":{"line":31,"column":40}},"21":{"start":{"line":32,"column":24},"end":{"line":32,"column":44}},"22":{"start":{"line":33,"column":23},"end":{"line":33,"column":73}},"23":{"start":{"line":34,"column":29},"end":{"line":34,"column":31}},"24":{"start":{"line":35,"column":24},"end":{"line":35,"column":45}},"25":{"start":{"line":36,"column":6},"end":{"line":40,"column":9}},"26":{"start":{"line":37,"column":8},"end":{"line":39,"column":9}},"27":{"start":{"line":38,"column":10},"end":{"line":38,"column":40}},"28":{"start":{"line":41,"column":6},"end":{"line":45,"column":7}},"29":{"start":{"line":42,"column":8},"end":{"line":42,"column":92}},"30":{"start":{"line":43,"column":13},"end":{"line":45,"column":7}},"31":{"start":{"line":44,"column":8},"end":{"line":44,"column":78}},"32":{"start":{"line":46,"column":6},"end":{"line":46,"column":20}},"33":{"start":{"line":60,"column":17},"end":{"line":60,"column":54}},"34":{"start":{"line":61,"column":20},"end":{"line":61,"column":27}},"35":{"start":{"line":62,"column":19},"end":{"line":62,"column":26}},"36":{"start":{"line":64,"column":6},"end":{"line":76,"column":7}},"37":{"start":{"line":65,"column":8},"end":{"line":65,"column":77}},"38":{"start":{"line":66,"column":13},"end":{"line":76,"column":7}},"39":{"start":{"line":67,"column":8},"end":{"line":67,"column":79}},"40":{"start":{"line":68,"column":13},"end":{"line":76,"column":7}},"41":{"start":{"line":69,"column":8},"end":{"line":69,"column":76}},"42":{"start":{"line":70,"column":13},"end":{"line":76,"column":7}},"43":{"start":{"line":71,"column":8},"end":{"line":71,"column":78}},"44":{"start":{"line":72,"column":13},"end":{"line":76,"column":7}},"45":{"start":{"line":73,"column":8},"end":{"line":73,"column":88}},"46":{"start":{"line":74,"column":13},"end":{"line":76,"column":7}},"47":{"start":{"line":75,"column":8},"end":{"line":75,"column":83}},"48":{"start":{"line":77,"column":6},"end":{"line":77,"column":20}},"49":{"start":{"line":91,"column":20},"end":{"line":91,"column":38}},"50":{"start":{"line":92,"column":6},"end":{"line":98,"column":7}},"51":{"start":{"line":93,"column":8},"end":{"line":93,"column":77}},"52":{"start":{"line":94,"column":13},"end":{"line":98,"column":7}},"53":{"start":{"line":95,"column":8},"end":{"line":95,"column":76}},"54":{"start":{"line":96,"column":13},"end":{"line":98,"column":7}},"55":{"start":{"line":97,"column":8},"end":{"line":97,"column":84}},"56":{"start":{"line":99,"column":6},"end":{"line":99,"column":20}},"57":{"start":{"line":113,"column":19},"end":{"line":113,"column":36}},"58":{"start":{"line":114,"column":6},"end":{"line":120,"column":7}},"59":{"start":{"line":115,"column":8},"end":{"line":115,"column":76}},"60":{"start":{"line":116,"column":13},"end":{"line":120,"column":7}},"61":{"start":{"line":117,"column":8},"end":{"line":117,"column":75}},"62":{"start":{"line":118,"column":13},"end":{"line":120,"column":7}},"63":{"start":{"line":119,"column":8},"end":{"line":119,"column":84}},"64":{"start":{"line":121,"column":6},"end":{"line":121,"column":20}},"65":{"start":{"line":135,"column":18},"end":{"line":135,"column":109}},"66":{"start":{"line":136,"column":20},"end":{"line":136,"column":28}},"67":{"start":{"line":137,"column":20},"end":{"line":137,"column":28}},"68":{"start":{"line":138,"column":21},"end":{"line":138,"column":29}},"69":{"start":{"line":139,"column":29},"end":{"line":139,"column":37}},"70":{"start":{"line":142,"column":23},"end":{"line":142,"column":63}},"71":{"start":{"line":143,"column":29},"end":{"line":143,"column":31}},"72":{"start":{"line":144,"column":24},"end":{"line":144,"column":45}},"73":{"start":{"line":145,"column":6},"end":{"line":149,"column":9}},"74":{"start":{"line":146,"column":8},"end":{"line":148,"column":9}},"75":{"start":{"line":147,"column":10},"end":{"line":147,"column":40}},"76":{"start":{"line":150,"column":6},"end":{"line":160,"column":7}},"77":{"start":{"line":151,"column":8},"end":{"line":151,"column":92}},"78":{"start":{"line":152,"column":13},"end":{"line":160,"column":7}},"79":{"start":{"line":153,"column":8},"end":{"line":153,"column":102}},"80":{"start":{"line":154,"column":13},"end":{"line":160,"column":7}},"81":{"start":{"line":155,"column":8},"end":{"line":155,"column":76}},"82":{"start":{"line":156,"column":13},"end":{"line":160,"column":7}},"83":{"start":{"line":157,"column":8},"end":{"line":157,"column":76}},"84":{"start":{"line":158,"column":13},"end":{"line":160,"column":7}},"85":{"start":{"line":159,"column":8},"end":{"line":159,"column":87}},"86":{"start":{"line":161,"column":6},"end":{"line":161,"column":20}},"87":{"start":{"line":175,"column":22},"end":{"line":175,"column":42}},"88":{"start":{"line":176,"column":6},"end":{"line":182,"column":7}},"89":{"start":{"line":177,"column":8},"end":{"line":177,"column":79}},"90":{"start":{"line":178,"column":13},"end":{"line":182,"column":7}},"91":{"start":{"line":179,"column":8},"end":{"line":179,"column":78}},"92":{"start":{"line":180,"column":13},"end":{"line":182,"column":7}},"93":{"start":{"line":181,"column":8},"end":{"line":181,"column":84}},"94":{"start":{"line":183,"column":6},"end":{"line":183,"column":20}},"95":{"start":{"line":197,"column":21},"end":{"line":197,"column":38}},"96":{"start":{"line":198,"column":6},"end":{"line":202,"column":7}},"97":{"start":{"line":199,"column":8},"end":{"line":199,"column":78}},"98":{"start":{"line":200,"column":13},"end":{"line":202,"column":7}},"99":{"start":{"line":201,"column":8},"end":{"line":201,"column":117}},"100":{"start":{"line":203,"column":6},"end":{"line":203,"column":20}},"101":{"start":{"line":217,"column":18},"end":{"line":217,"column":56}},"102":{"start":{"line":218,"column":21},"end":{"line":218,"column":29}},"103":{"start":{"line":219,"column":21},"end":{"line":219,"column":29}},"104":{"start":{"line":221,"column":23},"end":{"line":221,"column":65}},"105":{"start":{"line":222,"column":29},"end":{"line":222,"column":31}},"106":{"start":{"line":223,"column":24},"end":{"line":223,"column":45}},"107":{"start":{"line":224,"column":6},"end":{"line":228,"column":9}},"108":{"start":{"line":225,"column":8},"end":{"line":227,"column":9}},"109":{"start":{"line":226,"column":10},"end":{"line":226,"column":40}},"110":{"start":{"line":229,"column":6},"end":{"line":231,"column":7}},"111":{"start":{"line":230,"column":8},"end":{"line":230,"column":92}},"112":{"start":{"line":232,"column":6},"end":{"line":232,"column":20}},"113":{"start":{"line":236,"column":2},"end":{"line":236,"column":18}},"114":{"start":{"line":239,"column":0},"end":{"line":239,"column":27}}},"fnMap":{"0":{"name":"(anonymous_0)","decl":{"start":{"line":7,"column":19},"end":{"line":7,"column":20}},"loc":{"start":{"line":7,"column":31},"end":{"line":7,"column":561}},"line":7},"1":{"name":"defineProperties","decl":{"start":{"line":7,"column":42},"end":{"line":7,"column":58}},"loc":{"start":{"line":7,"column":74},"end":{"line":7,"column":349}},"line":7},"2":{"name":"(anonymous_2)","decl":{"start":{"line":7,"column":357},"end":{"line":7,"column":358}},"loc":{"start":{"line":7,"column":405},"end":{"line":7,"column":558}},"line":7},"3":{"name":"_classCallCheck","decl":{"start":{"line":9,"column":9},"end":{"line":9,"column":24}},"loc":{"start":{"line":9,"column":48},"end":{"line":9,"column":153}},"line":9},"4":{"name":"(anonymous_4)","decl":{"start":{"line":15,"column":15},"end":{"line":15,"column":16}},"loc":{"start":{"line":15,"column":27},"end":{"line":237,"column":1}},"line":15},"5":{"name":"Validate","decl":{"start":{"line":16,"column":11},"end":{"line":16,"column":19}},"loc":{"start":{"line":16,"column":22},"end":{"line":18,"column":3}},"line":16},"6":{"name":"checkGroupName","decl":{"start":{"line":30,"column":20},"end":{"line":30,"column":34}},"loc":{"start":{"line":30,"column":51},"end":{"line":47,"column":5}},"line":30},"7":{"name":"(anonymous_7)","decl":{"start":{"line":36,"column":38},"end":{"line":36,"column":39}},"loc":{"start":{"line":36,"column":56},"end":{"line":40,"column":7}},"line":36},"8":{"name":"checkGroupUserId","decl":{"start":{"line":59,"column":20},"end":{"line":59,"column":36}},"loc":{"start":{"line":59,"column":53},"end":{"line":78,"column":5}},"line":59},"9":{"name":"checkGroupId","decl":{"start":{"line":90,"column":20},"end":{"line":90,"column":32}},"loc":{"start":{"line":90,"column":49},"end":{"line":100,"column":5}},"line":90},"10":{"name":"checkUserId","decl":{"start":{"line":112,"column":20},"end":{"line":112,"column":31}},"loc":{"start":{"line":112,"column":48},"end":{"line":122,"column":5}},"line":112},"11":{"name":"checkMessage","decl":{"start":{"line":134,"column":20},"end":{"line":134,"column":32}},"loc":{"start":{"line":134,"column":49},"end":{"line":162,"column":5}},"line":134},"12":{"name":"(anonymous_12)","decl":{"start":{"line":145,"column":38},"end":{"line":145,"column":39}},"loc":{"start":{"line":145,"column":56},"end":{"line":149,"column":7}},"line":145},"13":{"name":"checkMessageId","decl":{"start":{"line":174,"column":20},"end":{"line":174,"column":34}},"loc":{"start":{"line":174,"column":51},"end":{"line":184,"column":5}},"line":174},"14":{"name":"checkPassword","decl":{"start":{"line":196,"column":20},"end":{"line":196,"column":33}},"loc":{"start":{"line":196,"column":50},"end":{"line":204,"column":5}},"line":196},"15":{"name":"checkUserPass","decl":{"start":{"line":216,"column":20},"end":{"line":216,"column":33}},"loc":{"start":{"line":216,"column":50},"end":{"line":233,"column":5}},"line":216},"16":{"name":"(anonymous_16)","decl":{"start":{"line":224,"column":38},"end":{"line":224,"column":39}},"loc":{"start":{"line":224,"column":56},"end":{"line":228,"column":7}},"line":224}},"branchMap":{"0":{"loc":{"start":{"line":7,"column":168},"end":{"line":7,"column":198}},"type":"binary-expr","locations":[{"start":{"line":7,"column":168},"end":{"line":7,"column":189}},{"start":{"line":7,"column":193},"end":{"line":7,"column":198}}],"line":7},"1":{"loc":{"start":{"line":7,"column":232},"end":{"line":7,"column":286}},"type":"if","locations":[{"start":{"line":7,"column":232},"end":{"line":7,"column":286}},{"start":{"line":7,"column":232},"end":{"line":7,"column":286}}],"line":7},"2":{"loc":{"start":{"line":7,"column":407},"end":{"line":7,"column":475}},"type":"if","locations":[{"start":{"line":7,"column":407},"end":{"line":7,"column":475}},{"start":{"line":7,"column":407},"end":{"line":7,"column":475}}],"line":7},"3":{"loc":{"start":{"line":7,"column":476},"end":{"line":7,"column":536}},"type":"if","locations":[{"start":{"line":7,"column":476},"end":{"line":7,"column":536}},{"start":{"line":7,"column":476},"end":{"line":7,"column":536}}],"line":7},"4":{"loc":{"start":{"line":9,"column":50},"end":{"line":9,"column":151}},"type":"if","locations":[{"start":{"line":9,"column":50},"end":{"line":9,"column":151}},{"start":{"line":9,"column":50},"end":{"line":9,"column":151}}],"line":9},"5":{"loc":{"start":{"line":37,"column":8},"end":{"line":39,"column":9}},"type":"if","locations":[{"start":{"line":37,"column":8},"end":{"line":39,"column":9}},{"start":{"line":37,"column":8},"end":{"line":39,"column":9}}],"line":37},"6":{"loc":{"start":{"line":41,"column":6},"end":{"line":45,"column":7}},"type":"if","locations":[{"start":{"line":41,"column":6},"end":{"line":45,"column":7}},{"start":{"line":41,"column":6},"end":{"line":45,"column":7}}],"line":41},"7":{"loc":{"start":{"line":43,"column":13},"end":{"line":45,"column":7}},"type":"if","locations":[{"start":{"line":43,"column":13},"end":{"line":45,"column":7}},{"start":{"line":43,"column":13},"end":{"line":45,"column":7}}],"line":43},"8":{"loc":{"start":{"line":64,"column":6},"end":{"line":76,"column":7}},"type":"if","locations":[{"start":{"line":64,"column":6},"end":{"line":76,"column":7}},{"start":{"line":64,"column":6},"end":{"line":76,"column":7}}],"line":64},"9":{"loc":{"start":{"line":66,"column":13},"end":{"line":76,"column":7}},"type":"if","locations":[{"start":{"line":66,"column":13},"end":{"line":76,"column":7}},{"start":{"line":66,"column":13},"end":{"line":76,"column":7}}],"line":66},"10":{"loc":{"start":{"line":68,"column":13},"end":{"line":76,"column":7}},"type":"if","locations":[{"start":{"line":68,"column":13},"end":{"line":76,"column":7}},{"start":{"line":68,"column":13},"end":{"line":76,"column":7}}],"line":68},"11":{"loc":{"start":{"line":70,"column":13},"end":{"line":76,"column":7}},"type":"if","locations":[{"start":{"line":70,"column":13},"end":{"line":76,"column":7}},{"start":{"line":70,"column":13},"end":{"line":76,"column":7}}],"line":70},"12":{"loc":{"start":{"line":72,"column":13},"end":{"line":76,"column":7}},"type":"if","locations":[{"start":{"line":72,"column":13},"end":{"line":76,"column":7}},{"start":{"line":72,"column":13},"end":{"line":76,"column":7}}],"line":72},"13":{"loc":{"start":{"line":74,"column":13},"end":{"line":76,"column":7}},"type":"if","locations":[{"start":{"line":74,"column":13},"end":{"line":76,"column":7}},{"start":{"line":74,"column":13},"end":{"line":76,"column":7}}],"line":74},"14":{"loc":{"start":{"line":92,"column":6},"end":{"line":98,"column":7}},"type":"if","locations":[{"start":{"line":92,"column":6},"end":{"line":98,"column":7}},{"start":{"line":92,"column":6},"end":{"line":98,"column":7}}],"line":92},"15":{"loc":{"start":{"line":94,"column":13},"end":{"line":98,"column":7}},"type":"if","locations":[{"start":{"line":94,"column":13},"end":{"line":98,"column":7}},{"start":{"line":94,"column":13},"end":{"line":98,"column":7}}],"line":94},"16":{"loc":{"start":{"line":96,"column":13},"end":{"line":98,"column":7}},"type":"if","locations":[{"start":{"line":96,"column":13},"end":{"line":98,"column":7}},{"start":{"line":96,"column":13},"end":{"line":98,"column":7}}],"line":96},"17":{"loc":{"start":{"line":114,"column":6},"end":{"line":120,"column":7}},"type":"if","locations":[{"start":{"line":114,"column":6},"end":{"line":120,"column":7}},{"start":{"line":114,"column":6},"end":{"line":120,"column":7}}],"line":114},"18":{"loc":{"start":{"line":116,"column":13},"end":{"line":120,"column":7}},"type":"if","locations":[{"start":{"line":116,"column":13},"end":{"line":120,"column":7}},{"start":{"line":116,"column":13},"end":{"line":120,"column":7}}],"line":116},"19":{"loc":{"start":{"line":118,"column":13},"end":{"line":120,"column":7}},"type":"if","locations":[{"start":{"line":118,"column":13},"end":{"line":120,"column":7}},{"start":{"line":118,"column":13},"end":{"line":120,"column":7}}],"line":118},"20":{"loc":{"start":{"line":146,"column":8},"end":{"line":148,"column":9}},"type":"if","locations":[{"start":{"line":146,"column":8},"end":{"line":148,"column":9}},{"start":{"line":146,"column":8},"end":{"line":148,"column":9}}],"line":146},"21":{"loc":{"start":{"line":150,"column":6},"end":{"line":160,"column":7}},"type":"if","locations":[{"start":{"line":150,"column":6},"end":{"line":160,"column":7}},{"start":{"line":150,"column":6},"end":{"line":160,"column":7}}],"line":150},"22":{"loc":{"start":{"line":152,"column":13},"end":{"line":160,"column":7}},"type":"if","locations":[{"start":{"line":152,"column":13},"end":{"line":160,"column":7}},{"start":{"line":152,"column":13},"end":{"line":160,"column":7}}],"line":152},"23":{"loc":{"start":{"line":154,"column":13},"end":{"line":160,"column":7}},"type":"if","locations":[{"start":{"line":154,"column":13},"end":{"line":160,"column":7}},{"start":{"line":154,"column":13},"end":{"line":160,"column":7}}],"line":154},"24":{"loc":{"start":{"line":156,"column":13},"end":{"line":160,"column":7}},"type":"if","locations":[{"start":{"line":156,"column":13},"end":{"line":160,"column":7}},{"start":{"line":156,"column":13},"end":{"line":160,"column":7}}],"line":156},"25":{"loc":{"start":{"line":158,"column":13},"end":{"line":160,"column":7}},"type":"if","locations":[{"start":{"line":158,"column":13},"end":{"line":160,"column":7}},{"start":{"line":158,"column":13},"end":{"line":160,"column":7}}],"line":158},"26":{"loc":{"start":{"line":176,"column":6},"end":{"line":182,"column":7}},"type":"if","locations":[{"start":{"line":176,"column":6},"end":{"line":182,"column":7}},{"start":{"line":176,"column":6},"end":{"line":182,"column":7}}],"line":176},"27":{"loc":{"start":{"line":178,"column":13},"end":{"line":182,"column":7}},"type":"if","locations":[{"start":{"line":178,"column":13},"end":{"line":182,"column":7}},{"start":{"line":178,"column":13},"end":{"line":182,"column":7}}],"line":178},"28":{"loc":{"start":{"line":180,"column":13},"end":{"line":182,"column":7}},"type":"if","locations":[{"start":{"line":180,"column":13},"end":{"line":182,"column":7}},{"start":{"line":180,"column":13},"end":{"line":182,"column":7}}],"line":180},"29":{"loc":{"start":{"line":198,"column":6},"end":{"line":202,"column":7}},"type":"if","locations":[{"start":{"line":198,"column":6},"end":{"line":202,"column":7}},{"start":{"line":198,"column":6},"end":{"line":202,"column":7}}],"line":198},"30":{"loc":{"start":{"line":200,"column":13},"end":{"line":202,"column":7}},"type":"if","locations":[{"start":{"line":200,"column":13},"end":{"line":202,"column":7}},{"start":{"line":200,"column":13},"end":{"line":202,"column":7}}],"line":200},"31":{"loc":{"start":{"line":225,"column":8},"end":{"line":227,"column":9}},"type":"if","locations":[{"start":{"line":225,"column":8},"end":{"line":227,"column":9}},{"start":{"line":225,"column":8},"end":{"line":227,"column":9}}],"line":225},"32":{"loc":{"start":{"line":229,"column":6},"end":{"line":231,"column":7}},"type":"if","locations":[{"start":{"line":229,"column":6},"end":{"line":231,"column":7}},{"start":{"line":229,"column":6},"end":{"line":231,"column":7}}],"line":229}},"s":{"0":1,"1":1,"2":1,"3":8,"4":8,"5":8,"6":8,"7":8,"8":8,"9":1,"10":1,"11":0,"12":1,"13":1,"14":1,"15":0,"16":0,"17":1,"18":0,"19":1,"20":4,"21":4,"22":4,"23":4,"24":4,"25":4,"26":8,"27":1,"28":4,"29":1,"30":3,"31":1,"32":2,"33":7,"34":7,"35":7,"36":7,"37":0,"38":7,"39":1,"40":6,"41":1,"42":5,"43":1,"44":4,"45":1,"46":3,"47":0,"48":3,"49":7,"50":7,"51":0,"52":7,"53":1,"54":6,"55":2,"56":4,"57":1,"58":1,"59":0,"60":1,"61":0,"62":1,"63":0,"64":1,"65":7,"66":7,"67":7,"68":7,"69":7,"70":7,"71":7,"72":7,"73":7,"74":14,"75":1,"76":7,"77":1,"78":6,"79":1,"80":5,"81":1,"82":4,"83":1,"84":3,"85":1,"86":2,"87":0,"88":0,"89":0,"90":0,"91":0,"92":0,"93":0,"94":0,"95":9,"96":9,"97":1,"98":8,"99":2,"100":6,"101":7,"102":7,"103":7,"104":7,"105":7,"106":7,"107":7,"108":14,"109":2,"110":7,"111":2,"112":5,"113":1,"114":1},"f":{"0":1,"1":1,"2":1,"3":0,"4":1,"5":0,"6":4,"7":8,"8":7,"9":7,"10":1,"11":7,"12":14,"13":0,"14":9,"15":7,"16":14},"b":{"0":[8,8],"1":[8,0],"2":[0,1],"3":[1,0],"4":[0,0],"5":[1,7],"6":[1,3],"7":[1,2],"8":[0,7],"9":[1,6],"10":[1,5],"11":[1,4],"12":[1,3],"13":[0,3],"14":[0,7],"15":[1,6],"16":[2,4],"17":[0,1],"18":[0,1],"19":[0,1],"20":[1,13],"21":[1,6],"22":[1,5],"23":[1,4],"24":[1,3],"25":[1,2],"26":[0,0],"27":[0,0],"28":[0,0],"29":[1,8],"30":[2,6],"31":[2,12],"32":[2,5]},"_coverageSchema":"332fd63041d2c1bcb487cc26dd0d5f7d97098a6c","hash":"aad814e961c9a11183c7d365d3cd6fe0c300c382","contentHash":"b00b5b549617789307793a1ddfe1a1cb_11.1.0"}}